ecurr = -10, pn_right = -3.293751768e+20, pn_left = 4.913524784e+20, f = -5.06693004
ecurr = -9.99, pn_right = -3.21684086e+20, pn_left = 4.803271495e+20, f = -5.055444706
ecurr = -9.98, pn_right = -3.14152938e+20, pn_left = 4.695380886e+20, f = -5.043538737
ecurr = -9.97, pn_right = -3.06779077e+20, pn_left = 4.589808775e+20, f = -5.031214822
ecurr = -9.96, pn_right = -2.995598663e+20, pn_left = 4.486511591e+20, f = -5.01847567
ecurr = -9.95, pn_right = -2.924926891e+20, pn_left = 4.38544638e+20, f = -5.005324013
ecurr = -9.94, pn_right = -2.855749492e+20, pn_left = 4.286570799e+20, f = -4.991762601
ecurr = -9.93, pn_right = -2.788040724e+20, pn_left = 4.18984312e+20, f = -4.977794208
ecurr = -9.92, pn_right = -2.721775072e+20, pn_left = 4.095222225e+20, f = -4.963421626
ecurr = -9.91, pn_right = -2.656927254e+20, pn_left = 4.002667607e+20, f = -4.948647667
ecurr = -9.9, pn_right = -2.593472227e+20, pn_left = 3.91213937e+20, f = -4.933475163
ecurr = -9.89, pn_right = -2.5313852e+20, pn_left = 3.823598223e+20, f = -4.917906965
ecurr = -9.88, pn_right = -2.470641634e+20, pn_left = 3.73700548e+20, f = -4.901945941
ecurr = -9.87, pn_right = -2.411217249e+20, pn_left = 3.652323057e+20, f = -4.88559498
ecurr = -9.86, pn_right = -2.353088029e+20, pn_left = 3.569513469e+20, f = -4.868856987
ecurr = -9.85, pn_right = -2.296230231e+20, pn_left = 3.488539826e+20, f = -4.851734884
ecurr = -9.84, pn_right = -2.240620381e+20, pn_left = 3.409365833e+20, f = -4.834231613
ecurr = -9.83, pn_right = -2.186235284e+20, pn_left = 3.331955782e+20, f = -4.81635013
ecurr = -9.82, pn_right = -2.133052026e+20, pn_left = 3.256274547e+20, f = -4.798093409
ecurr = -9.81, pn_right = -2.081047976e+20, pn_left = 3.182287588e+20, f = -4.779464439
ecurr = -9.8, pn_right = -2.030200788e+20, pn_left = 3.109960938e+20, f = -4.760466225
ecurr = -9.79, pn_right = -1.980488404e+20, pn_left = 3.039261202e+20, f = -4.741101789
ecurr = -9.78, pn_right = -1.931889058e+20, pn_left = 2.970155554e+20, f = -4.721374166
ecurr = -9.77, pn_right = -1.884381273e+20, pn_left = 2.902611729e+20, f = -4.701286407
ecurr = -9.76, pn_right = -1.837943867e+20, pn_left = 2.836598022e+20, f = -4.680841576
ecurr = -9.75, pn_right = -1.792555949e+20, pn_left = 2.772083277e+20, f = -4.660042752
ecurr = -9.74, pn_right = -1.748196924e+20, pn_left = 2.709036888e+20, f = -4.638893027
ecurr = -9.73, pn_right = -1.704846491e+20, pn_left = 2.647428793e+20, f = -4.617395508
ecurr = -9.72, pn_right = -1.662484645e+20, pn_left = 2.587229463e+20, f = -4.595553312
ecurr = -9.71, pn_right = -1.621091675e+20, pn_left = 2.528409903e+20, f = -4.573369572
ecurr = -9.7, pn_right = -1.580648163e+20, pn_left = 2.470941646e+20, f = -4.55084743
ecurr = -9.69, pn_right = -1.541134986e+20, pn_left = 2.414796741e+20, f = -4.527990042
ecurr = -9.68, pn_right = -1.502533315e+20, pn_left = 2.359947757e+20, f = -4.504800575
ecurr = -9.67, pn_right = -1.464824612e+20, pn_left = 2.30636777e+20, f = -4.481282208
ecurr = -9.66, pn_right = -1.42799063e+20, pn_left = 2.25403036e+20, f = -4.457438129
ecurr = -9.65, pn_right = -1.392013413e+20, pn_left = 2.202909607e+20, f = -4.433271539
ecurr = -9.64, pn_right = -1.356875291e+20, pn_left = 2.152980082e+20, f = -4.408785647
ecurr = -9.63, pn_right = -1.322558885e+20, pn_left = 2.104216844e+20, f = -4.383983673
ecurr = -9.62, pn_right = -1.289047097e+20, pn_left = 2.056595433e+20, f = -4.358868848
ecurr = -9.61, pn_right = -1.256323115e+20, pn_left = 2.010091866e+20, f = -4.33344441
ecurr = -9.6, pn_right = -1.224370406e+20, pn_left = 1.964682629e+20, f = -4.307713607
ecurr = -9.59, pn_right = -1.193172719e+20, pn_left = 1.920344673e+20, f = -4.281679696
ecurr = -9.58, pn_right = -1.162714077e+20, pn_left = 1.877055409e+20, f = -4.255345941
ecurr = -9.57, pn_right = -1.132978781e+20, pn_left = 1.834792701e+20, f = -4.228715616
ecurr = -9.56, pn_right = -1.103951402e+20, pn_left = 1.793534861e+20, f = -4.201792001
ecurr = -9.55, pn_right = -1.075616781e+20, pn_left = 1.753260645e+20, f = -4.174578384
ecurr = -9.54, pn_right = -1.047960028e+20, pn_left = 1.713949247e+20, f = -4.14707806
ecurr = -9.53, pn_right = -1.020966517e+20, pn_left = 1.675580292e+20, f = -4.119294331
ecurr = -9.52, pn_right = -9.946218844e+19, pn_left = 1.638133834e+20, f = -4.091230506
ecurr = -9.51, pn_right = -9.689120245e+19, pn_left = 1.601590349e+20, f = -4.062889898
ecurr = -9.5, pn_right = -9.438230898e+19, pn_left = 1.565930731e+20, f = -4.034275829
ecurr = -9.49, pn_right = -9.193414858e+19, pn_left = 1.531136287e+20, f = -4.005391624
ecurr = -9.48, pn_right = -8.954538691e+19, pn_left = 1.497188732e+20, f = -3.976240614
ecurr = -9.47, pn_right = -8.72147144e+19, pn_left = 1.464070185e+20, f = -3.946826136
ecurr = -9.46, pn_right = -8.494084596e+19, pn_left = 1.431763165e+20, f = -3.91715153
ecurr = -9.45, pn_right = -8.272252072e+19, pn_left = 1.400250586e+20, f = -3.887220142
ecurr = -9.44, pn_right = -8.055850166e+19, pn_left = 1.369515753e+20, f = -3.857035321
ecurr = -9.43, pn_right = -7.844757536e+19, pn_left = 1.339542362e+20, f = -3.82660042
ecurr = -9.42, pn_right = -7.638855167e+19, pn_left = 1.310314489e+20, f = -3.795918795
ecurr = -9.41, pn_right = -7.43802634e+19, pn_left = 1.281816594e+20, f = -3.764993807
ecurr = -9.4, pn_right = -7.2421566e+19, pn_left = 1.254033515e+20, f = -3.733828818
ecurr = -9.39, pn_right = -7.051133726e+19, pn_left = 1.226950464e+20, f = -3.702427193
ecurr = -9.38, pn_right = -6.8648477e+19, pn_left = 1.200553026e+20, f = -3.670792302
ecurr = -9.37, pn_right = -6.683190675e+19, pn_left = 1.174827158e+20, f = -3.638927512
ecurr = -9.36, pn_right = -6.506056942e+19, pn_left = 1.149759185e+20, f = -3.606836197
ecurr = -9.35, pn_right = -6.333342903e+19, pn_left = 1.125335801e+20, f = -3.574521729
ecurr = -9.34, pn_right = -6.164947034e+19, pn_left = 1.101544065e+20, f = -3.541987483
ecurr = -9.33, pn_right = -6.000769857e+19, pn_left = 1.078371404e+20, f = -3.509236834
ecurr = -9.32, pn_right = -5.840713909e+19, pn_left = 1.055805609e+20, f = -3.47627316
ecurr = -9.31, pn_right = -5.68468371e+19, pn_left = 1.033834839e+20, f = -3.443099837
ecurr = -9.3, pn_right = -5.532585732e+19, pn_left = 1.012447622e+20, f = -3.409720242
ecurr = -9.29, pn_right = -5.384328366e+19, pn_left = 9.916328552e+19, f = -3.376137751
ecurr = -9.28, pn_right = -5.239821895e+19, pn_left = 9.713798072e+19, f = -3.342355743
ecurr = -9.27, pn_right = -5.098978462e+19, pn_left = 9.516781233e+19, f = -3.308377592
ecurr = -9.26, pn_right = -4.961712038e+19, pn_left = 9.325178289e+19, f = -3.274206675
ecurr = -9.25, pn_right = -4.827938393e+19, pn_left = 9.138893347e+19, f = -3.239846365
ecurr = -9.24, pn_right = -4.697575066e+19, pn_left = 8.95783443e+19, f = -3.205300037
ecurr = -9.23, pn_right = -4.570541335e+19, pn_left = 8.781913558e+19, f = -3.17057106
ecurr = -9.22, pn_right = -4.446758187e+19, pn_left = 8.611046836e+19, f = -3.135662805
ecurr = -9.21, pn_right = -4.32614829e+19, pn_left = 8.445154559e+19, f = -3.100578639
ecurr = -9.2, pn_right = -4.208635962e+19, pn_left = 8.284161338e+19, f = -3.065321928
ecurr = -9.19, pn_right = -4.094147144e+19, pn_left = 8.127996243e+19, f = -3.029896034
ecurr = -9.18, pn_right = -3.982609367e+19, pn_left = 7.976592967e+19, f = -2.994304317
ecurr = -9.17, pn_right = -3.873951733e+19, pn_left = 7.829890021e+19, f = -2.958550134
ecurr = -9.16, pn_right = -3.768104876e+19, pn_left = 7.687830951e+19, f = -2.922636839
ecurr = -9.15, pn_right = -3.665000942e+19, pn_left = 7.550364591e+19, f = -2.886567782
ecurr = -9.14, pn_right = -3.564573557e+19, pn_left = 7.417445355e+19, f = -2.85034631
ecurr = -9.13, pn_right = -3.466757804e+19, pn_left = 7.289033573e+19, f = -2.813975764
ecurr = -9.12, pn_right = -3.371490194e+19, pn_left = 7.165095869e+19, f = -2.777459484
ecurr = -9.11, pn_right = -3.278708636e+19, pn_left = 7.045605607e+19, f = -2.740800803
ecurr = -9.1, pn_right = -3.188352418e+19, pn_left = 6.930543392e+19, f = -2.704003051
ecurr = -9.09, pn_right = -3.100362176e+19, pn_left = 6.819897661e+19, f = -2.667069551
ecurr = -9.08, pn_right = -3.014679869e+19, pn_left = 6.713665349e+19, f = -2.630003624
ecurr = -9.07, pn_right = -2.931248756e+19, pn_left = 6.611852673e+19, f = -2.592808583
ecurr = -9.06, pn_right = -2.850013368e+19, pn_left = 6.51447603e+19, f = -2.555487738
ecurr = -9.05, pn_right = -2.770919488e+19, pn_left = 6.421563046e+19, f = -2.518044391
ecurr = -9.04, pn_right = -2.69391412e+19, pn_left = 6.333153793e+19, f = -2.480481838
ecurr = -9.03, pn_right = -2.618945472e+19, pn_left = 6.249302211e+19, f = -2.442803372
ecurr = -9.02, pn_right = -2.545962928e+19, pn_left = 6.17007778e+19, f = -2.405012276
ecurr = -9.01, pn_right = -2.474917026e+19, pn_left = 6.095567473e+19, f = -2.367111828
ecurr = -9, pn_right = -2.405759435e+19, pn_left = 6.025878076e+19, f = -2.3291053
ecurr = -8.99, pn_right = -2.338442935e+19, pn_left = 5.961138926e+19, f = -2.290995955
ecurr = -8.98, pn_right = -2.27292139e+19, pn_left = 5.901505173e+19, f = -2.252787052
ecurr = -8.97, pn_right = -2.209149728e+19, pn_left = 5.847161689e+19, f = -2.214481839
ecurr = -8.96, pn_right = -2.147083922e+19, pn_left = 5.798327758e+19, f = -2.176083559
ecurr = -8.95, pn_right = -2.086680966e+19, pn_left = 5.755262751e+19, f = -2.137595446
ecurr = -8.94, pn_right = -2.027898855e+19, pn_left = 5.718273029e+19, f = -2.099020728
ecurr = -8.93, pn_right = -1.970696563e+19, pn_left = 5.687720387e+19, f = -2.060362621
ecurr = -8.92, pn_right = -1.915034025e+19, pn_left = 5.664032468e+19, f = -2.021624337
ecurr = -8.91, pn_right = -1.860872117e+19, pn_left = 5.647715685e+19, f = -1.982809077
ecurr = -8.9, pn_right = -1.808172633e+19, pn_left = 5.639371394e+19, f = -1.943920034
ecurr = -8.89, pn_right = -1.756898271e+19, pn_left = 5.639716317e+19, f = -1.904960392
ecurr = -8.88, pn_right = -1.70701261e+19, pn_left = 5.649608553e+19, f = -1.865933327
ecurr = -8.87, pn_right = -1.658480092e+19, pn_left = 5.670081069e+19, f = -1.826842003
ecurr = -8.86, pn_right = -1.611266006e+19, pn_left = 5.702385284e+19, f = -1.787689577
ecurr = -8.85, pn_right = -1.565336467e+19, pn_left = 5.748048493e+19, f = -1.748479196
ecurr = -8.84, pn_right = -1.520658401e+19, pn_left = 5.808950526e+19, f = -1.709213998
ecurr = -8.83, pn_right = -1.477199524e+19, pn_left = 5.887427618e+19, f = -1.669897108
ecurr = -8.82, pn_right = -1.43492833e+19, pn_left = 5.986415441e+19, f = -1.630531646
ecurr = -8.81, pn_right = -1.393814069e+19, pn_left = 6.109649704e+19, f = -1.591120716
ecurr = -8.8, pn_right = -1.353826736e+19, pn_left = 6.261953247e+19, f = -1.551667417
ecurr = -8.79, pn_right = -1.31493705e+19, pn_left = 6.449656549e+19, f = -1.512174832
ecurr = -8.78, pn_right = -1.277116438e+19, pn_left = 6.681230019e+19, f = -1.472646039
ecurr = -8.77, pn_right = -1.240337027e+19, pn_left = 6.968263896e+19, f = -1.4330841
ecurr = -8.76, pn_right = -1.204571616e+19, pn_left = 7.32704122e+19, f = -1.393492069
ecurr = -8.75, pn_right = -1.169793675e+19, pn_left = 7.781169587e+19, f = -1.353872988
ecurr = -8.74, pn_right = -1.135977318e+19, pn_left = 8.366208199e+19, f = -1.314229888
ecurr = -8.73, pn_right = -1.103097298e+19, pn_left = 9.138310368e+19, f = -1.274565786
ecurr = -8.72, pn_right = -1.071128985e+19, pn_left = 1.019163433e+20, f = -1.234883692
ecurr = -8.71, pn_right = -1.040048359e+19, pn_left = 1.169701311e+20, f = -1.1951866
ecurr = -8.7, pn_right = -1.009831991e+19, pn_left = 1.39999049e+20, f = -1.155477494
ecurr = -8.69, pn_right = -9.804570333e+18, pn_left = 1.792003166e+20, f = -1.115759345
ecurr = -8.68, pn_right = -9.519012041e+18, pn_left = 2.599036478e+20, f = -1.076035113
ecurr = -8.67, pn_right = -9.241427756e+18, pn_left = 5.183023979e+20, f = -1.036307744
ecurr = -8.66, pn_right = -8.971605613e+18, pn_left = -5.237847009e+21, f = -0.9965801731
ecurr = -8.65, pn_right = -8.709339036e+18, pn_left = -3.950178088e+20, f = -0.9568553213
ecurr = -8.64, pn_right = -8.454426615e+18, pn_left = -1.956012929e+20, f = -0.9171360976
ecurr = -8.63, pn_right = -8.206671989e+18, pn_left = -1.256982617e+20, f = -0.8774253978
ecurr = -8.62, pn_right = -7.96588373e+18, pn_left = -9.021236875e+19, f = -0.8377261047
ecurr = -8.61, pn_right = -7.731875229e+18, pn_left = -6.883691942e+19, f = -0.798041088
ecurr = -8.6, pn_right = -7.504464583e+18, pn_left = -5.461169724e+19, f = -0.7583732039
ecurr = -8.59, pn_right = -7.283474485e+18, pn_left = -4.450557274e+19, f = -0.7187252952
ecurr = -8.58, pn_right = -7.068732121e+18, pn_left = -3.69869633e+19, f = -0.6791001911
ecurr = -8.57, pn_right = -6.860069059e+18, pn_left = -3.119864115e+19, f = -0.6395007071
ecurr = -8.56, pn_right = -6.65732115e+18, pn_left = -2.662343093e+19, f = -0.599929645
ecurr = -8.55, pn_right = -6.46032843e+18, pn_left = -2.293083819e+19, f = -0.5603897925
ecurr = -8.54, pn_right = -6.268935013e+18, pn_left = -1.989981747e+19, f = -0.5208839232
ecurr = -8.53, pn_right = -6.082989002e+18, pn_left = -1.737695148e+19, f = -0.4814147966
ecurr = -8.52, pn_right = -5.902342394e+18, pn_left = -1.5252444e+19, f = -0.4419851581
ecurr = -8.51, pn_right = -5.726850982e+18, pn_left = -1.34456609e+19, f = -0.4025977383
ecurr = -8.5, pn_right = -5.55637427e+18, pn_left = -1.189606425e+19, f = -0.3632552536
ecurr = -8.49, pn_right = -5.390775383e+18, pn_left = -1.05573301e+19, f = -0.3239604056
ecurr = -8.48, pn_right = -5.229920977e+18, pn_left = -9.393417749e+18, f = -0.2847158812
ecurr = -8.47, pn_right = -5.073681161e+18, pn_left = -8.375874643e+18, f = -0.2455243526
ecurr = -8.46, pn_right = -4.921929408e+18, pn_left = -7.481946454e+18, f = -0.2063884768
ecurr = -8.45, pn_right = -4.774542474e+18, pn_left = -6.693224912e+18, f = -0.1673108961
ecurr = -8.44, pn_right = -4.631400324e+18, pn_left = -5.994663015e+18, f = -0.1282942373
ecurr = -8.43, pn_right = -4.492386047e+18, pn_left = -5.373846209e+18, f = -0.08934111212
ecurr = -8.42, pn_right = -4.357385786e+18, pn_left = -4.820445142e+18, f = -0.05045411698
ecurr = -8.41, pn_right = -4.226288661e+18, pn_left = -4.325799327e+18, f = -0.01163583277
ecurr = -8.4, pn_right = -4.098986696e+18, pn_left = -3.882596594e+18, f = 0.02711117509
ecurr = -8.405, pn_right = -4.162169921e+18, pn_left = -4.098179141e+18, f = 0.007746740427
ecurr = -8.41, pn_right = -4.226288661e+18, pn_left = -4.325799327e+18, f = -0.01163583277
ecurr = -8.4075, pn_right = -4.194111529e+18, pn_left = -4.210435671e+18, f = -0.001942298783
ecurr = -8.405, pn_right = -4.162169921e+18, pn_left = -4.098179141e+18, f = 0.007746740427
ecurr = -8.40625, pn_right = -4.178111387e+18, pn_left = -4.153925275e+18, f = 0.002902785163
ecurr = -8.4075, pn_right = -4.194111529e+18, pn_left = -4.210435671e+18, f = -0.001942298783
ecurr = -8.40875, pn_right = -4.210170551e+18, pn_left = -4.267722784e+18, f = -0.006788506425
ecurr = -8.408125, pn_right = -4.202133667e+18, pn_left = -4.238981349e+18, f = -0.004365262454
ecurr = -8.4075, pn_right = -4.194111529e+18, pn_left = -4.210435671e+18, f = -0.001942298783
ecurr = -8.406875, pn_right = -4.186104111e+18, pn_left = -4.182084167e+18, f = 0.0004803839635
ecurr = -8.40625, pn_right = -4.178111387e+18, pn_left = -4.153925275e+18, f = 0.002902785163
ecurr = -8.4065625, pn_right = -4.182105914e+18, pn_left = -4.167980742e+18, f = 0.001691619795
ecurr = -8.406875, pn_right = -4.186104111e+18, pn_left = -4.182084167e+18, f = 0.0004803839635
ecurr = -8.4071875, pn_right = -4.190105981e+18, pn_left = -4.196235745e+18, f = -0.0007309222554
ecurr = -8.40703125, pn_right = -4.188104587e+18, pn_left = -4.189153925e+18, f = -0.0001252603525
ecurr = -8.406875, pn_right = -4.186104111e+18, pn_left = -4.182084167e+18, f = 0.0004803839635
ecurr = -8.406953125, pn_right = -4.187104234e+18, pn_left = -4.18561754e+18, f = 0.0001775640045
ecurr = -8.40703125, pn_right = -4.188104587e+18, pn_left = -4.189153925e+18, f = -0.0001252603525
ecurr = -8.407109375, pn_right = -4.189105169e+18, pn_left = -4.192693326e+18, f = -0.0004280891062
ecurr = -8.407070313, pn_right = -4.188604849e+18, pn_left = -4.190923248e+18, f = -0.0002766741798
ecurr = -8.40703125, pn_right = -4.188104587e+18, pn_left = -4.189153925e+18, f = -0.0001252603525
ecurr = -8.406992188, pn_right = -4.187604382e+18, pn_left = -4.187385356e+18, f = 2.615237569e-05
ecurr = -8.406953125, pn_right = -4.187104234e+18, pn_left = -4.18561754e+18, f = 0.0001775640045
ecurr = -8.406972656, pn_right = -4.187354301e+18, pn_left = -4.186501354e+18, f = 0.0001018583275
ecurr = -8.406992188, pn_right = -4.187604382e+18, pn_left = -4.187385356e+18, f = 2.615237569e-05
ecurr = -8.407011719, pn_right = -4.187854477e+18, pn_left = -4.188269546e+18, f = -4.955385097e-05
ecurr = -8.407001953, pn_right = -4.187729428e+18, pn_left = -4.187827427e+18, f = -1.170070329e-05
ecurr = -8.406992188, pn_right = -4.187604382e+18, pn_left = -4.187385356e+18, f = 2.615237569e-05
ecurr = -8.40699707, pn_right = -4.187666904e+18, pn_left = -4.187606386e+18, f = 7.225844789e-06
ecurr = -8.407001953, pn_right = -4.187729428e+18, pn_left = -4.187827427e+18, f = -1.170070329e-05
ecurr = -8.406999512, pn_right = -4.187698166e+18, pn_left = -4.187716905e+18, f = -2.237427094e-06
ecurr = -8.40699707, pn_right = -4.187666904e+18, pn_left = -4.187606386e+18, f = 7.225844798e-06
ecurr = -8.406998291, pn_right = -4.187682535e+18, pn_left = -4.187661645e+18, f = 2.49420939e-06
ecurr = -8.406999512, pn_right = -4.187698166e+18, pn_left = -4.187716905e+18, f = -2.237427079e-06
ecurr = -8.407000732, pn_right = -4.187713797e+18, pn_left = -4.187772166e+18, f = -6.969064643e-06
ecurr = -8.407000122, pn_right = -4.187705981e+18, pn_left = -4.187744535e+18, f = -4.60324573e-06
ecurr = -8.406999512, pn_right = -4.187698166e+18, pn_left = -4.187716905e+18, f = -2.237427084e-06
ecurr = -8.406998901, pn_right = -4.18769035e+18, pn_left = -4.187689275e+18, f = 1.283912976e-07
it = 198, e = -8.4069989, de = 6.10351563e-07, f = -2.23742708e-06
Normalizing...
norm = 1.09204665e+37
<T> = 6.5023045
