ecurr = -6, pn_right = -8.567091974e+14, pn_left = 4.951313436e+14, f = 3.738726049
ecurr = -5.99, pn_right = -8.223622224e+14, pn_left = 4.74362325e+14, f = 3.726221063
ecurr = -5.98, pn_right = -7.893444298e+14, pn_left = 4.54416484e+14, f = 3.713517876
ecurr = -5.97, pn_right = -7.576061391e+14, pn_left = 4.352629063e+14, f = 3.700617615
ecurr = -5.96, pn_right = -7.270994635e+14, pn_left = 4.168717762e+14, f = 3.687521413
ecurr = -5.95, pn_right = -6.977782473e+14, pn_left = 3.992143401e+14, f = 3.67423041
ecurr = -5.94, pn_right = -6.695980055e+14, pn_left = 3.822628704e+14, f = 3.660745755
ecurr = -5.93, pn_right = -6.425158653e+14, pn_left = 3.659906318e+14, f = 3.647068603
ecurr = -5.92, pn_right = -6.164905099e+14, pn_left = 3.503718471e+14, f = 3.633200117
ecurr = -5.91, pn_right = -5.914821236e+14, pn_left = 3.353816653e+14, f = 3.619141468
ecurr = -5.9, pn_right = -5.674523398e+14, pn_left = 3.209961302e+14, f = 3.604893833
ecurr = -5.89, pn_right = -5.443641893e+14, pn_left = 3.071921501e+14, f = 3.590458395
ecurr = -5.88, pn_right = -5.221820518e+14, pn_left = 2.939474681e+14, f = 3.575836347
ecurr = -5.87, pn_right = -5.008716079e+14, pn_left = 2.812406341e+14, f = 3.561028886
ecurr = -5.86, pn_right = -4.803997938e+14, pn_left = 2.690509769e+14, f = 3.546037217
ecurr = -5.85, pn_right = -4.607347562e+14, pn_left = 2.573585774e+14, f = 3.530862553
ecurr = -5.84, pn_right = -4.418458102e+14, pn_left = 2.461442434e+14, f = 3.51550611
ecurr = -5.83, pn_right = -4.237033975e+14, pn_left = 2.353894839e+14, f = 3.499969114
ecurr = -5.82, pn_right = -4.062790469e+14, pn_left = 2.250764852e+14, f = 3.484252796
ecurr = -5.81, pn_right = -3.895453351e+14, pn_left = 2.151880876e+14, f = 3.468358393
ecurr = -5.8, pn_right = -3.734758499e+14, pn_left = 2.057077625e+14, f = 3.45228715
ecurr = -5.79, pn_right = -3.580451543e+14, pn_left = 1.966195906e+14, f = 3.436040315
ecurr = -5.78, pn_right = -3.432287514e+14, pn_left = 1.879082407e+14, f = 3.419619145
ecurr = -5.77, pn_right = -3.290030511e+14, pn_left = 1.795589492e+14, f = 3.403024903
ecurr = -5.76, pn_right = -3.153453375e+14, pn_left = 1.715575001e+14, f = 3.386258855
ecurr = -5.75, pn_right = -3.02233738e+14, pn_left = 1.638902061e+14, f = 3.369322277
ecurr = -5.74, pn_right = -2.896471927e+14, pn_left = 1.565438894e+14, f = 3.352216446
ecurr = -5.73, pn_right = -2.775654253e+14, pn_left = 1.495058647e+14, f = 3.334942649
ecurr = -5.72, pn_right = -2.659689153e+14, pn_left = 1.427639211e+14, f = 3.317502175
ecurr = -5.71, pn_right = -2.548388706e+14, pn_left = 1.363063054e+14, f = 3.299896322
ecurr = -5.7, pn_right = -2.44157201e+14, pn_left = 1.301217062e+14, f = 3.282126391
ecurr = -5.69, pn_right = -2.339064934e+14, pn_left = 1.241992378e+14, f = 3.264193689
ecurr = -5.68, pn_right = -2.24069987e+14, pn_left = 1.185284256e+14, f = 3.246099527
ecurr = -5.67, pn_right = -2.146315499e+14, pn_left = 1.130991907e+14, f = 3.227845223
ecurr = -5.66, pn_right = -2.055756561e+14, pn_left = 1.079018363e+14, f = 3.2094321
ecurr = -5.65, pn_right = -1.968873638e+14, pn_left = 1.029270339e+14, f = 3.190861485
ecurr = -5.64, pn_right = -1.885522943e+14, pn_left = 9.816580997e+13, f = 3.17213471
ecurr = -5.63, pn_right = -1.80556611e+14, pn_left = 9.360953305e+13, f = 3.153253112
ecurr = -5.62, pn_right = -1.728870001e+14, pn_left = 8.924990176e+13, f = 3.134218033
ecurr = -5.61, pn_right = -1.655306516e+14, pn_left = 8.507893258e+13, f = 3.115030818
ecurr = -5.6, pn_right = -1.584752406e+14, pn_left = 8.108894845e+13, f = 3.09569282
ecurr = -5.59, pn_right = -1.517089098e+14, pn_left = 7.727256761e+13, f = 3.076205394
ecurr = -5.58, pn_right = -1.452202524e+14, pn_left = 7.362269286e+13, f = 3.056569898
ecurr = -5.57, pn_right = -1.389982953e+14, pn_left = 7.013250119e+13, f = 3.036787698
ecurr = -5.56, pn_right = -1.330324838e+14, pn_left = 6.679543372e+13, f = 3.016860162
ecurr = -5.55, pn_right = -1.273126653e+14, pn_left = 6.36051861e+13, f = 2.996788662
ecurr = -5.54, pn_right = -1.218290756e+14, pn_left = 6.055569909e+13, f = 2.976574574
ecurr = -5.53, pn_right = -1.165723238e+14, pn_left = 5.764114957e+13, f = 2.95621928
ecurr = -5.52, pn_right = -1.115333786e+14, pn_left = 5.485594188e+13, f = 2.935724162
ecurr = -5.51, pn_right = -1.067035555e+14, pn_left = 5.219469934e+13, f = 2.915090611
ecurr = -5.5, pn_right = -1.020745035e+14, pn_left = 4.965225619e+13, f = 2.894320017
ecurr = -5.49, pn_right = -9.763819285e+13, pn_left = 4.722364976e+13, f = 2.873413775
ecurr = -5.48, pn_right = -9.338690332e+13, pn_left = 4.490411291e+13, f = 2.852373286
ecurr = -5.47, pn_right = -8.93132125e+13, pn_left = 4.268906674e+13, f = 2.831199952
ecurr = -5.46, pn_right = -8.540998481e+13, pn_left = 4.057411357e+13, f = 2.809895178
ecurr = -5.45, pn_right = -8.167036079e+13, pn_left = 3.855503017e+13, f = 2.788460374
ecurr = -5.44, pn_right = -7.808774683e+13, pn_left = 3.662776116e+13, f = 2.766896952
ecurr = -5.43, pn_right = -7.465580522e+13, pn_left = 3.478841279e+13, f = 2.745206329
ecurr = -5.42, pn_right = -7.136844456e+13, pn_left = 3.303324677e+13, f = 2.723389922
ecurr = -5.41, pn_right = -6.821981059e+13, pn_left = 3.135867444e+13, f = 2.701449153
ecurr = -5.4, pn_right = -6.520427723e+13, pn_left = 2.976125113e+13, f = 2.679385448
ecurr = -5.39, pn_right = -6.231643805e+13, pn_left = 2.823767064e+13, f = 2.657200233
ecurr = -5.38, pn_right = -5.955109801e+13, pn_left = 2.678476005e+13, f = 2.634894939
ecurr = -5.37, pn_right = -5.690326547e+13, pn_left = 2.539947458e+13, f = 2.612470998
ecurr = -5.36, pn_right = -5.436814455e+13, pn_left = 2.407889274e+13, f = 2.589929847
ecurr = -5.35, pn_right = -5.194112769e+13, pn_left = 2.282021162e+13, f = 2.567272923
ecurr = -5.34, pn_right = -4.961778858e+13, pn_left = 2.162074231e+13, f = 2.544501666
ecurr = -5.33, pn_right = -4.739387526e+13, pn_left = 2.047790554e+13, f = 2.52161752
ecurr = -5.32, pn_right = -4.526530351e+13, pn_left = 1.938922748e+13, f = 2.498621928
ecurr = -5.31, pn_right = -4.322815048e+13, pn_left = 1.835233564e+13, f = 2.47551634
ecurr = -5.3, pn_right = -4.127864857e+13, pn_left = 1.736495496e+13, f = 2.452302203
ecurr = -5.29, pn_right = -3.941317946e+13, pn_left = 1.642490405e+13, f = 2.42898097
ecurr = -5.28, pn_right = -3.762826849e+13, pn_left = 1.553009154e+13, f = 2.405554093
ecurr = -5.27, pn_right = -3.592057909e+13, pn_left = 1.467851256e+13, f = 2.382023029
ecurr = -5.26, pn_right = -3.428690757e+13, pn_left = 1.386824542e+13, f = 2.358389233
ecurr = -5.25, pn_right = -3.272417798e+13, pn_left = 1.309744828e+13, f = 2.334654166
ecurr = -5.24, pn_right = -3.12294372e+13, pn_left = 1.236435609e+13, f = 2.310819287
ecurr = -5.23, pn_right = -2.979985028e+13, pn_left = 1.166727753e+13, f = 2.286886058
ecurr = -5.22, pn_right = -2.843269582e+13, pn_left = 1.100459215e+13, f = 2.262855943
ecurr = -5.21, pn_right = -2.712536162e+13, pn_left = 1.037474751e+13, f = 2.238730407
ecurr = -5.2, pn_right = -2.587534049e+13, pn_left = 9.776256573e+12, f = 2.214510916
ecurr = -5.19, pn_right = -2.468022614e+13, pn_left = 9.207695038e+12, f = 2.190198937
ecurr = -5.18, pn_right = -2.353770932e+13, pn_left = 8.667698897e+12, f = 2.165795941
ecurr = -5.17, pn_right = -2.244557402e+13, pn_left = 8.15496201e+12, f = 2.141303396
ecurr = -5.16, pn_right = -2.140169388e+13, pn_left = 7.668233809e+12, f = 2.116722773
ecurr = -5.15, pn_right = -2.040402867e+13, pn_left = 7.206317068e+12, f = 2.092055545
ecurr = -5.14, pn_right = -1.945062095e+13, pn_left = 6.768065767e+12, f = 2.067303185
ecurr = -5.13, pn_right = -1.853959286e+13, pn_left = 6.352383036e+12, f = 2.042467165
ecurr = -5.12, pn_right = -1.766914297e+13, pn_left = 5.958219171e+12, f = 2.017548961
ecurr = -5.11, pn_right = -1.683754333e+13, pn_left = 5.584569736e+12, f = 1.992550047
ecurr = -5.1, pn_right = -1.604313655e+13, pn_left = 5.230473724e+12, f = 1.9674719
ecurr = -5.09, pn_right = -1.528433307e+13, pn_left = 4.895011803e+12, f = 1.942315995
ecurr = -5.08, pn_right = -1.455960844e+13, pn_left = 4.577304614e+12, f = 1.91708381
ecurr = -5.07, pn_right = -1.386750083e+13, pn_left = 4.276511147e+12, f = 1.891776821
ecurr = -5.06, pn_right = -1.320660849e+13, pn_left = 3.991827172e+12, f = 1.866396506
ecurr = -5.05, pn_right = -1.257558742e+13, pn_left = 3.722483733e+12, f = 1.840944343
ecurr = -5.04, pn_right = -1.197314906e+13, pn_left = 3.467745699e+12, f = 1.81542181
ecurr = -5.03, pn_right = -1.139805811e+13, pn_left = 3.226910375e+12, f = 1.789830384
ecurr = -5.02, pn_right = -1.08491304e+13, pn_left = 2.999306156e+12, f = 1.764171544
ecurr = -5.01, pn_right = -1.03252309e+13, pn_left = 2.784291252e+12, f = 1.738446767
ecurr = -5, pn_right = -9.825271691e+12, pn_left = 2.58125244e+12, f = 1.712657532
ecurr = -4.99, pn_right = -9.348210148e+12, pn_left = 2.389603887e+12, f = 1.686805316
ecurr = -4.98, pn_right = -8.893047105e+12, pn_left = 2.208785999e+12, f = 1.660891597
ecurr = -4.97, pn_right = -8.458825121e+12, pn_left = 2.038264332e+12, f = 1.634917852
ecurr = -4.96, pn_right = -8.044626806e+12, pn_left = 1.877528535e+12, f = 1.608885558
ecurr = -4.95, pn_right = -7.649573217e+12, pn_left = 1.726091337e+12, f = 1.58279619
ecurr = -4.94, pn_right = -7.272822309e+12, pn_left = 1.583487577e+12, f = 1.556651226
ecurr = -4.93, pn_right = -6.913567452e+12, pn_left = 1.44927327e+12, f = 1.53045214
ecurr = -4.92, pn_right = -6.571036e+12, pn_left = 1.323024711e+12, f = 1.504200406
ecurr = -4.91, pn_right = -6.244487918e+12, pn_left = 1.204337613e+12, f = 1.477897499
ecurr = -4.9, pn_right = -5.933214467e+12, pn_left = 1.092826281e+12, f = 1.451544892
ecurr = -4.89, pn_right = -5.636536929e+12, pn_left = 9.881228167e+11, f = 1.425144057
ecurr = -4.88, pn_right = -5.353805391e+12, pn_left = 8.898763617e+11, f = 1.398696465
ecurr = -4.87, pn_right = -5.084397576e+12, pn_left = 7.977523613e+11, f = 1.372203586
ecurr = -4.86, pn_right = -4.827717712e+12, pn_left = 7.114318651e+11, f = 1.345666891
ecurr = -4.85, pn_right = -4.583195453e+12, pn_left = 6.306108535e+11, f = 1.319087846
ecurr = -4.84, pn_right = -4.350284842e+12, pn_left = 5.549995908e+11, f = 1.29246792
ecurr = -4.83, pn_right = -4.128463306e+12, pn_left = 4.843220061e+11, f = 1.265808577
ecurr = -4.82, pn_right = -3.917230705e+12, pn_left = 4.18315098e+11, f = 1.239111282
ecurr = -4.81, pn_right = -3.716108403e+12, pn_left = 3.567283641e+11, f = 1.212377498
ecurr = -4.8, pn_right = -3.524638386e+12, pn_left = 2.99323254e+11, f = 1.185608687
ecurr = -4.79, pn_right = -3.342382414e+12, pn_left = 2.458726442e+11, f = 1.158806309
ecurr = -4.78, pn_right = -3.168921198e+12, pn_left = 1.961603348e+11, f = 1.131971823
ecurr = -4.77, pn_right = -3.003853624e+12, pn_left = 1.499805672e+11, f = 1.105106684
ecurr = -4.76, pn_right = -2.846795992e+12, pn_left = 1.071375612e+11, f = 1.078212349
ecurr = -4.75, pn_right = -2.697381298e+12, pn_left = 6.744507145e+10, f = 1.051290271
ecurr = -4.74, pn_right = -2.555258537e+12, pn_left = 3.072596231e+10, f = 1.024341902
ecurr = -4.73, pn_right = -2.420092037e+12, pn_left = -3188199570, f = 0.997368691
ecurr = -4.72, pn_right = -2.29156082e+12, pn_left = -3.445753581e+10, f = 0.9703720861
ecurr = -4.71, pn_right = -2.169357985e+12, pn_left = -6.323423047e+10, f = 0.9433535331
ecurr = -4.7, pn_right = -2.053190121e+12, pn_left = -8.966288855e+10, f = 0.9163144759
ecurr = -4.69, pn_right = -1.942776738e+12, pn_left = -1.138808794e+11, f = 0.8892563561
ecurr = -4.68, pn_right = -1.837849727e+12, pn_left = -1.360186658e+11, f = 0.8621806131
ecurr = -4.67, pn_right = -1.738152833e+12, pn_left = -1.56200119e+11, f = 0.8350886842
ecurr = -4.66, pn_right = -1.643441162e+12, pn_left = -1.745428204e+11, f = 0.8079820042
ecurr = -4.65, pn_right = -1.553480694e+12, pn_left = -1.911583504e+11, f = 0.7808620057
ecurr = -4.64, pn_right = -1.468047825e+12, pn_left = -2.061525654e+11, f = 0.753730119
ecurr = -4.63, pn_right = -1.386928925e+12, pn_left = -2.196258623e+11, f = 0.7265877716
ecurr = -4.62, pn_right = -1.309919916e+12, pn_left = -2.316734319e+11, f = 0.6994363887
ecurr = -4.61, pn_right = -1.236825859e+12, pn_left = -2.423855018e+11, f = 0.6722773928
ecurr = -4.6, pn_right = -1.167460568e+12, pn_left = -2.518475683e+11, f = 0.6451122039
ecurr = -4.59, pn_right = -1.101646238e+12, pn_left = -2.601406187e+11, f = 0.6179422391
ecurr = -4.58, pn_right = -1.03921308e+12, pn_left = -2.673413435e+11, f = 0.5907689129
ecurr = -4.57, pn_right = -9.799989794e+11, pn_left = -2.735223401e+11, f = 0.5635936368
ecurr = -4.56, pn_right = -9.238491679e+11, pn_left = -2.787523068e+11, f = 0.5364178198
ecurr = -4.55, pn_right = -8.706159037e+11, pn_left = -2.83096229e+11, f = 0.5092428675
ecurr = -4.54, pn_right = -8.201581693e+11, pn_left = -2.866155568e+11, f = 0.4820701828
ecurr = -4.53, pn_right = -7.723413804e+11, pn_left = -2.893683751e+11, f = 0.4549011655
ecurr = -4.52, pn_right = -7.270371067e+11, pn_left = -2.91409566e+11, f = 0.4277372124
ecurr = -4.51, pn_right = -6.841228047e+11, pn_left = -2.927909638e+11, f = 0.4005797169
ecurr = -4.5, pn_right = -6.434815608e+11, pn_left = -2.93561504e+11, f = 0.3734300695
ecurr = -4.49, pn_right = -6.050018463e+11, pn_left = -2.937673644e+11, f = 0.3462896573
ecurr = -4.48, pn_right = -5.685772815e+11, pn_left = -2.93452101e+11, f = 0.319159864
ecurr = -4.47, pn_right = -5.341064099e+11, pn_left = -2.926567772e+11, f = 0.2920420701
ecurr = -4.46, pn_right = -5.014924826e+11, pn_left = -2.914200874e+11, f = 0.2649376527
ecurr = -4.45, pn_right = -4.706432506e+11, pn_left = -2.897784751e+11, f = 0.2378479854
ecurr = -4.44, pn_right = -4.414707665e+11, pn_left = -2.877662451e+11, f = 0.2107744381
ecurr = -4.43, pn_right = -4.138911945e+11, pn_left = -2.854156718e+11, f = 0.1837183774
ecurr = -4.42, pn_right = -3.878246284e+11, pn_left = -2.82757101e+11, f = 0.1566811662
ecurr = -4.41, pn_right = -3.631949165e+11, pn_left = -2.798190485e+11, f = 0.1296641637
ecurr = -4.4, pn_right = -3.399294956e+11, pn_left = -2.766282933e+11, f = 0.1026687253
ecurr = -4.39, pn_right = -3.179592301e+11, pn_left = -2.732099666e+11, f = 0.0756962029
ecurr = -4.38, pn_right = -2.972182594e+11, pn_left = -2.695876372e+11, f = 0.04874794431
ecurr = -4.37, pn_right = -2.776438512e+11, pn_left = -2.65783392e+11, f = 0.0218252936
ecurr = -4.36, pn_right = -2.591762605e+11, pn_left = -2.618179141e+11, f = -0.005070409089
ecurr = -4.35, pn_right = -2.417585962e+11, pn_left = -2.577105559e+11, f = -0.03193782757
ecurr = -4.355, pn_right = -2.503396354e+11, pn_left = -2.597808106e+11, f = -0.01850773721
ecurr = -4.36, pn_right = -2.591762605e+11, pn_left = -2.618179141e+11, f = -0.005070409089
ecurr = -4.365, pn_right = -2.682753247e+11, pn_left = -2.638195673e+11, f = 0.008373990146
ecurr = -4.3625, pn_right = -2.636925528e+11, pn_left = -2.628233188e+11, f = 0.001650917065
ecurr = -4.36, pn_right = -2.591762605e+11, pn_left = -2.618179141e+11, f = -0.005070409089
ecurr = -4.36125, pn_right = -2.614261515e+11, pn_left = -2.623217424e+11, f = -0.001709965682
ecurr = -4.3625, pn_right = -2.636925528e+11, pn_left = -2.628233188e+11, f = 0.001650917065
ecurr = -4.36375, pn_right = -2.659755739e+11, pn_left = -2.633226062e+11, f = 0.005012236543
ecurr = -4.363125, pn_right = -2.64831979e+11, pn_left = -2.630732509e+11, f = 0.003331522376
ecurr = -4.3625, pn_right = -2.636925528e+11, pn_left = -2.628233188e+11, f = 0.001650917065
ecurr = -4.361875, pn_right = -2.625572816e+11, pn_left = -2.625728144e+11, f = -2.957906313e-05
ecurr = -4.36125, pn_right = -2.614261515e+11, pn_left = -2.623217424e+11, f = -0.001709965682
ecurr = -4.3615625, pn_right = -2.619911997e+11, pn_left = -2.624473491e+11, f = -0.0008697860815
ecurr = -4.361875, pn_right = -2.625572816e+11, pn_left = -2.625728144e+11, f = -2.957906314e-05
ecurr = -4.3621875, pn_right = -2.631243987e+11, pn_left = -2.626981378e+11, f = 0.0008106553325
ecurr = -4.36203125, pn_right = -2.628407106e+11, pn_left = -2.626354939e+11, f = 0.0003905347151
ecurr = -4.361875, pn_right = -2.625572816e+11, pn_left = -2.625728144e+11, f = -2.957906314e-05
ecurr = -4.36171875, pn_right = -2.622741113e+11, pn_left = -2.625100995e+11, f = -0.000449685997
ecurr = -4.361796875, pn_right = -2.624156641e+11, pn_left = -2.625414614e+11, f = -0.0002396333859
ecurr = -4.361875, pn_right = -2.625572816e+11, pn_left = -2.625728144e+11, f = -2.957906314e-05
ecurr = -4.361953125, pn_right = -2.626989637e+11, pn_left = -2.626041586e+11, f = 0.0001804769707
ecurr = -4.361914063, pn_right = -2.626281146e+11, pn_left = -2.625884876e+11, f = 7.544873996e-05
ecurr = -4.361875, pn_right = -2.625572816e+11, pn_left = -2.625728144e+11, f = -2.957906314e-05
ecurr = -4.361835938, pn_right = -2.624864648e+11, pn_left = -2.62557139e+11, f = -0.0001346064385
ecurr = -4.361855469, pn_right = -2.625218711e+11, pn_left = -2.62564977e+11, f = -8.209280428e-05
ecurr = -4.361875, pn_right = -2.625572816e+11, pn_left = -2.625728144e+11, f = -2.957906313e-05
ecurr = -4.361894531, pn_right = -2.62592696e+11, pn_left = -2.625806513e+11, f = 2.293478495e-05
ecurr = -4.361914063, pn_right = -2.626281146e+11, pn_left = -2.625884876e+11, f = 7.544873997e-05
ecurr = -4.361904297, pn_right = -2.626104048e+11, pn_left = -2.625845695e+11, f = 4.919174909e-05
ecurr = -4.361894531, pn_right = -2.62592696e+11, pn_left = -2.625806513e+11, f = 2.293478495e-05
ecurr = -4.361884766, pn_right = -2.625749883e+11, pn_left = -2.625767329e+11, f = -3.322152459e-06
ecurr = -4.361875, pn_right = -2.625572816e+11, pn_left = -2.625728144e+11, f = -2.957906313e-05
ecurr = -4.361879883, pn_right = -2.625661348e+11, pn_left = -2.625747737e+11, f = -1.645061114e-05
ecurr = -4.361884766, pn_right = -2.625749883e+11, pn_left = -2.625767329e+11, f = -3.322152459e-06
ecurr = -4.361889648, pn_right = -2.62583842e+11, pn_left = -2.625786921e+11, f = 9.8063129e-06
ecurr = -4.361887207, pn_right = -2.625794151e+11, pn_left = -2.625777125e+11, f = 3.242079386e-06
ecurr = -4.361884766, pn_right = -2.625749883e+11, pn_left = -2.625767329e+11, f = -3.322152457e-06
ecurr = -4.361885986, pn_right = -2.625772017e+11, pn_left = -2.625772227e+11, f = -4.00367431e-08
it = 203, e = -4.36188599, de = -1.22070313e-06, f = -3.32215246e-06
Normalizing...
norm = 1.57875557e+24
<T> = 9.41459676
