ecurr = -7, pn_right = -3.92985925e+16, pn_left = 2.304882624e+16, f = 3.836819419
ecurr = -6.99, pn_right = -3.791110209e+16, pn_left = 2.227161099e+16, f = 3.848124769
ecurr = -6.995, pn_right = -3.859881734e+16, pn_left = 2.265714123e+16, f = 3.842504273
ecurr = -7, pn_right = -3.92985925e+16, pn_left = 2.304882624e+16, f = 3.836819419
ecurr = -7.005, pn_right = -4.001063177e+16, pn_left = 2.344675256e+16, f = 3.831070218
ecurr = -7.01, pn_right = -4.073514273e+16, pn_left = 2.385100767e+16, f = 3.82525668
ecurr = -7.015, pn_right = -4.147233629e+16, pn_left = 2.426167995e+16, f = 3.819378817
ecurr = -7.02, pn_right = -4.222242684e+16, pn_left = 2.467885872e+16, f = 3.813436644
ecurr = -7.025, pn_right = -4.298563226e+16, pn_left = 2.510263419e+16, f = 3.807430175
ecurr = -7.03, pn_right = -4.376217395e+16, pn_left = 2.553309752e+16, f = 3.801359424
ecurr = -7.035, pn_right = -4.455227693e+16, pn_left = 2.597034077e+16, f = 3.795224409
ecurr = -7.04, pn_right = -4.53561699e+16, pn_left = 2.641445691e+16, f = 3.789025146
ecurr = -7.045, pn_right = -4.617408524e+16, pn_left = 2.686553985e+16, f = 3.782761654
ecurr = -7.05, pn_right = -4.700625912e+16, pn_left = 2.732368439e+16, f = 3.776433953
ecurr = -7.055, pn_right = -4.785293157e+16, pn_left = 2.778898624e+16, f = 3.770042062
ecurr = -7.06, pn_right = -4.871434646e+16, pn_left = 2.826154202e+16, f = 3.763586002
ecurr = -7.065, pn_right = -4.959075166e+16, pn_left = 2.874144927e+16, f = 3.757065798
ecurr = -7.07, pn_right = -5.048239904e+16, pn_left = 2.922880639e+16, f = 3.75048147
ecurr = -7.075, pn_right = -5.138954455e+16, pn_left = 2.97237127e+16, f = 3.743833045
ecurr = -7.08, pn_right = -5.231244828e+16, pn_left = 3.022626839e+16, f = 3.737120547
ecurr = -7.085, pn_right = -5.325137452e+16, pn_left = 3.073657455e+16, f = 3.730344003
ecurr = -7.09, pn_right = -5.420659185e+16, pn_left = 3.125473311e+16, f = 3.723503441
ecurr = -7.095, pn_right = -5.517837316e+16, pn_left = 3.17808469e+16, f = 3.716598888
ecurr = -7.1, pn_right = -5.616699579e+16, pn_left = 3.231501959e+16, f = 3.709630374
ecurr = -7.105, pn_right = -5.717274151e+16, pn_left = 3.285735569e+16, f = 3.702597929
ecurr = -7.11, pn_right = -5.819589665e+16, pn_left = 3.340796054e+16, f = 3.695501586
ecurr = -7.115, pn_right = -5.923675215e+16, pn_left = 3.396694034e+16, f = 3.688341377
ecurr = -7.12, pn_right = -6.029560366e+16, pn_left = 3.453440207e+16, f = 3.681117334
ecurr = -7.125, pn_right = -6.137275154e+16, pn_left = 3.511045352e+16, f = 3.673829494
ecurr = -7.13, pn_right = -6.246850103e+16, pn_left = 3.569520327e+16, f = 3.666477891
ecurr = -7.135, pn_right = -6.358316224e+16, pn_left = 3.628876068e+16, f = 3.659062562
ecurr = -7.14, pn_right = -6.471705028e+16, pn_left = 3.689123584e+16, f = 3.651583545
ecurr = -7.145, pn_right = -6.587048531e+16, pn_left = 3.750273962e+16, f = 3.644040879
ecurr = -7.15, pn_right = -6.704379263e+16, pn_left = 3.812338358e+16, f = 3.636434603
ecurr = -7.155, pn_right = -6.823730276e+16, pn_left = 3.875327999e+16, f = 3.628764758
ecurr = -7.16, pn_right = -6.945135151e+16, pn_left = 3.939254182e+16, f = 3.621031386
ecurr = -7.165, pn_right = -7.068628007e+16, pn_left = 4.004128268e+16, f = 3.61323453
ecurr = -7.17, pn_right = -7.194243509e+16, pn_left = 4.069961684e+16, f = 3.605374234
ecurr = -7.175, pn_right = -7.322016875e+16, pn_left = 4.136765916e+16, f = 3.597450543
ecurr = -7.18, pn_right = -7.451983889e+16, pn_left = 4.204552513e+16, f = 3.589463503
ecurr = -7.185, pn_right = -7.584180903e+16, pn_left = 4.273333076e+16, f = 3.58141316
ecurr = -7.19, pn_right = -7.718644853e+16, pn_left = 4.343119264e+16, f = 3.573299564
ecurr = -7.195, pn_right = -7.855413261e+16, pn_left = 4.413922783e+16, f = 3.565122763
ecurr = -7.2, pn_right = -7.994524248e+16, pn_left = 4.485755388e+16, f = 3.556882808
ecurr = -7.205, pn_right = -8.136016545e+16, pn_left = 4.55862888e+16, f = 3.54857975
ecurr = -7.21, pn_right = -8.279929496e+16, pn_left = 4.632555098e+16, f = 3.54021364
ecurr = -7.215, pn_right = -8.426303073e+16, pn_left = 4.707545921e+16, f = 3.531784534
ecurr = -7.22, pn_right = -8.575177883e+16, pn_left = 4.78361326e+16, f = 3.523292485
ecurr = -7.225, pn_right = -8.72659518e+16, pn_left = 4.860769055e+16, f = 3.514737548
ecurr = -7.23, pn_right = -8.880596872e+16, pn_left = 4.939025274e+16, f = 3.506119781
ecurr = -7.235, pn_right = -9.037225532e+16, pn_left = 5.018393904e+16, f = 3.497439241
ecurr = -7.24, pn_right = -9.196524408e+16, pn_left = 5.098886949e+16, f = 3.488695986
ecurr = -7.245, pn_right = -9.358537435e+16, pn_left = 5.180516424e+16, f = 3.479890077
ecurr = -7.25, pn_right = -9.523309243e+16, pn_left = 5.263294352e+16, f = 3.471021575
ecurr = -7.255, pn_right = -9.690885169e+16, pn_left = 5.347232758e+16, f = 3.462090541
ecurr = -7.26, pn_right = -9.861311269e+16, pn_left = 5.432343661e+16, f = 3.453097039
ecurr = -7.265, pn_right = -1.003463432e+17, pn_left = 5.518639073e+16, f = 3.444041132
ecurr = -7.27, pn_right = -1.021090186e+17, pn_left = 5.606130988e+16, f = 3.434922886
ecurr = -7.275, pn_right = -1.039016214e+17, pn_left = 5.694831378e+16, f = 3.425742367
ecurr = -7.28, pn_right = -1.057246421e+17, pn_left = 5.784752191e+16, f = 3.416499642
ecurr = -7.285, pn_right = -1.075785787e+17, pn_left = 5.875905334e+16, f = 3.407194781
ecurr = -7.29, pn_right = -1.094639372e+17, pn_left = 5.968302676e+16, f = 3.397827851
ecurr = -7.295, pn_right = -1.113812315e+17, pn_left = 6.061956035e+16, f = 3.388398925
ecurr = -7.3, pn_right = -1.133309835e+17, pn_left = 6.156877172e+16, f = 3.378908073
ecurr = -7.305, pn_right = -1.153137235e+17, pn_left = 6.253077782e+16, f = 3.369355368
ecurr = -7.31, pn_right = -1.1732999e+17, pn_left = 6.350569488e+16, f = 3.359740885
ecurr = -7.315, pn_right = -1.1938033e+17, pn_left = 6.44936383e+16, f = 3.350064698
ecurr = -7.32, pn_right = -1.214652992e+17, pn_left = 6.549472256e+16, f = 3.340326883
ecurr = -7.325, pn_right = -1.235854618e+17, pn_left = 6.650906114e+16, f = 3.330527517
ecurr = -7.33, pn_right = -1.25741391e+17, pn_left = 6.753676641e+16, f = 3.320666679
ecurr = -7.335, pn_right = -1.27933669e+17, pn_left = 6.857794955e+16, f = 3.310744448
ecurr = -7.34, pn_right = -1.30162887e+17, pn_left = 6.963272039e+16, f = 3.300760903
ecurr = -7.345, pn_right = -1.324296456e+17, pn_left = 7.070118738e+16, f = 3.290716128
ecurr = -7.35, pn_right = -1.347345547e+17, pn_left = 7.178345739e+16, f = 3.280610204
ecurr = -7.355, pn_right = -1.370782337e+17, pn_left = 7.287963565e+16, f = 3.270443215
ecurr = -7.36, pn_right = -1.394613118e+17, pn_left = 7.398982562e+16, f = 3.260215246
ecurr = -7.365, pn_right = -1.41884428e+17, pn_left = 7.511412882e+16, f = 3.249926382
ecurr = -7.37, pn_right = -1.443482312e+17, pn_left = 7.625264474e+16, f = 3.239576711
ecurr = -7.375, pn_right = -1.468533804e+17, pn_left = 7.740547069e+16, f = 3.229166321
ecurr = -7.38, pn_right = -1.49400545e+17, pn_left = 7.857270163e+16, f = 3.218695301
ecurr = -7.385, pn_right = -1.519904047e+17, pn_left = 7.975443004e+16, f = 3.208163742
ecurr = -7.39, pn_right = -1.546236499e+17, pn_left = 8.095074579e+16, f = 3.197571734
ecurr = -7.395, pn_right = -1.573009816e+17, pn_left = 8.216173592e+16, f = 3.186919371
ecurr = -7.4, pn_right = -1.600231118e+17, pn_left = 8.338748451e+16, f = 3.176206745
ecurr = -7.405, pn_right = -1.627907635e+17, pn_left = 8.462807249e+16, f = 3.165433952
ecurr = -7.41, pn_right = -1.65604671e+17, pn_left = 8.588357747e+16, f = 3.154601088
ecurr = -7.415, pn_right = -1.6846558e+17, pn_left = 8.715407356e+16, f = 3.14370825
ecurr = -7.42, pn_right = -1.713742476e+17, pn_left = 8.843963113e+16, f = 3.132755535
ecurr = -7.425, pn_right = -1.743314427e+17, pn_left = 8.974031665e+16, f = 3.121743043
ecurr = -7.43, pn_right = -1.773379464e+17, pn_left = 9.105619246e+16, f = 3.110670874
ecurr = -7.435, pn_right = -1.803945513e+17, pn_left = 9.238731656e+16, f = 3.09953913
ecurr = -7.44, pn_right = -1.835020629e+17, pn_left = 9.373374239e+16, f = 3.088347913
ecurr = -7.445, pn_right = -1.866612987e+17, pn_left = 9.509551855e+16, f = 3.077097327
ecurr = -7.45, pn_right = -1.898730889e+17, pn_left = 9.647268862e+16, f = 3.065787476
ecurr = -7.455, pn_right = -1.931382768e+17, pn_left = 9.786529086e+16, f = 3.054418468
ecurr = -7.46, pn_right = -1.964577183e+17, pn_left = 9.927335795e+16, f = 3.042990408
ecurr = -7.465, pn_right = -1.998322828e+17, pn_left = 1.006969168e+17, f = 3.031503404
ecurr = -7.47, pn_right = -2.032628529e+17, pn_left = 1.02135988e+17, f = 3.019957567
ecurr = -7.475, pn_right = -2.067503249e+17, pn_left = 1.03590586e+17, f = 3.008353007
ecurr = -7.48, pn_right = -2.10295609e+17, pn_left = 1.050607183e+17, f = 2.996689834
ecurr = -7.485, pn_right = -2.138996291e+17, pn_left = 1.065463854e+17, f = 2.984968162
ecurr = -7.49, pn_right = -2.175633235e+17, pn_left = 1.080475806e+17, f = 2.973188105
ecurr = -7.495, pn_right = -2.21287645e+17, pn_left = 1.095642893e+17, f = 2.961349778
ecurr = -7.5, pn_right = -2.250735606e+17, pn_left = 1.11096489e+17, f = 2.949453295
ecurr = -7.505, pn_right = -2.289220527e+17, pn_left = 1.126441485e+17, f = 2.937498776
ecurr = -7.51, pn_right = -2.328341183e+17, pn_left = 1.142072282e+17, f = 2.925486338
ecurr = -7.515, pn_right = -2.3681077e+17, pn_left = 1.157856789e+17, f = 2.9134161
ecurr = -7.52, pn_right = -2.408530356e+17, pn_left = 1.173794421e+17, f = 2.901288183
ecurr = -7.525, pn_right = -2.449619589e+17, pn_left = 1.189884492e+17, f = 2.889102709
ecurr = -7.53, pn_right = -2.491385994e+17, pn_left = 1.20612621e+17, f = 2.876859801
ecurr = -7.535, pn_right = -2.533840329e+17, pn_left = 1.222518676e+17, f = 2.864559582
ecurr = -7.54, pn_right = -2.576993518e+17, pn_left = 1.239060876e+17, f = 2.852202178
ecurr = -7.545, pn_right = -2.620856649e+17, pn_left = 1.255751678e+17, f = 2.839787715
ecurr = -7.55, pn_right = -2.665440979e+17, pn_left = 1.272589824e+17, f = 2.827316321
ecurr = -7.555, pn_right = -2.71075794e+17, pn_left = 1.289573931e+17, f = 2.814788123
ecurr = -7.56, pn_right = -2.756819134e+17, pn_left = 1.306702477e+17, f = 2.802203252
ecurr = -7.565, pn_right = -2.803636341e+17, pn_left = 1.323973805e+17, f = 2.789561839
ecurr = -7.57, pn_right = -2.851221521e+17, pn_left = 1.341386107e+17, f = 2.776864015
ecurr = -7.575, pn_right = -2.899586815e+17, pn_left = 1.358937428e+17, f = 2.764109913
ecurr = -7.58, pn_right = -2.948744548e+17, pn_left = 1.376625652e+17, f = 2.751299668
ecurr = -7.585, pn_right = -2.998707234e+17, pn_left = 1.394448497e+17, f = 2.738433416
ecurr = -7.59, pn_right = -3.049487574e+17, pn_left = 1.412403515e+17, f = 2.725511292
ecurr = -7.595, pn_right = -3.101098462e+17, pn_left = 1.430488073e+17, f = 2.712533434
ecurr = -7.6, pn_right = -3.15355299e+17, pn_left = 1.448699358e+17, f = 2.699499981
ecurr = -7.605, pn_right = -3.206864446e+17, pn_left = 1.46703436e+17, f = 2.686411073
ecurr = -7.61, pn_right = -3.261046318e+17, pn_left = 1.485489872e+17, f = 2.673266851
ecurr = -7.615, pn_right = -3.3161123e+17, pn_left = 1.504062474e+17, f = 2.660067458
ecurr = -7.62, pn_right = -3.372076292e+17, pn_left = 1.522748532e+17, f = 2.646813036
ecurr = -7.625, pn_right = -3.428952405e+17, pn_left = 1.541544185e+17, f = 2.633503731
ecurr = -7.63, pn_right = -3.48675496e+17, pn_left = 1.560445336e+17, f = 2.620139687
ecurr = -7.635, pn_right = -3.545498496e+17, pn_left = 1.579447646e+17, f = 2.606721053
ecurr = -7.64, pn_right = -3.605197771e+17, pn_left = 1.598546521e+17, f = 2.593247975
ecurr = -7.645, pn_right = -3.665867766e+17, pn_left = 1.617737103e+17, f = 2.579720603
ecurr = -7.65, pn_right = -3.727523685e+17, pn_left = 1.63701426e+17, f = 2.566139087
ecurr = -7.655, pn_right = -3.790180963e+17, pn_left = 1.656372577e+17, f = 2.552503578
ecurr = -7.66, pn_right = -3.853855265e+17, pn_left = 1.675806339e+17, f = 2.53881423
ecurr = -7.665, pn_right = -3.918562492e+17, pn_left = 1.695309528e+17, f = 2.525071195
ecurr = -7.67, pn_right = -3.984318784e+17, pn_left = 1.714875801e+17, f = 2.511274629
ecurr = -7.675, pn_right = -4.051140524e+17, pn_left = 1.734498488e+17, f = 2.497424688
ecurr = -7.68, pn_right = -4.119044337e+17, pn_left = 1.754170572e+17, f = 2.483521528
ecurr = -7.685, pn_right = -4.188047102e+17, pn_left = 1.773884676e+17, f = 2.469565309
ecurr = -7.69, pn_right = -4.258165945e+17, pn_left = 1.793633053e+17, f = 2.455556189
ecurr = -7.695, pn_right = -4.329418253e+17, pn_left = 1.813407568e+17, f = 2.44149433
ecurr = -7.7, pn_right = -4.40182167e+17, pn_left = 1.833199686e+17, f = 2.427379892
ecurr = -7.705, pn_right = -4.475394104e+17, pn_left = 1.853000452e+17, f = 2.41321304
ecurr = -7.71, pn_right = -4.550153732e+17, pn_left = 1.872800481e+17, f = 2.398993936
ecurr = -7.715, pn_right = -4.626118999e+17, pn_left = 1.892589936e+17, f = 2.384722746
ecurr = -7.72, pn_right = -4.703308628e+17, pn_left = 1.912358513e+17, f = 2.370399637
ecurr = -7.725, pn_right = -4.78174162e+17, pn_left = 1.932095423e+17, f = 2.356024776
ecurr = -7.73, pn_right = -4.861437256e+17, pn_left = 1.951789374e+17, f = 2.341598332
ecurr = -7.735, pn_right = -4.942415109e+17, pn_left = 1.971428548e+17, f = 2.327120475
ecurr = -7.74, pn_right = -5.024695038e+17, pn_left = 1.991000586e+17, f = 2.312591375
ecurr = -7.745, pn_right = -5.1082972e+17, pn_left = 2.010492564e+17, f = 2.298011204
ecurr = -7.75, pn_right = -5.19324205e+17, pn_left = 2.029890971e+17, f = 2.283380137
ecurr = -7.755, pn_right = -5.279550348e+17, pn_left = 2.049181689e+17, f = 2.268698347
ecurr = -7.76, pn_right = -5.367243158e+17, pn_left = 2.068349967e+17, f = 2.25396601
ecurr = -7.765, pn_right = -5.456341861e+17, pn_left = 2.087380397e+17, f = 2.239183303
ecurr = -7.77, pn_right = -5.546868151e+17, pn_left = 2.106256891e+17, f = 2.224350403
ecurr = -7.775, pn_right = -5.638844043e+17, pn_left = 2.124962653e+17, f = 2.20946749
ecurr = -7.78, pn_right = -5.73229188e+17, pn_left = 2.143480151e+17, f = 2.194534744
ecurr = -7.785, pn_right = -5.827234333e+17, pn_left = 2.161791089e+17, f = 2.179552346
ecurr = -7.79, pn_right = -5.923694408e+17, pn_left = 2.179876381e+17, f = 2.164520479
ecurr = -7.795, pn_right = -6.02169545e+17, pn_left = 2.197716115e+17, f = 2.149439326
ecurr = -7.8, pn_right = -6.12126115e+17, pn_left = 2.215289526e+17, f = 2.134309073
ecurr = -7.805, pn_right = -6.222415546e+17, pn_left = 2.232574958e+17, f = 2.119129904
ecurr = -7.81, pn_right = -6.32518303e+17, pn_left = 2.249549835e+17, f = 2.103902008
ecurr = -7.815, pn_right = -6.429588354e+17, pn_left = 2.266190621e+17, f = 2.088625573
ecurr = -7.82, pn_right = -6.535656634e+17, pn_left = 2.282472786e+17, f = 2.073300787
ecurr = -7.825, pn_right = -6.643413353e+17, pn_left = 2.298370764e+17, f = 2.057927842
ecurr = -7.83, pn_right = -6.752884371e+17, pn_left = 2.313857917e+17, f = 2.042506929
ecurr = -7.835, pn_right = -6.864095924e+17, pn_left = 2.32890649e+17, f = 2.027038241
ecurr = -7.84, pn_right = -6.977074636e+17, pn_left = 2.343487566e+17, f = 2.011521972
ecurr = -7.845, pn_right = -7.091847518e+17, pn_left = 2.357571026e+17, f = 1.995958318
ecurr = -7.85, pn_right = -7.20844198e+17, pn_left = 2.371125497e+17, f = 1.980347474
ecurr = -7.855, pn_right = -7.326885828e+17, pn_left = 2.384118306e+17, f = 1.964689638
ecurr = -7.86, pn_right = -7.44720728e+17, pn_left = 2.396515427e+17, f = 1.948985009
ecurr = -7.865, pn_right = -7.569434963e+17, pn_left = 2.408281428e+17, f = 1.933233786
ecurr = -7.87, pn_right = -7.693597921e+17, pn_left = 2.419379415e+17, f = 1.917436171
ecurr = -7.875, pn_right = -7.819725624e+17, pn_left = 2.429770979e+17, f = 1.901592365
ecurr = -7.88, pn_right = -7.947847972e+17, pn_left = 2.439416126e+17, f = 1.885702572
ecurr = -7.885, pn_right = -8.077995298e+17, pn_left = 2.448273226e+17, f = 1.869766996
ecurr = -7.89, pn_right = -8.210198379e+17, pn_left = 2.456298939e+17, f = 1.853785842
ecurr = -7.895, pn_right = -8.344488437e+17, pn_left = 2.463448148e+17, f = 1.837759317
ecurr = -7.9, pn_right = -8.480897151e+17, pn_left = 2.469673894e+17, f = 1.821687629
ecurr = -7.905, pn_right = -8.619456658e+17, pn_left = 2.474927294e+17, f = 1.805570988
ecurr = -7.91, pn_right = -8.760199562e+17, pn_left = 2.479157469e+17, f = 1.789409602
ecurr = -7.915, pn_right = -8.90315894e+17, pn_left = 2.48231146e+17, f = 1.773203683
ecurr = -7.92, pn_right = -9.048368349e+17, pn_left = 2.484334148e+17, f = 1.756953444
ecurr = -7.925, pn_right = -9.195861832e+17, pn_left = 2.48516816e+17, f = 1.740659098
ecurr = -7.93, pn_right = -9.345673922e+17, pn_left = 2.484753785e+17, f = 1.72432086
ecurr = -7.935, pn_right = -9.497839656e+17, pn_left = 2.483028872e+17, f = 1.707938945
ecurr = -7.94, pn_right = -9.652394574e+17, pn_left = 2.479928732e+17, f = 1.69151357
ecurr = -7.945, pn_right = -9.809374731e+17, pn_left = 2.475386034e+17, f = 1.675044955
ecurr = -7.95, pn_right = -9.968816701e+17, pn_left = 2.469330696e+17, f = 1.658533317
ecurr = -7.955, pn_right = -1.013075759e+18, pn_left = 2.461689772e+17, f = 1.641978877
ecurr = -7.96, pn_right = -1.029523503e+18, pn_left = 2.452387328e+17, f = 1.625381857
ecurr = -7.965, pn_right = -1.046228719e+18, pn_left = 2.441344323e+17, f = 1.608742479
ecurr = -7.97, pn_right = -1.063195282e+18, pn_left = 2.428478477e+17, f = 1.592060967
ecurr = -7.975, pn_right = -1.08042712e+18, pn_left = 2.413704132e+17, f = 1.575337546
ecurr = -7.98, pn_right = -1.097928216e+18, pn_left = 2.396932113e+17, f = 1.558572442
ecurr = -7.985, pn_right = -1.115702615e+18, pn_left = 2.378069576e+17, f = 1.541765882
ecurr = -7.99, pn_right = -1.133754415e+18, pn_left = 2.357019853e+17, f = 1.524918095
ecurr = -7.995, pn_right = -1.152087776e+18, pn_left = 2.333682287e+17, f = 1.50802931
ecurr = -8, pn_right = -1.170706916e+18, pn_left = 2.307952061e+17, f = 1.491099757
ecurr = -8.005, pn_right = -1.189616114e+18, pn_left = 2.27972002e+17, f = 1.474129668
ecurr = -8.01, pn_right = -1.208819711e+18, pn_left = 2.248872479e+17, f = 1.457119277
ecurr = -8.015, pn_right = -1.228322108e+18, pn_left = 2.21529103e+17, f = 1.440068816
ecurr = -8.02, pn_right = -1.248127771e+18, pn_left = 2.178852329e+17, f = 1.422978522
ecurr = -8.025, pn_right = -1.268241228e+18, pn_left = 2.139427885e+17, f = 1.40584863
ecurr = -8.03, pn_right = -1.288667073e+18, pn_left = 2.096883828e+17, f = 1.388679377
ecurr = -8.035, pn_right = -1.309409965e+18, pn_left = 2.051080669e+17, f = 1.371471003
ecurr = -8.04, pn_right = -1.330474628e+18, pn_left = 2.001873051e+17, f = 1.354223747
ecurr = -8.045, pn_right = -1.351865856e+18, pn_left = 1.949109487e+17, f = 1.336937849
ecurr = -8.05, pn_right = -1.373588509e+18, pn_left = 1.892632074e+17, f = 1.319613551
ecurr = -8.055, pn_right = -1.395647517e+18, pn_left = 1.832276212e+17, f = 1.302251096
ecurr = -8.06, pn_right = -1.418047878e+18, pn_left = 1.767870289e+17, f = 1.284850729
ecurr = -8.065, pn_right = -1.440794665e+18, pn_left = 1.699235363e+17, f = 1.267412694
ecurr = -8.07, pn_right = -1.463893019e+18, pn_left = 1.626184821e+17, f = 1.249937238
ecurr = -8.075, pn_right = -1.487348156e+18, pn_left = 1.548524022e+17, f = 1.232424609
ecurr = -8.08, pn_right = -1.511165365e+18, pn_left = 1.46604992e+17, f = 1.214875054
ecurr = -8.085, pn_right = -1.53535001e+18, pn_left = 1.378550668e+17, f = 1.197288824
ecurr = -8.09, pn_right = -1.55990753e+18, pn_left = 1.285805201e+17, f = 1.179666169
ecurr = -8.095, pn_right = -1.584843443e+18, pn_left = 1.187582794e+17, f = 1.162007341
ecurr = -8.1, pn_right = -1.610163343e+18, pn_left = 1.083642599e+17, f = 1.144312593
ecurr = -8.105, pn_right = -1.635872903e+18, pn_left = 9.73733153e+16, f = 1.126582179
ecurr = -8.11, pn_right = -1.661977876e+18, pn_left = 8.575918628e+16, f = 1.108816355
ecurr = -8.115, pn_right = -1.688484098e+18, pn_left = 7.34944456e+16, f = 1.091015376
ecurr = -8.12, pn_right = -1.715397483e+18, pn_left = 6.055044047e+16, f = 1.073179501
ecurr = -8.125, pn_right = -1.742724033e+18, pn_left = 4.68972315e+16, f = 1.055308987
ecurr = -8.13, pn_right = -1.77046983e+18, pn_left = 3.250352813e+16, f = 1.037404095
ecurr = -8.135, pn_right = -1.798641045e+18, pn_left = 1.73366203e+16, f = 1.019465084
ecurr = -8.14, pn_right = -1.827243932e+18, pn_left = 1.362306174e+15, f = 1.001492217
ecurr = -8.145, pn_right = -1.856284836e+18, pn_left = -1.545518447e+16, f = 0.9834857573
ecurr = -8.15, pn_right = -1.885770188e+18, pn_left = -3.31532714e+16, f = 0.9654459679
ecurr = -8.155, pn_right = -1.915706511e+18, pn_left = -5.177110996e+16, f = 0.9473731143
ecurr = -8.16, pn_right = -1.946100418e+18, pn_left = -7.134968232e+16, f = 0.9292674626
ecurr = -8.165, pn_right = -1.976958616e+18, pn_left = -9.193189439e+16, f = 0.9111292802
ecurr = -8.17, pn_right = -2.008287904e+18, pn_left = -1.135626786e+17, f = 0.8929588355
ecurr = -8.175, pn_right = -2.040095176e+18, pn_left = -1.362891035e+17, f = 0.8747563978
ecurr = -8.18, pn_right = -2.072387422e+18, pn_left = -1.601604893e+17, f = 0.8565222377
ecurr = -8.185, pn_right = -2.105171731e+18, pn_left = -1.852285322e+17, f = 0.8382566269
ecurr = -8.19, pn_right = -2.138455289e+18, pn_left = -2.115474356e+17, f = 0.819959838
ecurr = -8.195, pn_right = -2.172245382e+18, pn_left = -2.391740503e+17, f = 0.8016321449
ecurr = -8.2, pn_right = -2.206549398e+18, pn_left = -2.681680238e+17, f = 0.7832738223
ecurr = -8.205, pn_right = -2.241374826e+18, pn_left = -2.985919597e+17, f = 0.7648851463
ecurr = -8.21, pn_right = -2.276729262e+18, pn_left = -3.305115874e+17, f = 0.7464663938
ecurr = -8.215, pn_right = -2.312620403e+18, pn_left = -3.639959439e+17, f = 0.7280178429
ecurr = -8.22, pn_right = -2.349056057e+18, pn_left = -3.991175676e+17, f = 0.7095397729
ecurr = -8.225, pn_right = -2.386044137e+18, pn_left = -4.359527058e+17, f = 0.6910324638
ecurr = -8.23, pn_right = -2.423592666e+18, pn_left = -4.745815364e+17, f = 0.6724961971
ecurr = -8.235, pn_right = -2.461709779e+18, pn_left = -5.15088406e+17, f = 0.653931255
ecurr = -8.24, pn_right = -2.500403721e+18, pn_left = -5.575620841e+17, f = 0.635337921
ecurr = -8.245, pn_right = -2.539682854e+18, pn_left = -6.020960369e+17, f = 0.6167164796
ecurr = -8.25, pn_right = -2.579555653e+18, pn_left = -6.487887204e+17, f = 0.5980672163
ecurr = -8.255, pn_right = -2.620030709e+18, pn_left = -6.977438952e+17, f = 0.5793904177
ecurr = -8.26, pn_right = -2.661116733e+18, pn_left = -7.490709661e+17, f = 0.5606863715
ecurr = -8.265, pn_right = -2.702822556e+18, pn_left = -8.028853457e+17, f = 0.5419553663
ecurr = -8.27, pn_right = -2.745157128e+18, pn_left = -8.593088481e+17, f = 0.523197692
ecurr = -8.275, pn_right = -2.788129523e+18, pn_left = -9.184701117e+17, f = 0.5044136394
ecurr = -8.28, pn_right = -2.831748941e+18, pn_left = -9.805050563e+17, f = 0.4856035002
ecurr = -8.285, pn_right = -2.876024706e+18, pn_left = -1.045557377e+18, f = 0.4667675674
ecurr = -8.29, pn_right = -2.92096627e+18, pn_left = -1.113779076e+18, f = 0.447906135
ecurr = -8.295, pn_right = -2.966583215e+18, pn_left = -1.185331044e+18, f = 0.4290194978
ecurr = -8.3, pn_right = -3.012885254e+18, pn_left = -1.260383682e+18, f = 0.410107952
ecurr = -8.305, pn_right = -3.059882232e+18, pn_left = -1.33911758e+18, f = 0.3911717946
ecurr = -8.31, pn_right = -3.107584127e+18, pn_left = -1.421724258e+18, f = 0.3722113237
ecurr = -8.315, pn_right = -3.156001057e+18, pn_left = -1.50840696e+18, f = 0.3532268384
ecurr = -8.32, pn_right = -3.205143274e+18, pn_left = -1.599381533e+18, f = 0.3342186388
ecurr = -8.325, pn_right = -3.255021172e+18, pn_left = -1.694877371e+18, f = 0.3151870261
ecurr = -8.33, pn_right = -3.305645283e+18, pn_left = -1.795138451e+18, f = 0.2961323025
ecurr = -8.335, pn_right = -3.357026287e+18, pn_left = -1.90042447e+18, f = 0.2770547713
ecurr = -8.34, pn_right = -3.409175005e+18, pn_left = -2.011012074e+18, f = 0.2579547366
ecurr = -8.345, pn_right = -3.462102405e+18, pn_left = -2.12719622e+18, f = 0.2388325037
ecurr = -8.35, pn_right = -3.515819607e+18, pn_left = -2.249291659e+18, f = 0.219688379
ecurr = -8.355, pn_right = -3.570337878e+18, pn_left = -2.377634565e+18, f = 0.2005226696
ecurr = -8.36, pn_right = -3.625668639e+18, pn_left = -2.512584338e+18, f = 0.1813356838
ecurr = -8.365, pn_right = -3.681823465e+18, pn_left = -2.654525572e+18, f = 0.1621277311
ecurr = -8.37, pn_right = -3.738814087e+18, pn_left = -2.803870244e+18, f = 0.1428991215
ecurr = -8.375, pn_right = -3.796652395e+18, pn_left = -2.961060118e+18, f = 0.1236501665
ecurr = -8.38, pn_right = -3.855350439e+18, pn_left = -3.126569417e+18, f = 0.1043811784
ecurr = -8.385, pn_right = -3.914920431e+18, pn_left = -3.300907783e+18, f = 0.08509247039
ecurr = -8.39, pn_right = -3.975374748e+18, pn_left = -3.484623558e+18, f = 0.06578435683
ecurr = -8.395, pn_right = -4.036725932e+18, pn_left = -3.678307447e+18, f = 0.04645715297
ecurr = -8.4, pn_right = -4.098986696e+18, pn_left = -3.882596594e+18, f = 0.02711117509
ecurr = -8.405, pn_right = -4.162169921e+18, pn_left = -4.098179141e+18, f = 0.007746740427
ecurr = -8.41, pn_right = -4.226288661e+18, pn_left = -4.325799327e+18, f = -0.01163583277
ecurr = -8.4075, pn_right = -4.194111529e+18, pn_left = -4.210435671e+18, f = -0.001942298783
ecurr = -8.405, pn_right = -4.162169921e+18, pn_left = -4.098179141e+18, f = 0.007746740427
ecurr = -8.40625, pn_right = -4.178111387e+18, pn_left = -4.153925275e+18, f = 0.002902785163
ecurr = -8.4075, pn_right = -4.194111529e+18, pn_left = -4.210435671e+18, f = -0.001942298783
ecurr = -8.40875, pn_right = -4.210170551e+18, pn_left = -4.267722784e+18, f = -0.006788506425
ecurr = -8.408125, pn_right = -4.202133667e+18, pn_left = -4.238981349e+18, f = -0.004365262454
ecurr = -8.4075, pn_right = -4.194111529e+18, pn_left = -4.210435671e+18, f = -0.001942298783
ecurr = -8.406875, pn_right = -4.186104111e+18, pn_left = -4.182084167e+18, f = 0.0004803839634
ecurr = -8.40625, pn_right = -4.178111387e+18, pn_left = -4.153925275e+18, f = 0.002902785163
ecurr = -8.4065625, pn_right = -4.182105914e+18, pn_left = -4.167980742e+18, f = 0.001691619795
ecurr = -8.406875, pn_right = -4.186104111e+18, pn_left = -4.182084167e+18, f = 0.0004803839634
ecurr = -8.4071875, pn_right = -4.190105981e+18, pn_left = -4.196235745e+18, f = -0.0007309222554
ecurr = -8.40703125, pn_right = -4.188104587e+18, pn_left = -4.189153925e+18, f = -0.0001252603525
ecurr = -8.406875, pn_right = -4.186104111e+18, pn_left = -4.182084167e+18, f = 0.0004803839634
ecurr = -8.406953125, pn_right = -4.187104234e+18, pn_left = -4.18561754e+18, f = 0.0001775640045
ecurr = -8.40703125, pn_right = -4.188104587e+18, pn_left = -4.189153925e+18, f = -0.0001252603525
ecurr = -8.407109375, pn_right = -4.189105169e+18, pn_left = -4.192693326e+18, f = -0.0004280891062
ecurr = -8.407070313, pn_right = -4.188604849e+18, pn_left = -4.190923248e+18, f = -0.0002766741798
ecurr = -8.40703125, pn_right = -4.188104587e+18, pn_left = -4.189153925e+18, f = -0.0001252603525
ecurr = -8.406992188, pn_right = -4.187604382e+18, pn_left = -4.187385356e+18, f = 2.615237566e-05
ecurr = -8.406953125, pn_right = -4.187104234e+18, pn_left = -4.18561754e+18, f = 0.0001775640045
ecurr = -8.406972656, pn_right = -4.187354301e+18, pn_left = -4.186501354e+18, f = 0.0001018583275
ecurr = -8.406992188, pn_right = -4.187604382e+18, pn_left = -4.187385356e+18, f = 2.615237566e-05
ecurr = -8.407011719, pn_right = -4.187854477e+18, pn_left = -4.188269546e+18, f = -4.9553851e-05
ecurr = -8.407001953, pn_right = -4.187729428e+18, pn_left = -4.187827427e+18, f = -1.170070332e-05
ecurr = -8.406992188, pn_right = -4.187604382e+18, pn_left = -4.187385356e+18, f = 2.615237566e-05
ecurr = -8.40699707, pn_right = -4.187666904e+18, pn_left = -4.187606386e+18, f = 7.225844759e-06
ecurr = -8.407001953, pn_right = -4.187729428e+18, pn_left = -4.187827427e+18, f = -1.17007033e-05
ecurr = -8.406999512, pn_right = -4.187698166e+18, pn_left = -4.187716905e+18, f = -2.237427121e-06
ecurr = -8.40699707, pn_right = -4.187666904e+18, pn_left = -4.187606386e+18, f = 7.225844769e-06
ecurr = -8.406998291, pn_right = -4.187682535e+18, pn_left = -4.187661645e+18, f = 2.494209362e-06
ecurr = -8.406999512, pn_right = -4.187698166e+18, pn_left = -4.187716905e+18, f = -2.237427111e-06
ecurr = -8.407000732, pn_right = -4.187713797e+18, pn_left = -4.187772166e+18, f = -6.96906467e-06
ecurr = -8.407000122, pn_right = -4.187705981e+18, pn_left = -4.187744535e+18, f = -4.603245754e-06
ecurr = -8.406999512, pn_right = -4.187698166e+18, pn_left = -4.187716905e+18, f = -2.237427114e-06
ecurr = -8.406998901, pn_right = -4.18769035e+18, pn_left = -4.187689275e+18, f = 1.283912652e-07
it = 321, e = -8.4069989, de = 6.10351563e-07, f = -2.23742711e-06
Normalizing...
norm = 1.09204665e+37
<T> = 6.5023045
