ecurr = -8, pn_right = -1.170706916e+18, pn_left = 2.307952061e+17, f = 1.491099757
ecurr = -7.99, pn_right = -1.133754415e+18, pn_left = 2.357019853e+17, f = 1.524918095
ecurr = -7.995, pn_right = -1.152087776e+18, pn_left = 2.333682287e+17, f = 1.50802931
ecurr = -8, pn_right = -1.170706916e+18, pn_left = 2.307952061e+17, f = 1.491099757
ecurr = -8.005, pn_right = -1.189616114e+18, pn_left = 2.27972002e+17, f = 1.474129668
ecurr = -8.01, pn_right = -1.208819711e+18, pn_left = 2.248872479e+17, f = 1.457119277
ecurr = -8.015, pn_right = -1.228322108e+18, pn_left = 2.21529103e+17, f = 1.440068816
ecurr = -8.02, pn_right = -1.248127771e+18, pn_left = 2.178852329e+17, f = 1.422978522
ecurr = -8.025, pn_right = -1.268241228e+18, pn_left = 2.139427885e+17, f = 1.40584863
ecurr = -8.03, pn_right = -1.288667073e+18, pn_left = 2.096883828e+17, f = 1.388679377
ecurr = -8.035, pn_right = -1.309409965e+18, pn_left = 2.051080669e+17, f = 1.371471003
ecurr = -8.04, pn_right = -1.330474628e+18, pn_left = 2.001873051e+17, f = 1.354223747
ecurr = -8.045, pn_right = -1.351865856e+18, pn_left = 1.949109487e+17, f = 1.336937849
ecurr = -8.05, pn_right = -1.373588509e+18, pn_left = 1.892632074e+17, f = 1.319613551
ecurr = -8.055, pn_right = -1.395647517e+18, pn_left = 1.832276212e+17, f = 1.302251096
ecurr = -8.06, pn_right = -1.418047878e+18, pn_left = 1.767870289e+17, f = 1.284850729
ecurr = -8.065, pn_right = -1.440794665e+18, pn_left = 1.699235363e+17, f = 1.267412694
ecurr = -8.07, pn_right = -1.463893019e+18, pn_left = 1.626184821e+17, f = 1.249937238
ecurr = -8.075, pn_right = -1.487348156e+18, pn_left = 1.548524022e+17, f = 1.232424609
ecurr = -8.08, pn_right = -1.511165365e+18, pn_left = 1.46604992e+17, f = 1.214875054
ecurr = -8.085, pn_right = -1.53535001e+18, pn_left = 1.378550668e+17, f = 1.197288824
ecurr = -8.09, pn_right = -1.55990753e+18, pn_left = 1.285805201e+17, f = 1.179666169
ecurr = -8.095, pn_right = -1.584843443e+18, pn_left = 1.187582794e+17, f = 1.162007341
ecurr = -8.1, pn_right = -1.610163343e+18, pn_left = 1.083642599e+17, f = 1.144312593
ecurr = -8.105, pn_right = -1.635872903e+18, pn_left = 9.73733153e+16, f = 1.126582179
ecurr = -8.11, pn_right = -1.661977876e+18, pn_left = 8.575918628e+16, f = 1.108816355
ecurr = -8.115, pn_right = -1.688484098e+18, pn_left = 7.34944456e+16, f = 1.091015376
ecurr = -8.12, pn_right = -1.715397483e+18, pn_left = 6.055044047e+16, f = 1.073179501
ecurr = -8.125, pn_right = -1.742724033e+18, pn_left = 4.68972315e+16, f = 1.055308987
ecurr = -8.13, pn_right = -1.77046983e+18, pn_left = 3.250352813e+16, f = 1.037404095
ecurr = -8.135, pn_right = -1.798641045e+18, pn_left = 1.73366203e+16, f = 1.019465084
ecurr = -8.14, pn_right = -1.827243932e+18, pn_left = 1.362306174e+15, f = 1.001492217
ecurr = -8.145, pn_right = -1.856284836e+18, pn_left = -1.545518447e+16, f = 0.9834857573
ecurr = -8.15, pn_right = -1.885770188e+18, pn_left = -3.31532714e+16, f = 0.9654459679
ecurr = -8.155, pn_right = -1.915706511e+18, pn_left = -5.177110996e+16, f = 0.9473731143
ecurr = -8.16, pn_right = -1.946100418e+18, pn_left = -7.134968232e+16, f = 0.9292674626
ecurr = -8.165, pn_right = -1.976958616e+18, pn_left = -9.193189439e+16, f = 0.9111292802
ecurr = -8.17, pn_right = -2.008287904e+18, pn_left = -1.135626786e+17, f = 0.8929588355
ecurr = -8.175, pn_right = -2.040095176e+18, pn_left = -1.362891035e+17, f = 0.8747563978
ecurr = -8.18, pn_right = -2.072387422e+18, pn_left = -1.601604893e+17, f = 0.8565222377
ecurr = -8.185, pn_right = -2.105171731e+18, pn_left = -1.852285322e+17, f = 0.8382566269
ecurr = -8.19, pn_right = -2.138455289e+18, pn_left = -2.115474356e+17, f = 0.819959838
ecurr = -8.195, pn_right = -2.172245382e+18, pn_left = -2.391740503e+17, f = 0.8016321449
ecurr = -8.2, pn_right = -2.206549398e+18, pn_left = -2.681680238e+17, f = 0.7832738223
ecurr = -8.205, pn_right = -2.241374826e+18, pn_left = -2.985919597e+17, f = 0.7648851463
ecurr = -8.21, pn_right = -2.276729262e+18, pn_left = -3.305115874e+17, f = 0.7464663938
ecurr = -8.215, pn_right = -2.312620403e+18, pn_left = -3.639959439e+17, f = 0.7280178429
ecurr = -8.22, pn_right = -2.349056057e+18, pn_left = -3.991175676e+17, f = 0.7095397729
ecurr = -8.225, pn_right = -2.386044137e+18, pn_left = -4.359527058e+17, f = 0.6910324638
ecurr = -8.23, pn_right = -2.423592666e+18, pn_left = -4.745815364e+17, f = 0.6724961971
ecurr = -8.235, pn_right = -2.461709779e+18, pn_left = -5.15088406e+17, f = 0.653931255
ecurr = -8.24, pn_right = -2.500403721e+18, pn_left = -5.575620841e+17, f = 0.635337921
ecurr = -8.245, pn_right = -2.539682854e+18, pn_left = -6.020960369e+17, f = 0.6167164796
ecurr = -8.25, pn_right = -2.579555653e+18, pn_left = -6.487887204e+17, f = 0.5980672163
ecurr = -8.255, pn_right = -2.620030709e+18, pn_left = -6.977438952e+17, f = 0.5793904177
ecurr = -8.26, pn_right = -2.661116733e+18, pn_left = -7.490709661e+17, f = 0.5606863715
ecurr = -8.265, pn_right = -2.702822556e+18, pn_left = -8.028853457e+17, f = 0.5419553663
ecurr = -8.27, pn_right = -2.745157128e+18, pn_left = -8.593088481e+17, f = 0.523197692
ecurr = -8.275, pn_right = -2.788129523e+18, pn_left = -9.184701117e+17, f = 0.5044136394
ecurr = -8.28, pn_right = -2.831748941e+18, pn_left = -9.805050563e+17, f = 0.4856035002
ecurr = -8.285, pn_right = -2.876024706e+18, pn_left = -1.045557377e+18, f = 0.4667675674
ecurr = -8.29, pn_right = -2.92096627e+18, pn_left = -1.113779076e+18, f = 0.447906135
ecurr = -8.295, pn_right = -2.966583215e+18, pn_left = -1.185331044e+18, f = 0.4290194978
ecurr = -8.3, pn_right = -3.012885254e+18, pn_left = -1.260383682e+18, f = 0.410107952
ecurr = -8.305, pn_right = -3.059882232e+18, pn_left = -1.33911758e+18, f = 0.3911717946
ecurr = -8.31, pn_right = -3.107584127e+18, pn_left = -1.421724258e+18, f = 0.3722113237
ecurr = -8.315, pn_right = -3.156001057e+18, pn_left = -1.50840696e+18, f = 0.3532268384
ecurr = -8.32, pn_right = -3.205143274e+18, pn_left = -1.599381533e+18, f = 0.3342186388
ecurr = -8.325, pn_right = -3.255021172e+18, pn_left = -1.694877371e+18, f = 0.3151870261
ecurr = -8.33, pn_right = -3.305645283e+18, pn_left = -1.795138451e+18, f = 0.2961323025
ecurr = -8.335, pn_right = -3.357026287e+18, pn_left = -1.90042447e+18, f = 0.2770547713
ecurr = -8.34, pn_right = -3.409175005e+18, pn_left = -2.011012074e+18, f = 0.2579547366
ecurr = -8.345, pn_right = -3.462102405e+18, pn_left = -2.12719622e+18, f = 0.2388325037
ecurr = -8.35, pn_right = -3.515819607e+18, pn_left = -2.249291659e+18, f = 0.219688379
ecurr = -8.355, pn_right = -3.570337878e+18, pn_left = -2.377634565e+18, f = 0.2005226696
ecurr = -8.36, pn_right = -3.625668639e+18, pn_left = -2.512584338e+18, f = 0.1813356838
ecurr = -8.365, pn_right = -3.681823465e+18, pn_left = -2.654525572e+18, f = 0.1621277311
ecurr = -8.37, pn_right = -3.738814087e+18, pn_left = -2.803870244e+18, f = 0.1428991215
ecurr = -8.375, pn_right = -3.796652395e+18, pn_left = -2.961060118e+18, f = 0.1236501665
ecurr = -8.38, pn_right = -3.855350439e+18, pn_left = -3.126569417e+18, f = 0.1043811784
ecurr = -8.385, pn_right = -3.914920431e+18, pn_left = -3.300907783e+18, f = 0.08509247039
ecurr = -8.39, pn_right = -3.975374748e+18, pn_left = -3.484623558e+18, f = 0.06578435683
ecurr = -8.395, pn_right = -4.036725932e+18, pn_left = -3.678307447e+18, f = 0.04645715297
ecurr = -8.4, pn_right = -4.098986696e+18, pn_left = -3.882596594e+18, f = 0.02711117508
ecurr = -8.405, pn_right = -4.162169921e+18, pn_left = -4.098179141e+18, f = 0.007746740427
ecurr = -8.41, pn_right = -4.226288661e+18, pn_left = -4.325799327e+18, f = -0.01163583277
ecurr = -8.4075, pn_right = -4.194111529e+18, pn_left = -4.210435671e+18, f = -0.001942298783
ecurr = -8.405, pn_right = -4.162169921e+18, pn_left = -4.098179141e+18, f = 0.007746740427
ecurr = -8.40625, pn_right = -4.178111387e+18, pn_left = -4.153925275e+18, f = 0.002902785163
ecurr = -8.4075, pn_right = -4.194111529e+18, pn_left = -4.210435671e+18, f = -0.001942298783
ecurr = -8.40875, pn_right = -4.210170551e+18, pn_left = -4.267722784e+18, f = -0.006788506425
ecurr = -8.408125, pn_right = -4.202133667e+18, pn_left = -4.238981349e+18, f = -0.004365262454
ecurr = -8.4075, pn_right = -4.194111529e+18, pn_left = -4.210435671e+18, f = -0.001942298783
ecurr = -8.406875, pn_right = -4.186104111e+18, pn_left = -4.182084167e+18, f = 0.0004803839634
ecurr = -8.40625, pn_right = -4.178111387e+18, pn_left = -4.153925275e+18, f = 0.002902785163
ecurr = -8.4065625, pn_right = -4.182105914e+18, pn_left = -4.167980742e+18, f = 0.001691619795
ecurr = -8.406875, pn_right = -4.186104111e+18, pn_left = -4.182084167e+18, f = 0.0004803839634
ecurr = -8.4071875, pn_right = -4.190105981e+18, pn_left = -4.196235745e+18, f = -0.0007309222555
ecurr = -8.40703125, pn_right = -4.188104587e+18, pn_left = -4.189153925e+18, f = -0.0001252603526
ecurr = -8.406875, pn_right = -4.186104111e+18, pn_left = -4.182084167e+18, f = 0.0004803839634
ecurr = -8.406953125, pn_right = -4.187104234e+18, pn_left = -4.18561754e+18, f = 0.0001775640044
ecurr = -8.40703125, pn_right = -4.188104587e+18, pn_left = -4.189153925e+18, f = -0.0001252603526
ecurr = -8.407109375, pn_right = -4.189105169e+18, pn_left = -4.192693326e+18, f = -0.0004280891063
ecurr = -8.407070313, pn_right = -4.188604849e+18, pn_left = -4.190923248e+18, f = -0.0002766741799
ecurr = -8.40703125, pn_right = -4.188104587e+18, pn_left = -4.189153925e+18, f = -0.0001252603526
ecurr = -8.406992188, pn_right = -4.187604382e+18, pn_left = -4.187385356e+18, f = 2.615237558e-05
ecurr = -8.406953125, pn_right = -4.187104234e+18, pn_left = -4.18561754e+18, f = 0.0001775640044
ecurr = -8.406972656, pn_right = -4.187354301e+18, pn_left = -4.186501354e+18, f = 0.0001018583274
ecurr = -8.406992188, pn_right = -4.187604382e+18, pn_left = -4.187385356e+18, f = 2.615237558e-05
ecurr = -8.407011719, pn_right = -4.187854477e+18, pn_left = -4.188269546e+18, f = -4.955385109e-05
ecurr = -8.407001953, pn_right = -4.187729428e+18, pn_left = -4.187827427e+18, f = -1.17007034e-05
ecurr = -8.406992188, pn_right = -4.187604382e+18, pn_left = -4.187385356e+18, f = 2.615237558e-05
ecurr = -8.40699707, pn_right = -4.187666904e+18, pn_left = -4.187606386e+18, f = 7.225844677e-06
ecurr = -8.407001953, pn_right = -4.187729428e+18, pn_left = -4.187827427e+18, f = -1.170070339e-05
ecurr = -8.406999512, pn_right = -4.187698166e+18, pn_left = -4.187716905e+18, f = -2.237427204e-06
ecurr = -8.40699707, pn_right = -4.187666904e+18, pn_left = -4.187606386e+18, f = 7.225844683e-06
ecurr = -8.406998291, pn_right = -4.187682535e+18, pn_left = -4.187661645e+18, f = 2.494209283e-06
ecurr = -8.406999512, pn_right = -4.187698166e+18, pn_left = -4.187716905e+18, f = -2.237427204e-06
ecurr = -8.407000732, pn_right = -4.187713797e+18, pn_left = -4.187772166e+18, f = -6.969064746e-06
ecurr = -8.407000122, pn_right = -4.187705981e+18, pn_left = -4.187744535e+18, f = -4.603245838e-06
ecurr = -8.406999512, pn_right = -4.187698166e+18, pn_left = -4.187716905e+18, f = -2.237427196e-06
ecurr = -8.406998901, pn_right = -4.18769035e+18, pn_left = -4.187689275e+18, f = 1.283911869e-07
it = 121, e = -8.4069989, de = 6.10351563e-07, f = -2.2374272e-06
Normalizing...
norm = 1.09204665e+37
<T> = 6.5023045
