ecurr = -11, pn_right = -2.111392653e+21, pn_left = 3.640105675e+21, f = -3.76231395
ecurr = -10.99, pn_right = -2.091059286e+21, pn_left = 3.584158411e+21, f = -3.80096512
ecurr = -10.995, pn_right = -2.101295679e+21, pn_left = 3.612093572e+21, f = -3.781703219
ecurr = -11, pn_right = -2.111392653e+21, pn_left = 3.640105675e+21, f = -3.76231395
ecurr = -11.005, pn_right = -2.121344358e+21, pn_left = 3.668191579e+21, f = -3.742797517
ecurr = -11.01, pn_right = -2.131144816e+21, pn_left = 3.696348044e+21, f = -3.723154128
ecurr = -11.015, pn_right = -2.140787914e+21, pn_left = 3.724571734e+21, f = -3.703383995
ecurr = -11.02, pn_right = -2.150267404e+21, pn_left = 3.752859209e+21, f = -3.683487332
ecurr = -11.025, pn_right = -2.159576897e+21, pn_left = 3.781206929e+21, f = -3.66346436
ecurr = -11.03, pn_right = -2.168709867e+21, pn_left = 3.809611249e+21, f = -3.643315302
ecurr = -11.035, pn_right = -2.17765964e+21, pn_left = 3.838068417e+21, f = -3.623040385
ecurr = -11.04, pn_right = -2.186419398e+21, pn_left = 3.866574573e+21, f = -3.60263984
ecurr = -11.045, pn_right = -2.194982176e+21, pn_left = 3.895125745e+21, f = -3.582113904
ecurr = -11.05, pn_right = -2.203340853e+21, pn_left = 3.923717849e+21, f = -3.561462817
ecurr = -11.055, pn_right = -2.211488158e+21, pn_left = 3.952346685e+21, f = -3.540686821
ecurr = -11.06, pn_right = -2.219416661e+21, pn_left = 3.981007936e+21, f = -3.519786165
ecurr = -11.065, pn_right = -2.227118772e+21, pn_left = 4.009697164e+21, f = -3.498761101
ecurr = -11.07, pn_right = -2.23458674e+21, pn_left = 4.038409811e+21, f = -3.477611885
ecurr = -11.075, pn_right = -2.241812646e+21, pn_left = 4.067141193e+21, f = -3.456338776
ecurr = -11.08, pn_right = -2.248788404e+21, pn_left = 4.0958865e+21, f = -3.43494204
ecurr = -11.085, pn_right = -2.255505756e+21, pn_left = 4.124640791e+21, f = -3.413421945
ecurr = -11.09, pn_right = -2.26195627e+21, pn_left = 4.153398995e+21, f = -3.391778763
ecurr = -11.095, pn_right = -2.268131336e+21, pn_left = 4.182155905e+21, f = -3.37001277
ecurr = -11.1, pn_right = -2.274022163e+21, pn_left = 4.210906179e+21, f = -3.348124249
ecurr = -11.105, pn_right = -2.279619777e+21, pn_left = 4.239644334e+21, f = -3.326113485
ecurr = -11.11, pn_right = -2.284915015e+21, pn_left = 4.268364745e+21, f = -3.303980765
ecurr = -11.115, pn_right = -2.289898524e+21, pn_left = 4.297061643e+21, f = -3.281726385
ecurr = -11.12, pn_right = -2.294560759e+21, pn_left = 4.32572911e+21, f = -3.259350642
ecurr = -11.125, pn_right = -2.298891975e+21, pn_left = 4.354361079e+21, f = -3.236853837
ecurr = -11.13, pn_right = -2.302882229e+21, pn_left = 4.382951328e+21, f = -3.214236278
ecurr = -11.135, pn_right = -2.306521372e+21, pn_left = 4.411493481e+21, f = -3.191498274
ecurr = -11.14, pn_right = -2.309799046e+21, pn_left = 4.439981001e+21, f = -3.16864014
ecurr = -11.145, pn_right = -2.312704685e+21, pn_left = 4.468407191e+21, f = -3.145662196
ecurr = -11.15, pn_right = -2.315227506e+21, pn_left = 4.496765187e+21, f = -3.122564764
ecurr = -11.155, pn_right = -2.317356507e+21, pn_left = 4.525047959e+21, f = -3.099348173
ecurr = -11.16, pn_right = -2.319080464e+21, pn_left = 4.553248303e+21, f = -3.076012753
ecurr = -11.165, pn_right = -2.320387926e+21, pn_left = 4.581358845e+21, f = -3.052558842
ecurr = -11.17, pn_right = -2.321267212e+21, pn_left = 4.609372028e+21, f = -3.02898678
ecurr = -11.175, pn_right = -2.321706407e+21, pn_left = 4.637280118e+21, f = -3.005296912
ecurr = -11.18, pn_right = -2.321693357e+21, pn_left = 4.665075197e+21, f = -2.981489587
ecurr = -11.185, pn_right = -2.321215667e+21, pn_left = 4.692749157e+21, f = -2.957565159
ecurr = -11.19, pn_right = -2.320260693e+21, pn_left = 4.720293701e+21, f = -2.933523985
ecurr = -11.195, pn_right = -2.318815542e+21, pn_left = 4.747700337e+21, f = -2.909366428
ecurr = -11.2, pn_right = -2.316867066e+21, pn_left = 4.774960375e+21, f = -2.885092854
ecurr = -11.205, pn_right = -2.314401856e+21, pn_left = 4.802064923e+21, f = -2.860703636
ecurr = -11.21, pn_right = -2.311406242e+21, pn_left = 4.829004886e+21, f = -2.836199147
ecurr = -11.215, pn_right = -2.307866282e+21, pn_left = 4.855770957e+21, f = -2.811579769
ecurr = -11.22, pn_right = -2.303767763e+21, pn_left = 4.882353619e+21, f = -2.786845885
ecurr = -11.225, pn_right = -2.299096196e+21, pn_left = 4.908743137e+21, f = -2.761997885
ecurr = -11.23, pn_right = -2.293836806e+21, pn_left = 4.934929557e+21, f = -2.737036161
ecurr = -11.235, pn_right = -2.287974535e+21, pn_left = 4.960902699e+21, f = -2.711961112
ecurr = -11.24, pn_right = -2.281494031e+21, pn_left = 4.986652157e+21, f = -2.686773138
ecurr = -11.245, pn_right = -2.274379645e+21, pn_left = 5.012167291e+21, f = -2.661472648
ecurr = -11.25, pn_right = -2.266615427e+21, pn_left = 5.037437224e+21, f = -2.636060052
ecurr = -11.255, pn_right = -2.25818512e+21, pn_left = 5.062450841e+21, f = -2.610535766
ecurr = -11.26, pn_right = -2.249072155e+21, pn_left = 5.087196779e+21, f = -2.584900209
ecurr = -11.265, pn_right = -2.239259646e+21, pn_left = 5.11166343e+21, f = -2.559153807
ecurr = -11.27, pn_right = -2.228730385e+21, pn_left = 5.135838927e+21, f = -2.533296988
ecurr = -11.275, pn_right = -2.217466835e+21, pn_left = 5.159711149e+21, f = -2.507330186
ecurr = -11.28, pn_right = -2.205451126e+21, pn_left = 5.183267712e+21, f = -2.48125384
ecurr = -11.285, pn_right = -2.19266505e+21, pn_left = 5.206495963e+21, f = -2.455068391
ecurr = -11.29, pn_right = -2.179090053e+21, pn_left = 5.229382979e+21, f = -2.428774288
ecurr = -11.295, pn_right = -2.164707232e+21, pn_left = 5.25191556e+21, f = -2.402371983
ecurr = -11.3, pn_right = -2.149497328e+21, pn_left = 5.274080224e+21, f = -2.37586193
ecurr = -11.305, pn_right = -2.133440719e+21, pn_left = 5.295863203e+21, f = -2.349244593
ecurr = -11.31, pn_right = -2.116517416e+21, pn_left = 5.317250439e+21, f = -2.322520435
ecurr = -11.315, pn_right = -2.098707055e+21, pn_left = 5.338227577e+21, f = -2.295689928
ecurr = -11.32, pn_right = -2.079988895e+21, pn_left = 5.35877996e+21, f = -2.268753545
ecurr = -11.325, pn_right = -2.060341804e+21, pn_left = 5.378892625e+21, f = -2.241711768
ecurr = -11.33, pn_right = -2.03974426e+21, pn_left = 5.398550298e+21, f = -2.214565079
ecurr = -11.335, pn_right = -2.018174342e+21, pn_left = 5.417737387e+21, f = -2.187313966
ecurr = -11.34, pn_right = -1.995609722e+21, pn_left = 5.436437978e+21, f = -2.159958925
ecurr = -11.345, pn_right = -1.972027661e+21, pn_left = 5.454635829e+21, f = -2.132500451
ecurr = -11.35, pn_right = -1.947405e+21, pn_left = 5.472314364e+21, f = -2.104939049
ecurr = -11.355, pn_right = -1.921718154e+21, pn_left = 5.489456668e+21, f = -2.077275224
ecurr = -11.36, pn_right = -1.894943105e+21, pn_left = 5.50604548e+21, f = -2.04950949
ecurr = -11.365, pn_right = -1.867055397e+21, pn_left = 5.522063191e+21, f = -2.021642362
ecurr = -11.37, pn_right = -1.838030125e+21, pn_left = 5.537491831e+21, f = -1.993674362
ecurr = -11.375, pn_right = -1.80784193e+21, pn_left = 5.552313072e+21, f = -1.965606015
ecurr = -11.38, pn_right = -1.776464991e+21, pn_left = 5.566508212e+21, f = -1.937437854
ecurr = -11.385, pn_right = -1.743873019e+21, pn_left = 5.580058178e+21, f = -1.909170411
ecurr = -11.39, pn_right = -1.710039249e+21, pn_left = 5.592943513e+21, f = -1.880804229
ecurr = -11.395, pn_right = -1.674936428e+21, pn_left = 5.605144374e+21, f = -1.852339851
ecurr = -11.4, pn_right = -1.638536816e+21, pn_left = 5.616640523e+21, f = -1.823777828
ecurr = -11.405, pn_right = -1.600812167e+21, pn_left = 5.62741132e+21, f = -1.795118713
ecurr = -11.41, pn_right = -1.561733733e+21, pn_left = 5.63743572e+21, f = -1.766363065
ecurr = -11.415, pn_right = -1.521272244e+21, pn_left = 5.64669226e+21, f = -1.737511448
ecurr = -11.42, pn_right = -1.47939791e+21, pn_left = 5.65515906e+21, f = -1.70856443
ecurr = -11.425, pn_right = -1.436080406e+21, pn_left = 5.66281381e+21, f = -1.679522586
ecurr = -11.43, pn_right = -1.391288864e+21, pn_left = 5.669633763e+21, f = -1.650386492
ecurr = -11.435, pn_right = -1.34499187e+21, pn_left = 5.675595732e+21, f = -1.621156731
ecurr = -11.44, pn_right = -1.297157447e+21, pn_left = 5.68067608e+21, f = -1.591833892
ecurr = -11.445, pn_right = -1.247753052e+21, pn_left = 5.684850711e+21, f = -1.562418566
ecurr = -11.45, pn_right = -1.196745565e+21, pn_left = 5.688095068e+21, f = -1.532911351
ecurr = -11.455, pn_right = -1.144101281e+21, pn_left = 5.690384118e+21, f = -1.503312848
ecurr = -11.46, pn_right = -1.089785897e+21, pn_left = 5.691692351e+21, f = -1.473623664
ecurr = -11.465, pn_right = -1.03376451e+21, pn_left = 5.691993767e+21, f = -1.443844411
ecurr = -11.47, pn_right = -9.760015971e+20, pn_left = 5.691261871e+21, f = -1.413975705
ecurr = -11.475, pn_right = -9.164610158e+20, pn_left = 5.689469666e+21, f = -1.384018167
ecurr = -11.48, pn_right = -8.551059877e+20, pn_left = 5.68658964e+21, f = -1.353972423
ecurr = -11.485, pn_right = -7.918990914e+20, pn_left = 5.682593763e+21, f = -1.323839104
ecurr = -11.49, pn_right = -7.268022511e+20, pn_left = 5.677453476e+21, f = -1.293618847
ecurr = -11.495, pn_right = -6.597767273e+20, pn_left = 5.671139683e+21, f = -1.26331229
ecurr = -11.5, pn_right = -5.907831055e+20, pn_left = 5.66362274e+21, f = -1.23292008
ecurr = -11.505, pn_right = -5.197812863e+20, pn_left = 5.654872451e+21, f = -1.202442866
ecurr = -11.51, pn_right = -4.467304741e+20, pn_left = 5.644858056e+21, f = -1.171881304
ecurr = -11.515, pn_right = -3.715891669e+20, pn_left = 5.633548221e+21, f = -1.141236054
ecurr = -11.52, pn_right = -2.943151445e+20, pn_left = 5.620911031e+21, f = -1.11050778
ecurr = -11.525, pn_right = -2.148654579e+20, pn_left = 5.606913981e+21, f = -1.079697153
ecurr = -11.53, pn_right = -1.331964177e+20, pn_left = 5.591523963e+21, f = -1.048804846
ecurr = -11.535, pn_right = -4.926358243e+19, pn_left = 5.574707263e+21, f = -1.017831539
ecurr = -11.54, pn_right = 3.697825268e+19, pn_left = 5.556429542e+21, f = -0.9867779164
ecurr = -11.545, pn_right = 1.25575068e+20, pn_left = 5.536655836e+21, f = -0.9556446672
ecurr = -11.55, pn_right = 2.165736313e+20, pn_left = 5.515350538e+21, f = -0.9244324855
ecurr = -11.555, pn_right = 3.1002151e+20, pn_left = 5.492477394e+21, f = -0.8931420703
ecurr = -11.56, pn_right = 4.059670835e+20, pn_left = 5.467999488e+21, f = -0.8617741254
ecurr = -11.565, pn_right = 5.044595558e+20, pn_left = 5.441879236e+21, f = -0.8303293595
ecurr = -11.57, pn_right = 6.055489679e+20, pn_left = 5.414078369e+21, f = -0.7988084863
ecurr = -11.575, pn_right = 7.092862114e+20, pn_left = 5.384557931e+21, f = -0.7672122244
ecurr = -11.58, pn_right = 8.157230407e+20, pn_left = 5.35327826e+21, f = -0.7355412972
ecurr = -11.585, pn_right = 9.249120869e+20, pn_left = 5.320198983e+21, f = -0.7037964332
ecurr = -11.59, pn_right = 1.036906871e+21, pn_left = 5.285279e+21, f = -0.6719783656
ecurr = -11.595, pn_right = 1.151761818e+21, pn_left = 5.248476476e+21, f = -0.6400878327
ecurr = -11.6, pn_right = 1.269532269e+21, pn_left = 5.20974883e+21, f = -0.6081255776
ecurr = -11.605, pn_right = 1.390274498e+21, pn_left = 5.16905272e+21, f = -0.5760923485
ecurr = -11.61, pn_right = 1.514045725e+21, pn_left = 5.126344033e+21, f = -0.5439888982
ecurr = -11.615, pn_right = 1.640904128e+21, pn_left = 5.081577875e+21, f = -0.5118159848
ecurr = -11.62, pn_right = 1.770908862e+21, pn_left = 5.034708555e+21, f = -0.4795743711
ecurr = -11.625, pn_right = 1.90412007e+21, pn_left = 4.985689575e+21, f = -0.447264825
ecurr = -11.63, pn_right = 2.0405989e+21, pn_left = 4.934473618e+21, f = -0.4148881191
ecurr = -11.635, pn_right = 2.180407521e+21, pn_left = 4.881012535e+21, f = -0.3824450312
ecurr = -11.64, pn_right = 2.323609136e+21, pn_left = 4.825257331e+21, f = -0.3499363439
ecurr = -11.645, pn_right = 2.470268e+21, pn_left = 4.767158153e+21, f = -0.3173628448
ecurr = -11.65, pn_right = 2.620449433e+21, pn_left = 4.706664275e+21, f = -0.2847253264
ecurr = -11.655, pn_right = 2.774219841e+21, pn_left = 4.64372409e+21, f = -0.2520245861
ecurr = -11.66, pn_right = 2.931646727e+21, pn_left = 4.578285089e+21, f = -0.2192614264
ecurr = -11.665, pn_right = 3.092798711e+21, pn_left = 4.510293854e+21, f = -0.1864366546
ecurr = -11.67, pn_right = 3.257745546e+21, pn_left = 4.439696038e+21, f = -0.1535510831
ecurr = -11.675, pn_right = 3.426558134e+21, pn_left = 4.366436358e+21, f = -0.120605529
ecurr = -11.68, pn_right = 3.599308545e+21, pn_left = 4.290458572e+21, f = -0.08760081463
ecurr = -11.685, pn_right = 3.776070034e+21, pn_left = 4.211705474e+21, f = -0.05453776713
ecurr = -11.69, pn_right = 3.956917055e+21, pn_left = 4.130118871e+21, f = -0.02141721861
ecurr = -11.695, pn_right = 4.141925287e+21, pn_left = 4.045639575e+21, f = 0.01175999387
ecurr = -11.7, pn_right = 4.331171645e+21, pn_left = 3.95820738e+21, f = 0.04499302829
ecurr = -11.6975, pn_right = 4.236013844e+21, pn_left = 4.002296392e+21, f = 0.02836958616
ecurr = -11.695, pn_right = 4.141925287e+21, pn_left = 4.045639575e+21, f = 0.01175999387
ecurr = -11.6925, pn_right = 4.048896242e+21, pn_left = 4.088244549e+21, f = -0.004835642851
ecurr = -11.69, pn_right = 3.956917055e+21, pn_left = 4.130118871e+21, f = -0.02141721861
ecurr = -11.69125, pn_right = 4.002776016e+21, pn_left = 4.109272572e+21, f = -0.01312819493
ecurr = -11.6925, pn_right = 4.048896242e+21, pn_left = 4.088244549e+21, f = -0.004835642851
ecurr = -11.69375, pn_right = 4.095278931e+21, pn_left = 4.067033864e+21, f = 0.003460424471
ecurr = -11.695, pn_right = 4.141925287e+21, pn_left = 4.045639575e+21, f = 0.01175999387
ecurr = -11.694375, pn_right = 4.118569075e+21, pn_left = 4.056359729e+21, f = 0.007609772237
ecurr = -11.69375, pn_right = 4.095278931e+21, pn_left = 4.067033864e+21, f = 0.003460424472
ecurr = -11.693125, pn_right = 4.072054703e+21, pn_left = 4.077662098e+21, f = -0.0006880477731
ecurr = -11.6925, pn_right = 4.048896242e+21, pn_left = 4.088244549e+21, f = -0.004835642851
ecurr = -11.6928125, pn_right = 4.060467261e+21, pn_left = 4.082959039e+21, f = -0.002761955061
ecurr = -11.693125, pn_right = 4.072054703e+21, pn_left = 4.077662098e+21, f = -0.0006880477731
ecurr = -11.6934375, pn_right = 4.083658587e+21, pn_left = 4.072353711e+21, f = 0.001386078806
ecurr = -11.69328125, pn_right = 4.077854589e+21, pn_left = 4.075009336e+21, f = 0.000348988118
ecurr = -11.693125, pn_right = 4.072054703e+21, pn_left = 4.077662098e+21, f = -0.0006880477731
ecurr = -11.69320313, pn_right = 4.074954132e+21, pn_left = 4.076336075e+21, f = -0.0001695366788
ecurr = -11.69328125, pn_right = 4.077854589e+21, pn_left = 4.075009336e+21, f = 0.000348988118
ecurr = -11.69324219, pn_right = 4.076404232e+21, pn_left = 4.075672795e+21, f = 8.972400694e-05
ecurr = -11.69320313, pn_right = 4.074954132e+21, pn_left = 4.076336075e+21, f = -0.0001695366788
ecurr = -11.69322266, pn_right = 4.07567915e+21, pn_left = 4.076004457e+21, f = -3.990676413e-05
ecurr = -11.69324219, pn_right = 4.076404232e+21, pn_left = 4.075672795e+21, f = 8.972400694e-05
ecurr = -11.69323242, pn_right = 4.076041683e+21, pn_left = 4.075838632e+21, f = 2.490851436e-05
ecurr = -11.69322266, pn_right = 4.07567915e+21, pn_left = 4.076004457e+21, f = -3.990676413e-05
ecurr = -11.69322754, pn_right = 4.075860414e+21, pn_left = 4.075921546e+21, f = -7.499151645e-06
ecurr = -11.69323242, pn_right = 4.076041683e+21, pn_left = 4.075838632e+21, f = 2.490851435e-05
ecurr = -11.69322998, pn_right = 4.075951048e+21, pn_left = 4.075880089e+21, f = 8.704674658e-06
ecurr = -11.69322754, pn_right = 4.075860414e+21, pn_left = 4.075921546e+21, f = -7.499151658e-06
ecurr = -11.6932251, pn_right = 4.075769781e+21, pn_left = 4.075963002e+21, f = -2.37029646e-05
ecurr = -11.69322632, pn_right = 4.075815098e+21, pn_left = 4.075942274e+21, f = -1.56010598e-05
ecurr = -11.69322754, pn_right = 4.075860414e+21, pn_left = 4.075921546e+21, f = -7.499151664e-06
ecurr = -11.69322876, pn_right = 4.075905731e+21, pn_left = 4.075900817e+21, f = 6.027598045e-07
it = 176, e = -11.6932288, de = -1.22070313e-06, f = -7.49915166e-06
Normalizing...
norm = 2.53616667e+45
<T> = 3.78415292
