ecurr = -13, pn_right = 1.047447246e+24, pn_left = -7.920698924e+23, f = 7.203133376
ecurr = -12.99, pn_right = 1.015841257e+24, pn_left = -7.67768609e+23, f = 7.189869101
ecurr = -12.98, pn_right = 9.851158495e+23, pn_left = -7.441220819e+23, f = 7.175446688
ecurr = -12.97, pn_right = 9.552483528e+23, pn_left = -7.211153498e+23, f = 7.159877853
ecurr = -12.96, pn_right = 9.262166283e+23, pn_left = -6.987336872e+23, f = 7.143174373
ecurr = -12.95, pn_right = 8.979990588e+23, pn_left = -6.76962606e+23, f = 7.12534808
ecurr = -12.94, pn_right = 8.705745376e+23, pn_left = -6.557878577e+23, f = 7.106410863
ecurr = -12.93, pn_right = 8.439224579e+23, pn_left = -6.351954342e+23, f = 7.086374664
ecurr = -12.92, pn_right = 8.180227024e+23, pn_left = -6.151715687e+23, f = 7.065251472
ecurr = -12.91, pn_right = 7.92855633e+23, pn_left = -5.957027358e+23, f = 7.043053326
ecurr = -12.9, pn_right = 7.684020807e+23, pn_left = -5.767756517e+23, f = 7.019792306
ecurr = -12.89, pn_right = 7.446433358e+23, pn_left = -5.58377274e+23, f = 6.995480537
ecurr = -12.88, pn_right = 7.215611378e+23, pn_left = -5.40494801e+23, f = 6.97013018
ecurr = -12.87, pn_right = 6.991376662e+23, pn_left = -5.231156706e+23, f = 6.943753436
ecurr = -12.86, pn_right = 6.77355531e+23, pn_left = -5.062275596e+23, f = 6.916362538
ecurr = -12.85, pn_right = 6.561977632e+23, pn_left = -4.898183819e+23, f = 6.88796975
ecurr = -12.84, pn_right = 6.356478059e+23, pn_left = -4.738762874e+23, f = 6.858587369
ecurr = -12.83, pn_right = 6.156895054e+23, pn_left = -4.583896598e+23, f = 6.828227716
ecurr = -12.82, pn_right = 5.963071023e+23, pn_left = -4.433471151e+23, f = 6.796903138
ecurr = -12.81, pn_right = 5.77485223e+23, pn_left = -4.28737499e+23, f = 6.764626004
ecurr = -12.8, pn_right = 5.592088711e+23, pn_left = -4.145498853e+23, f = 6.731408704
ecurr = -12.79, pn_right = 5.414634193e+23, pn_left = -4.00773573e+23, f = 6.697263644
ecurr = -12.78, pn_right = 5.242346009e+23, pn_left = -3.873980843e+23, f = 6.662203249
ecurr = -12.77, pn_right = 5.075085022e+23, pn_left = -3.744131616e+23, f = 6.626239956
ecurr = -12.76, pn_right = 4.912715544e+23, pn_left = -3.61808765e+23, f = 6.589386212
ecurr = -12.75, pn_right = 4.75510526e+23, pn_left = -3.495750698e+23, f = 6.551654477
ecurr = -12.74, pn_right = 4.602125153e+23, pn_left = -3.377024632e+23, f = 6.513057216
ecurr = -12.73, pn_right = 4.453649426e+23, pn_left = -3.26181542e+23, f = 6.4736069
ecurr = -12.72, pn_right = 4.309555435e+23, pn_left = -3.15003109e+23, f = 6.433316004
ecurr = -12.71, pn_right = 4.169723613e+23, pn_left = -3.041581706e+23, f = 6.392197004
ecurr = -12.7, pn_right = 4.034037404e+23, pn_left = -2.936379334e+23, f = 6.350262375
ecurr = -12.69, pn_right = 3.902383189e+23, pn_left = -2.834338014e+23, f = 6.307524591
ecurr = -12.68, pn_right = 3.774650226e+23, pn_left = -2.735373728e+23, f = 6.263996121
ecurr = -12.67, pn_right = 3.650730577e+23, pn_left = -2.639404366e+23, f = 6.219689429
ecurr = -12.66, pn_right = 3.530519047e+23, pn_left = -2.546349701e+23, f = 6.17461697
ecurr = -12.65, pn_right = 3.413913123e+23, pn_left = -2.456131353e+23, f = 6.12879119
ecurr = -12.64, pn_right = 3.300812907e+23, pn_left = -2.368672759e+23, f = 6.082224523
ecurr = -12.63, pn_right = 3.191121056e+23, pn_left = -2.283899141e+23, f = 6.034929393
ecurr = -12.62, pn_right = 3.084742726e+23, pn_left = -2.201737477e+23, f = 5.986918204
ecurr = -12.61, pn_right = 2.981585513e+23, pn_left = -2.122116465e+23, f = 5.938203349
ecurr = -12.6, pn_right = 2.881559389e+23, pn_left = -2.044966496e+23, f = 5.8887972
ecurr = -12.59, pn_right = 2.784576657e+23, pn_left = -1.970219623e+23, f = 5.838712111
ecurr = -12.58, pn_right = 2.690551888e+23, pn_left = -1.897809525e+23, f = 5.787960412
ecurr = -12.57, pn_right = 2.59940187e+23, pn_left = -1.827671484e+23, f = 5.736554415
ecurr = -12.56, pn_right = 2.511045554e+23, pn_left = -1.759742346e+23, f = 5.684506404
ecurr = -12.55, pn_right = 2.425404006e+23, pn_left = -1.693960497e+23, f = 5.631828639
ecurr = -12.54, pn_right = 2.342400354e+23, pn_left = -1.630265832e+23, f = 5.578533353
ecurr = -12.53, pn_right = 2.261959738e+23, pn_left = -1.568599721e+23, f = 5.524632749
ecurr = -12.52, pn_right = 2.184009263e+23, pn_left = -1.508904984e+23, f = 5.470139001
ecurr = -12.51, pn_right = 2.108477953e+23, pn_left = -1.451125861e+23, f = 5.415064253
ecurr = -12.5, pn_right = 2.035296701e+23, pn_left = -1.395207981e+23, f = 5.359420614
ecurr = -12.49, pn_right = 1.964398228e+23, pn_left = -1.341098334e+23, f = 5.30322016
ecurr = -12.48, pn_right = 1.895717035e+23, pn_left = -1.288745245e+23, f = 5.246474932
ecurr = -12.47, pn_right = 1.829189364e+23, pn_left = -1.238098344e+23, f = 5.189196934
ecurr = -12.46, pn_right = 1.764753151e+23, pn_left = -1.189108538e+23, f = 5.131398131
ecurr = -12.45, pn_right = 1.702347986e+23, pn_left = -1.141727986e+23, f = 5.073090452
ecurr = -12.44, pn_right = 1.641915076e+23, pn_left = -1.095910069e+23, f = 5.014285783
ecurr = -12.43, pn_right = 1.583397199e+23, pn_left = -1.051609367e+23, f = 4.954995969
ecurr = -12.42, pn_right = 1.526738672e+23, pn_left = -1.008781631e+23, f = 4.895232812
ecurr = -12.41, pn_right = 1.471885307e+23, pn_left = -9.673837576e+22, f = 4.835008071
ecurr = -12.4, pn_right = 1.418784379e+23, pn_left = -9.273737636e+22, f = 4.774333461
ecurr = -12.39, pn_right = 1.367384584e+23, pn_left = -8.887107614e+22, f = 4.713220648
ecurr = -12.38, pn_right = 1.317636011e+23, pn_left = -8.513549342e+22, f = 4.651681253
ecurr = -12.37, pn_right = 1.269490101e+23, pn_left = -8.152675121e+22, f = 4.58972685
ecurr = -12.36, pn_right = 1.222899616e+23, pn_left = -7.804107485e+22, f = 4.527368961
ecurr = -12.35, pn_right = 1.177818605e+23, pn_left = -7.467478963e+22, f = 4.464619059
ecurr = -12.34, pn_right = 1.134202372e+23, pn_left = -7.142431855e+22, f = 4.401488567
ecurr = -12.33, pn_right = 1.092007445e+23, pn_left = -6.828618006e+22, f = 4.337988854
ecurr = -12.32, pn_right = 1.051191544e+23, pn_left = -6.525698579e+22, f = 4.274131237
ecurr = -12.31, pn_right = 1.011713552e+23, pn_left = -6.233343845e+22, f = 4.20992698
ecurr = -12.3, pn_right = 9.735334843e+22, pn_left = -5.951232968e+22, f = 4.145387289
ecurr = -12.29, pn_right = 9.366124597e+22, pn_left = -5.679053792e+22, f = 4.080523317
ecurr = -12.28, pn_right = 9.009126735e+22, pn_left = -5.416502638e+22, f = 4.015346159
ecurr = -12.27, pn_right = 8.663973696e+22, pn_left = -5.163284101e+22, f = 3.949866854
ecurr = -12.26, pn_right = 8.330308129e+22, pn_left = -4.919110856e+22, f = 3.884096381
ecurr = -12.25, pn_right = 8.007782639e+22, pn_left = -4.683703458e+22, f = 3.818045661
ecurr = -12.24, pn_right = 7.696059528e+22, pn_left = -4.456790155e+22, f = 3.751725554
ecurr = -12.23, pn_right = 7.394810544e+22, pn_left = -4.238106704e+22, f = 3.685146861
ecurr = -12.22, pn_right = 7.103716636e+22, pn_left = -4.02739618e+22, f = 3.61832032
ecurr = -12.21, pn_right = 6.82246772e+22, pn_left = -3.824408806e+22, f = 3.551256607
ecurr = -12.2, pn_right = 6.550762441e+22, pn_left = -3.628901771e+22, f = 3.483966337
ecurr = -12.19, pn_right = 6.288307949e+22, pn_left = -3.440639062e+22, f = 3.416460059
ecurr = -12.18, pn_right = 6.034819677e+22, pn_left = -3.259391293e+22, f = 3.348748259
ecurr = -12.17, pn_right = 5.790021121e+22, pn_left = -3.084935538e+22, f = 3.280841359
ecurr = -12.16, pn_right = 5.553643633e+22, pn_left = -2.917055176e+22, f = 3.212749714
ecurr = -12.15, pn_right = 5.325426213e+22, pn_left = -2.755539728e+22, f = 3.144483613
ecurr = -12.14, pn_right = 5.105115306e+22, pn_left = -2.6001847e+22, f = 3.076053279
ecurr = -12.13, pn_right = 4.892464609e+22, pn_left = -2.450791438e+22, f = 3.007468868
ecurr = -12.12, pn_right = 4.687234874e+22, pn_left = -2.307166975e+22, f = 2.938740467
ecurr = -12.11, pn_right = 4.489193727e+22, pn_left = -2.169123887e+22, f = 2.869878095
ecurr = -12.1, pn_right = 4.298115482e+22, pn_left = -2.036480151e+22, f = 2.800891703
ecurr = -12.09, pn_right = 4.113780962e+22, pn_left = -1.909059007e+22, f = 2.73179117
ecurr = -12.08, pn_right = 3.935977329e+22, pn_left = -1.786688822e+22, f = 2.662586308
ecurr = -12.07, pn_right = 3.764497911e+22, pn_left = -1.669202957e+22, f = 2.593286857
ecurr = -12.06, pn_right = 3.599142038e+22, pn_left = -1.556439635e+22, f = 2.523902486
ecurr = -12.05, pn_right = 3.439714882e+22, pn_left = -1.44824182e+22, f = 2.454442793
ecurr = -12.04, pn_right = 3.286027296e+22, pn_left = -1.344457088e+22, f = 2.384917303
ecurr = -12.03, pn_right = 3.137895666e+22, pn_left = -1.244937506e+22, f = 2.31533547
ecurr = -12.02, pn_right = 2.995141758e+22, pn_left = -1.149539516e+22, f = 2.245706676
ecurr = -12.01, pn_right = 2.857592572e+22, pn_left = -1.05812382e+22, f = 2.176040227
ecurr = -12, pn_right = 2.725080201e+22, pn_left = -9.705552614e+21, f = 2.106345358
ecurr = -11.99, pn_right = 2.597441693e+22, pn_left = -8.86702722e+21, f = 2.03663123
ecurr = -11.98, pn_right = 2.474518915e+22, pn_left = -8.06439009e+21, f = 1.966906928
ecurr = -11.97, pn_right = 2.356158419e+22, pn_left = -7.296407518e+21, f = 1.897181465
ecurr = -11.96, pn_right = 2.242211319e+22, pn_left = -6.56188299e+21, f = 1.827463777
ecurr = -11.95, pn_right = 2.132533161e+22, pn_left = -5.859656178e+21, f = 1.757762725
ecurr = -11.94, pn_right = 2.026983804e+22, pn_left = -5.188601959e+21, f = 1.688087095
ecurr = -11.93, pn_right = 1.925427297e+22, pn_left = -4.547629465e+21, f = 1.618445598
ecurr = -11.92, pn_right = 1.827731769e+22, pn_left = -3.935681142e+21, f = 1.548846867
ecurr = -11.91, pn_right = 1.733769311e+22, pn_left = -3.351731845e+21, f = 1.479299461
ecurr = -11.9, pn_right = 1.64341587e+22, pn_left = -2.794787946e+21, f = 1.40981186
ecurr = -11.89, pn_right = 1.556551138e+22, pn_left = -2.263886468e+21, f = 1.340392468
ecurr = -11.88, pn_right = 1.47305845e+22, pn_left = -1.758094238e+21, f = 1.271049614
ecurr = -11.87, pn_right = 1.392824682e+22, pn_left = -1.276507064e+21, f = 1.201791546
ecurr = -11.86, pn_right = 1.31574015e+22, pn_left = -8.182489255e+20, f = 1.132626438
ecurr = -11.85, pn_right = 1.241698518e+22, pn_left = -3.824711949e+20, f = 1.063562383
ecurr = -11.84, pn_right = 1.170596697e+22, pn_left = 3.164813397e+19, f = 0.9946073996
ecurr = -11.83, pn_right = 1.10233476e+22, pn_left = 4.249051894e+20, f = 0.9257694257
ecurr = -11.82, pn_right = 1.036815849e+22, pn_left = 7.980709504e+20, f = 0.8570563224
ecurr = -11.81, pn_right = 9.73946088e+21, pn_left = 1.151891956e+21, f = 0.7884758719
ecurr = -11.8, pn_right = 9.136345018e+21, pn_left = 1.487090999e+21, f = 0.7200357782
ecurr = -11.79, pn_right = 8.557929297e+21, pn_left = 1.804367795e+21, f = 0.6517436667
ecurr = -11.78, pn_right = 8.00335947e+21, pn_left = 2.104399645e+21, f = 0.5836070842
ecurr = -11.77, pn_right = 7.471807869e+21, pn_left = 2.387842076e+21, f = 0.5156334983
ecurr = -11.76, pn_right = 6.96247264e+21, pn_left = 2.655329458e+21, f = 0.4478302983
ecurr = -11.75, pn_right = 6.474577007e+21, pn_left = 2.90747562e+21, f = 0.3802047942
ecurr = -11.74, pn_right = 6.007368548e+21, pn_left = 3.144874438e+21, f = 0.3127642169
ecurr = -11.73, pn_right = 5.560118493e+21, pn_left = 3.368100414e+21, f = 0.2455157184
ecurr = -11.72, pn_right = 5.132121044e+21, pn_left = 3.577709236e+21, f = 0.1784663716
ecurr = -11.71, pn_right = 4.722692706e+21, pn_left = 3.774238328e+21, f = 0.1116231701
ecurr = -11.7, pn_right = 4.331171645e+21, pn_left = 3.95820738e+21, f = 0.04499302829
ecurr = -11.69, pn_right = 3.956917055e+21, pn_left = 4.130118871e+21, f = -0.02141721861
ecurr = -11.68, pn_right = 3.599308545e+21, pn_left = 4.290458572e+21, f = -0.08760081464
ecurr = -11.685, pn_right = 3.776070034e+21, pn_left = 4.211705474e+21, f = -0.05453776713
ecurr = -11.69, pn_right = 3.956917055e+21, pn_left = 4.130118871e+21, f = -0.02141721861
ecurr = -11.695, pn_right = 4.141925287e+21, pn_left = 4.045639575e+21, f = 0.01175999387
ecurr = -11.7, pn_right = 4.331171645e+21, pn_left = 3.95820738e+21, f = 0.04499302829
ecurr = -11.6975, pn_right = 4.236013844e+21, pn_left = 4.002296392e+21, f = 0.02836958616
ecurr = -11.695, pn_right = 4.141925287e+21, pn_left = 4.045639575e+21, f = 0.01175999387
ecurr = -11.6925, pn_right = 4.048896242e+21, pn_left = 4.088244549e+21, f = -0.004835642851
ecurr = -11.69, pn_right = 3.956917055e+21, pn_left = 4.130118871e+21, f = -0.02141721861
ecurr = -11.69125, pn_right = 4.002776016e+21, pn_left = 4.109272572e+21, f = -0.01312819493
ecurr = -11.6925, pn_right = 4.048896242e+21, pn_left = 4.088244549e+21, f = -0.004835642851
ecurr = -11.69375, pn_right = 4.095278931e+21, pn_left = 4.067033864e+21, f = 0.003460424471
ecurr = -11.695, pn_right = 4.141925287e+21, pn_left = 4.045639575e+21, f = 0.01175999387
ecurr = -11.694375, pn_right = 4.118569075e+21, pn_left = 4.056359729e+21, f = 0.007609772236
ecurr = -11.69375, pn_right = 4.095278931e+21, pn_left = 4.067033864e+21, f = 0.003460424471
ecurr = -11.693125, pn_right = 4.072054703e+21, pn_left = 4.077662098e+21, f = -0.0006880477736
ecurr = -11.6925, pn_right = 4.048896242e+21, pn_left = 4.088244549e+21, f = -0.004835642851
ecurr = -11.6928125, pn_right = 4.060467261e+21, pn_left = 4.082959039e+21, f = -0.002761955061
ecurr = -11.693125, pn_right = 4.072054703e+21, pn_left = 4.077662098e+21, f = -0.0006880477736
ecurr = -11.6934375, pn_right = 4.083658587e+21, pn_left = 4.072353711e+21, f = 0.001386078806
ecurr = -11.69328125, pn_right = 4.077854589e+21, pn_left = 4.075009336e+21, f = 0.0003489881174
ecurr = -11.693125, pn_right = 4.072054703e+21, pn_left = 4.077662098e+21, f = -0.0006880477736
ecurr = -11.69320313, pn_right = 4.074954132e+21, pn_left = 4.076336075e+21, f = -0.0001695366794
ecurr = -11.69328125, pn_right = 4.077854589e+21, pn_left = 4.075009336e+21, f = 0.0003489881174
ecurr = -11.69324219, pn_right = 4.076404232e+21, pn_left = 4.075672795e+21, f = 8.972400641e-05
ecurr = -11.69320313, pn_right = 4.074954132e+21, pn_left = 4.076336075e+21, f = -0.0001695366794
ecurr = -11.69322266, pn_right = 4.07567915e+21, pn_left = 4.076004457e+21, f = -3.990676465e-05
ecurr = -11.69324219, pn_right = 4.076404232e+21, pn_left = 4.075672795e+21, f = 8.972400641e-05
ecurr = -11.69323242, pn_right = 4.076041683e+21, pn_left = 4.075838632e+21, f = 2.490851384e-05
ecurr = -11.69322266, pn_right = 4.07567915e+21, pn_left = 4.076004457e+21, f = -3.990676465e-05
ecurr = -11.69322754, pn_right = 4.075860414e+21, pn_left = 4.075921546e+21, f = -7.499152179e-06
ecurr = -11.69323242, pn_right = 4.076041683e+21, pn_left = 4.075838632e+21, f = 2.490851383e-05
ecurr = -11.69322998, pn_right = 4.075951048e+21, pn_left = 4.075880089e+21, f = 8.704674135e-06
ecurr = -11.69322754, pn_right = 4.075860414e+21, pn_left = 4.075921546e+21, f = -7.499152191e-06
ecurr = -11.6932251, pn_right = 4.075769781e+21, pn_left = 4.075963002e+21, f = -2.370296512e-05
ecurr = -11.69322632, pn_right = 4.075815098e+21, pn_left = 4.075942274e+21, f = -1.560106033e-05
ecurr = -11.69322754, pn_right = 4.075860414e+21, pn_left = 4.075921546e+21, f = -7.499152187e-06
ecurr = -11.69322876, pn_right = 4.075905731e+21, pn_left = 4.075900817e+21, f = 6.027592846e-07
it = 169, e = -11.6932288, de = -1.22070313e-06, f = -7.49915219e-06
Normalizing...
norm = 2.53616667e+45
<T> = 3.78415292
