ecurr = -4, pn_right = -3094956759, pn_left = -1.082648123e+11, f = -0.9444151728
ecurr = -3.99, pn_right = -1630487815, pn_left = -1.049778272e+11, f = -0.9694116202
ecurr = -3.995, pn_right = -2346827043, pn_left = -1.066118957e+11, f = -0.9569226404
ecurr = -4, pn_right = -3094956759, pn_left = -1.082648123e+11, f = -0.9444151728
ecurr = -4.005, pn_right = -3875921674, pn_left = -1.099365992e+11, f = -0.9318893625
ecurr = -4.01, pn_right = -4690796216, pn_left = -1.11627271e+11, f = -0.9193453549
ecurr = -4.015, pn_right = -5540685305, pn_left = -1.133368345e+11, f = -0.9067832957
ecurr = -4.02, pn_right = -6426725139, pn_left = -1.150652877e+11, f = -0.894203331
ecurr = -4.025, pn_right = -7350084003, pn_left = -1.168126203e+11, f = -0.8816056071
ecurr = -4.03, pn_right = -8311963091, pn_left = -1.185788128e+11, f = -0.8689902708
ecurr = -4.035, pn_right = -9313597359, pn_left = -1.203638361e+11, f = -0.8563574693
ecurr = -4.04, pn_right = -1.035625638e+10, pn_left = -1.221676515e+11, f = -0.8437073499
ecurr = -4.045, pn_right = -1.144124526e+10, pn_left = -1.239902101e+11, f = -0.8310400603
ecurr = -4.05, pn_right = -1.25699055e+10, pn_left = -1.258314523e+11, f = -0.8183557488
ecurr = -4.055, pn_right = -1.374361597e+10, pn_left = -1.276913076e+11, f = -0.8056545637
ecurr = -4.06, pn_right = -1.496379383e+10, pn_left = -1.295696941e+11, f = -0.7929366537
ecurr = -4.065, pn_right = -1.623189553e+10, pn_left = -1.314665179e+11, f = -0.780202168
ecurr = -4.07, pn_right = -1.75494178e+10, pn_left = -1.33381673e+11, f = -0.767451256
ecurr = -4.075, pn_right = -1.891789866e+10, pn_left = -1.353150406e+11, f = -0.7546840674
ecurr = -4.08, pn_right = -2.033891848e+10, pn_left = -1.372664885e+11, f = -0.7419007523
ecurr = -4.085, pn_right = -2.181410105e+10, pn_left = -1.392358709e+11, f = -0.7291014611
ecurr = -4.09, pn_right = -2.334511466e+10, pn_left = -1.41223028e+11, f = -0.7162863445
ecurr = -4.095, pn_right = -2.493367325e+10, pn_left = -1.432277849e+11, f = -0.7034555536
ecurr = -4.1, pn_right = -2.658153754e+10, pn_left = -1.452499517e+11, f = -0.6906092398
ecurr = -4.105, pn_right = -2.82905162e+10, pn_left = -1.472893226e+11, f = -0.6777475547
ecurr = -4.11, pn_right = -3.006246708e+10, pn_left = -1.493456756e+11, f = -0.6648706504
ecurr = -4.115, pn_right = -3.189929842e+10, pn_left = -1.514187716e+11, f = -0.6519786792
ecurr = -4.12, pn_right = -3.380297011e+10, pn_left = -1.53508354e+11, f = -0.6390717938
ecurr = -4.125, pn_right = -3.5775495e+10, pn_left = -1.556141483e+11, f = -0.626150147
ecurr = -4.13, pn_right = -3.781894019e+10, pn_left = -1.57735861e+11, f = -0.6132138924
ecurr = -4.135, pn_right = -3.99354284e+10, pn_left = -1.598731793e+11, f = -0.6002631833
ecurr = -4.14, pn_right = -4.212713937e+10, pn_left = -1.620257705e+11, f = -0.5872981737
ecurr = -4.145, pn_right = -4.439631124e+10, pn_left = -1.64193281e+11, f = -0.574319018
ecurr = -4.15, pn_right = -4.674524203e+10, pn_left = -1.66375336e+11, f = -0.5613258705
ecurr = -4.155, pn_right = -4.917629108e+10, pn_left = -1.685715384e+11, f = -0.5483188862
ecurr = -4.16, pn_right = -5.169188062e+10, pn_left = -1.707814683e+11, f = -0.5352982201
ecurr = -4.165, pn_right = -5.429449729e+10, pn_left = -1.730046824e+11, f = -0.5222640279
ecurr = -4.17, pn_right = -5.698669371e+10, pn_left = -1.752407127e+11, f = -0.5092164651
ecurr = -4.175, pn_right = -5.977109017e+10, pn_left = -1.774890664e+11, f = -0.496155688
ecurr = -4.18, pn_right = -6.265037621e+10, pn_left = -1.797492244e+11, f = -0.4830818529
ecurr = -4.185, pn_right = -6.562731238e+10, pn_left = -1.820206411e+11, f = -0.4699951164
ecurr = -4.19, pn_right = -6.870473195e+10, pn_left = -1.84302743e+11, f = -0.4568956355
ecurr = -4.195, pn_right = -7.18855427e+10, pn_left = -1.865949282e+11, f = -0.4437835676
ecurr = -4.2, pn_right = -7.517272873e+10, pn_left = -1.888965654e+11, f = -0.4306590701
ecurr = -4.205, pn_right = -7.856935236e+10, pn_left = -1.912069927e+11, f = -0.417522301
ecurr = -4.21, pn_right = -8.207855599e+10, pn_left = -1.935255172e+11, f = -0.4043734185
ecurr = -4.215, pn_right = -8.570356405e+10, pn_left = -1.958514135e+11, f = -0.3912125809
ecurr = -4.22, pn_right = -8.944768503e+10, pn_left = -1.981839229e+11, f = -0.3780399471
ecurr = -4.225, pn_right = -9.33143135e+10, pn_left = -2.005222524e+11, f = -0.3648556761
ecurr = -4.23, pn_right = -9.730693219e+10, pn_left = -2.028655738e+11, f = -0.3516599272
ecurr = -4.235, pn_right = -1.014291141e+11, pn_left = -2.052130222e+11, f = -0.3384528601
ecurr = -4.24, pn_right = -1.056845248e+11, pn_left = -2.075636952e+11, f = -0.3252346346
ecurr = -4.245, pn_right = -1.100769245e+11, pn_left = -2.099166518e+11, f = -0.312005411
ecurr = -4.25, pn_right = -1.146101704e+11, pn_left = -2.12270911e+11, f = -0.2987653497
ecurr = -4.255, pn_right = -1.19288219e+11, pn_left = -2.146254508e+11, f = -0.2855146116
ecurr = -4.26, pn_right = -1.241151287e+11, pn_left = -2.169792068e+11, f = -0.2722533577
ecurr = -4.265, pn_right = -1.290950618e+11, pn_left = -2.193310711e+11, f = -0.2589817492
ecurr = -4.27, pn_right = -1.342322874e+11, pn_left = -2.216798911e+11, f = -0.2456999479
ecurr = -4.275, pn_right = -1.395311839e+11, pn_left = -2.240244678e+11, f = -0.2324081155
ecurr = -4.28, pn_right = -1.449962413e+11, pn_left = -2.263635547e+11, f = -0.2191064143
ecurr = -4.285, pn_right = -1.506320644e+11, pn_left = -2.286958564e+11, f = -0.2057950068
ecurr = -4.29, pn_right = -1.564433748e+11, pn_left = -2.310200271e+11, f = -0.1924740555
ecurr = -4.295, pn_right = -1.624350145e+11, pn_left = -2.333346693e+11, f = -0.1791437235
ecurr = -4.3, pn_right = -1.686119482e+11, pn_left = -2.356383321e+11, f = -0.1658041741
ecurr = -4.305, pn_right = -1.749792665e+11, pn_left = -2.379295096e+11, f = -0.1524555708
ecurr = -4.31, pn_right = -1.815421886e+11, pn_left = -2.402066397e+11, f = -0.1390980773
ecurr = -4.315, pn_right = -1.883060656e+11, pn_left = -2.424681019e+11, f = -0.1257318577
ecurr = -4.32, pn_right = -1.952763836e+11, pn_left = -2.447122164e+11, f = -0.1123570765
ecurr = -4.325, pn_right = -2.024587669e+11, pn_left = -2.469372417e+11, f = -0.09897389805
ecurr = -4.33, pn_right = -2.098589811e+11, pn_left = -2.491413731e+11, f = -0.08558248732
ecurr = -4.335, pn_right = -2.174829364e+11, pn_left = -2.51322741e+11, f = -0.07218300941
ecurr = -4.34, pn_right = -2.253366914e+11, pn_left = -2.534794092e+11, f = -0.05877562969
ecurr = -4.345, pn_right = -2.334264563e+11, pn_left = -2.556093727e+11, f = -0.04536051378
ecurr = -4.35, pn_right = -2.417585962e+11, pn_left = -2.577105559e+11, f = -0.03193782757
ecurr = -4.355, pn_right = -2.503396354e+11, pn_left = -2.597808106e+11, f = -0.01850773721
ecurr = -4.36, pn_right = -2.591762605e+11, pn_left = -2.618179141e+11, f = -0.005070409089
ecurr = -4.365, pn_right = -2.682753247e+11, pn_left = -2.638195673e+11, f = 0.008373990146
ecurr = -4.3625, pn_right = -2.636925528e+11, pn_left = -2.628233188e+11, f = 0.001650917065
ecurr = -4.36, pn_right = -2.591762605e+11, pn_left = -2.618179141e+11, f = -0.005070409089
ecurr = -4.36125, pn_right = -2.614261515e+11, pn_left = -2.623217424e+11, f = -0.001709965682
ecurr = -4.3625, pn_right = -2.636925528e+11, pn_left = -2.628233188e+11, f = 0.001650917065
ecurr = -4.36375, pn_right = -2.659755739e+11, pn_left = -2.633226062e+11, f = 0.005012236543
ecurr = -4.363125, pn_right = -2.64831979e+11, pn_left = -2.630732509e+11, f = 0.003331522375
ecurr = -4.3625, pn_right = -2.636925528e+11, pn_left = -2.628233188e+11, f = 0.001650917065
ecurr = -4.361875, pn_right = -2.625572816e+11, pn_left = -2.625728144e+11, f = -2.957906325e-05
ecurr = -4.36125, pn_right = -2.614261515e+11, pn_left = -2.623217424e+11, f = -0.001709965682
ecurr = -4.3615625, pn_right = -2.619911997e+11, pn_left = -2.624473491e+11, f = -0.0008697860816
ecurr = -4.361875, pn_right = -2.625572816e+11, pn_left = -2.625728144e+11, f = -2.957906325e-05
ecurr = -4.3621875, pn_right = -2.631243987e+11, pn_left = -2.626981378e+11, f = 0.0008106553324
ecurr = -4.36203125, pn_right = -2.628407106e+11, pn_left = -2.626354939e+11, f = 0.000390534715
ecurr = -4.361875, pn_right = -2.625572816e+11, pn_left = -2.625728144e+11, f = -2.957906325e-05
ecurr = -4.36171875, pn_right = -2.622741113e+11, pn_left = -2.625100995e+11, f = -0.0004496859972
ecurr = -4.361796875, pn_right = -2.624156641e+11, pn_left = -2.625414614e+11, f = -0.0002396333861
ecurr = -4.361875, pn_right = -2.625572816e+11, pn_left = -2.625728144e+11, f = -2.957906325e-05
ecurr = -4.361953125, pn_right = -2.626989637e+11, pn_left = -2.626041586e+11, f = 0.0001804769706
ecurr = -4.361914062, pn_right = -2.626281146e+11, pn_left = -2.625884876e+11, f = 7.544873984e-05
ecurr = -4.361875, pn_right = -2.625572816e+11, pn_left = -2.625728144e+11, f = -2.957906325e-05
ecurr = -4.361835937, pn_right = -2.624864648e+11, pn_left = -2.62557139e+11, f = -0.0001346064386
ecurr = -4.361855469, pn_right = -2.625218711e+11, pn_left = -2.62564977e+11, f = -8.209280439e-05
ecurr = -4.361875, pn_right = -2.625572816e+11, pn_left = -2.625728144e+11, f = -2.957906325e-05
ecurr = -4.361894531, pn_right = -2.62592696e+11, pn_left = -2.625806513e+11, f = 2.293478484e-05
ecurr = -4.361914062, pn_right = -2.626281146e+11, pn_left = -2.625884876e+11, f = 7.544873985e-05
ecurr = -4.361904297, pn_right = -2.626104048e+11, pn_left = -2.625845695e+11, f = 4.919174898e-05
ecurr = -4.361894531, pn_right = -2.62592696e+11, pn_left = -2.625806513e+11, f = 2.293478484e-05
ecurr = -4.361884766, pn_right = -2.625749883e+11, pn_left = -2.625767329e+11, f = -3.322152574e-06
ecurr = -4.361875, pn_right = -2.625572816e+11, pn_left = -2.625728144e+11, f = -2.957906325e-05
ecurr = -4.361879883, pn_right = -2.625661348e+11, pn_left = -2.625747737e+11, f = -1.645061126e-05
ecurr = -4.361884766, pn_right = -2.625749883e+11, pn_left = -2.625767329e+11, f = -3.322152574e-06
ecurr = -4.361889648, pn_right = -2.62583842e+11, pn_left = -2.625786921e+11, f = 9.806312788e-06
ecurr = -4.361887207, pn_right = -2.625794151e+11, pn_left = -2.625777125e+11, f = 3.242079271e-06
ecurr = -4.361884766, pn_right = -2.625749883e+11, pn_left = -2.625767329e+11, f = -3.322152574e-06
ecurr = -4.361885986, pn_right = -2.625772017e+11, pn_left = -2.625772227e+11, f = -4.003685886e-08
it = 111, e = -4.36188599, de = -1.22070313e-06, f = -3.32215257e-06
Normalizing...
norm = 1.57875557e+24
<T> = 9.41459676
