ecurr = -15, pn_right = 1.073603902e+26, pn_left = -1.265191129e+26, f = -12.20746846
ecurr = -14.99, pn_right = 1.063144496e+26, pn_left = -1.253273088e+26, f = -12.18342577
ecurr = -14.98, pn_right = 1.052402403e+26, pn_left = -1.241109781e+26, f = -12.15380239
ecurr = -14.97, pn_right = 1.041401383e+26, pn_left = -1.228724955e+26, f = -12.11874362
ecurr = -14.96, pn_right = 1.030164122e+26, pn_left = -1.216141304e+26, f = -12.07839261
ecurr = -14.95, pn_right = 1.018712269e+26, pn_left = -1.203380517e+26, f = -12.03289037
ecurr = -14.94, pn_right = 1.007066476e+26, pn_left = -1.19046331e+26, f = -11.9823758
ecurr = -14.93, pn_right = 9.952464373e+25, pn_left = -1.177409472e+26, f = -11.92698568
ecurr = -14.92, pn_right = 9.832709221e+25, pn_left = -1.164237898e+26, f = -11.86685475
ecurr = -14.91, pn_right = 9.711578118e+25, pn_left = -1.150966627e+26, f = -11.80211568
ecurr = -14.9, pn_right = 9.589241333e+25, pn_left = -1.137612878e+26, f = -11.73289912
ecurr = -14.89, pn_right = 9.465860915e+25, pn_left = -1.124193082e+26, f = -11.65933372
ecurr = -14.88, pn_right = 9.34159101e+25, pn_left = -1.110722921e+26, f = -11.58154613
ecurr = -14.87, pn_right = 9.216578161e+25, pn_left = -1.097217353e+26, f = -11.49966106
ecurr = -14.86, pn_right = 9.090961607e+25, pn_left = -1.083690651e+26, f = -11.41380127
ecurr = -14.85, pn_right = 8.964873562e+25, pn_left = -1.070156428e+26, f = -11.32408761
ecurr = -14.84, pn_right = 8.838439495e+25, pn_left = -1.056627673e+26, f = -11.23063902
ecurr = -14.83, pn_right = 8.711778388e+25, pn_left = -1.043116774e+26, f = -11.13357258
ecurr = -14.82, pn_right = 8.585002996e+25, pn_left = -1.029635553e+26, f = -11.0330035
ecurr = -14.81, pn_right = 8.458220092e+25, pn_left = -1.016195292e+26, f = -10.92904517
ecurr = -14.8, pn_right = 8.331530705e+25, pn_left = -1.002806758e+26, f = -10.82180915
ecurr = -14.79, pn_right = 8.205030348e+25, pn_left = -9.894802355e+25, f = -10.71140522
ecurr = -14.78, pn_right = 8.078809243e+25, pn_left = -9.762255497e+25, f = -10.59794139
ecurr = -14.77, pn_right = 7.952952534e+25, pn_left = -9.630520952e+25, f = -10.48152391
ecurr = -14.76, pn_right = 7.82754049e+25, pn_left = -9.499688615e+25, f = -10.36225729
ecurr = -14.75, pn_right = 7.702648708e+25, pn_left = -9.369844602e+25, f = -10.24024433
ecurr = -14.74, pn_right = 7.578348304e+25, pn_left = -9.241071506e+25, f = -10.11558616
ecurr = -14.73, pn_right = 7.454706096e+25, pn_left = -9.113448669e+25, f = -9.988382188
ecurr = -14.72, pn_right = 7.331784787e+25, pn_left = -8.987052441e+25, f = -9.858730206
ecurr = -14.71, pn_right = 7.209643131e+25, pn_left = -8.861956459e+25, f = -9.726726352
ecurr = -14.7, pn_right = 7.088336106e+25, pn_left = -8.738231911e+25, f = -9.592465149
ecurr = -14.69, pn_right = 6.967915068e+25, pn_left = -8.615947826e+25, f = -9.456039521
ecurr = -14.68, pn_right = 6.84842791e+25, pn_left = -8.495171357e+25, f = -9.317540808
ecurr = -14.67, pn_right = 6.729919207e+25, pn_left = -8.375968081e+25, f = -9.17705879
ecurr = -14.66, pn_right = 6.612430362e+25, pn_left = -8.258402315e+25, f = -9.034681702
ecurr = -14.65, pn_right = 6.495999744e+25, pn_left = -8.142537436e+25, f = -8.89049625
ecurr = -14.64, pn_right = 6.380662817e+25, pn_left = -8.028436236e+25, f = -8.744587632
ecurr = -14.63, pn_right = 6.266452275e+25, pn_left = -7.916161278e+25, f = -8.597039556
ecurr = -14.62, pn_right = 6.15339816e+25, pn_left = -7.805775303e+25, f = -8.447934253
ecurr = -14.61, pn_right = 6.041527982e+25, pn_left = -7.697341644e+25, f = -8.297352501
ecurr = -14.6, pn_right = 5.930866836e+25, pn_left = -7.590924697e+25, f = -8.145373635
ecurr = -14.59, pn_right = 5.821437509e+25, pn_left = -7.486590424e+25, f = -7.992075569
ecurr = -14.58, pn_right = 5.713260588e+25, pn_left = -7.384406914e+25, f = -7.837534813
ecurr = -14.57, pn_right = 5.606354563e+25, pn_left = -7.284445e+25, f = -7.681826484
ecurr = -14.56, pn_right = 5.500735921e+25, pn_left = -7.186778958e+25, f = -7.52502433
ecurr = -14.55, pn_right = 5.396419246e+25, pn_left = -7.091487288e+25, f = -7.367200741
ecurr = -14.54, pn_right = 5.293417307e+25, pn_left = -6.998653594e+25, f = -7.208426769
ecurr = -14.53, pn_right = 5.191741145e+25, pn_left = -6.908367602e+25, f = -7.048772141
ecurr = -14.52, pn_right = 5.091400161e+25, pn_left = -6.820726315e+25, f = -6.888305276
ecurr = -14.51, pn_right = 4.99240219e+25, pn_left = -6.735835351e+25, f = -6.727093302
ecurr = -14.5, pn_right = 4.894753586e+25, pn_left = -6.653810499e+25, f = -6.56520207
ecurr = -14.49, pn_right = 4.798459293e+25, pn_left = -6.574779538e+25, f = -6.402696171
ecurr = -14.48, pn_right = 4.703522918e+25, pn_left = -6.498884378e+25, f = -6.239638949
ecurr = -14.47, pn_right = 4.609946798e+25, pn_left = -6.426283589e+25, f = -6.076092519
ecurr = -14.46, pn_right = 4.517732071e+25, pn_left = -6.35715542e+25, f = -5.912117782
ecurr = -14.45, pn_right = 4.426878733e+25, pn_left = -6.291701416e+25, f = -5.747774437
ecurr = -14.44, pn_right = 4.337385706e+25, pn_left = -6.230150793e+25, f = -5.583120998
ecurr = -14.43, pn_right = 4.249250893e+25, pn_left = -6.172765741e+25, f = -5.418214809
ecurr = -14.42, pn_right = 4.162471234e+25, pn_left = -6.119847939e+25, f = -5.253112058
ecurr = -14.41, pn_right = 4.077042762e+25, pn_left = -6.071746588e+25, f = -5.08786779
ecurr = -14.4, pn_right = 3.992960654e+25, pn_left = -6.028868409e+25, f = -4.922535925
ecurr = -14.39, pn_right = 3.910219282e+25, pn_left = -5.991690199e+25, f = -4.757169268
ecurr = -14.38, pn_right = 3.828812257e+25, pn_left = -5.960774752e+25, f = -4.591819524
ecurr = -14.37, pn_right = 3.748732481e+25, pn_left = -5.936791233e+25, f = -4.426537314
ecurr = -14.36, pn_right = 3.669972184e+25, pn_left = -5.920541559e+25, f = -4.261372188
ecurr = -14.35, pn_right = 3.592522972e+25, pn_left = -5.912994953e+25, f = -4.096372636
ecurr = -14.34, pn_right = 3.516375863e+25, pn_left = -5.91533379e+25, f = -3.931586104
ecurr = -14.33, pn_right = 3.441521328e+25, pn_left = -5.929015318e+25, f = -3.767059009
ecurr = -14.32, pn_right = 3.367949328e+25, pn_left = -5.955856027e+25, f = -3.602836747
ecurr = -14.31, pn_right = 3.295649347e+25, pn_left = -5.998149046e+25, f = -3.438963711
ecurr = -14.3, pn_right = 3.224610429e+25, pn_left = -6.058830681e+25, f = -3.275483301
ecurr = -14.29, pn_right = 3.154821207e+25, pn_left = -6.141721932e+25, f = -3.11243794
ecurr = -14.28, pn_right = 3.086269938e+25, pn_left = -6.251887533e+25, f = -2.949869082
ecurr = -14.27, pn_right = 3.018944528e+25, pn_left = -6.396185196e+25, f = -2.78781723
ecurr = -14.26, pn_right = 2.952832565e+25, pn_left = -6.58413395e+25, f = -2.626321944
ecurr = -14.25, pn_right = 2.887921341e+25, pn_left = -6.829341114e+25, f = -2.465421856
ecurr = -14.24, pn_right = 2.824197882e+25, pn_left = -7.151957527e+25, f = -2.305154682
ecurr = -14.23, pn_right = 2.761648972e+25, pn_left = -7.583143511e+25, f = -2.145557233
ecurr = -14.22, pn_right = 2.700261173e+25, pn_left = -8.173770424e+25, f = -1.986665427
ecurr = -14.21, pn_right = 2.64002085e+25, pn_left = -9.012924343e+25, f = -1.828514304
ecurr = -14.2, pn_right = 2.580914195e+25, pn_left = -1.027207182e+26, f = -1.671138032
ecurr = -14.19, pn_right = 2.522927242e+25, pn_left = -1.232889188e+26, f = -1.514569925
ecurr = -14.18, pn_right = 2.466045889e+25, pn_left = -1.621049498e+26, f = -1.35884245
ecurr = -14.17, pn_right = 2.410255918e+25, pn_left = -2.604169403e+26, f = -1.20398724
ecurr = -14.16, pn_right = 2.355543008e+25, pn_left = -9.651115314e+26, f = -1.050035107
ecurr = -14.15, pn_right = 2.301892758e+25, pn_left = 4.240202e+26, f = -0.89701605
ecurr = -14.14, pn_right = 2.249290697e+25, pn_left = 1.538938752e+26, f = -0.7449592686
ecurr = -14.13, pn_right = 2.197722301e+25, pn_left = 8.625648074e+25, f = -0.5938931729
ecurr = -14.12, pn_right = 2.147173009e+25, pn_left = 5.574323815e+25, f = -0.4438453946
ecurr = -14.11, pn_right = 2.097628236e+25, pn_left = 3.851763562e+25, f = -0.2948427982
ecurr = -14.1, pn_right = 2.049073384e+25, pn_left = 2.754820613e+25, f = -0.146911491
ecurr = -14.09, pn_right = 2.001493853e+25, pn_left = 2.001801443e+25, f = -7.683422301e-05
ecurr = -14.08, pn_right = 1.954875059e+25, pn_left = 1.457856605e+25, f = 0.1456365466
ecurr = -14.085, pn_right = 1.978065275e+25, pn_left = 1.709185333e+25, f = 0.07292152632
ecurr = -14.09, pn_right = 2.001493853e+25, pn_left = 2.001801443e+25, f = -7.683422304e-05
ecurr = -14.095, pn_right = 2.025162615e+25, pn_left = 2.345796625e+25, f = -0.07335552507
ecurr = -14.0925, pn_right = 2.013298097e+25, pn_left = 2.166623161e+25, f = -0.03668132825
ecurr = -14.09, pn_right = 2.001493853e+25, pn_left = 2.001801443e+25, f = -7.683422306e-05
ecurr = -14.0875, pn_right = 1.989749655e+25, pn_left = 1.849770071e+25, f = 0.03645757652
ecurr = -14.08875, pn_right = 1.995614262e+25, pn_left = 1.924275579e+25, f = 0.01819915523
ecurr = -14.09, pn_right = 2.001493853e+25, pn_left = 2.001801443e+25, f = -7.683422309e-05
ecurr = -14.09125, pn_right = 2.007388455e+25, pn_left = 2.08252151e+25, f = -0.01837034454
ecurr = -14.090625, pn_right = 2.004439276e+25, pn_left = 2.041750822e+25, f = -0.009221402235
ecurr = -14.09, pn_right = 2.001493853e+25, pn_left = 2.001801443e+25, f = -7.683422312e-05
ecurr = -14.089375, pn_right = 1.998552183e+25, pn_left = 1.962650404e+25, f = 0.00906335357
ecurr = -14.0896875, pn_right = 2.000022549e+25, pn_left = 1.982127533e+25, f = 0.004493807571
ecurr = -14.09, pn_right = 2.001493853e+25, pn_left = 2.001801443e+25, f = -7.683422312e-05
ecurr = -14.0903125, pn_right = 2.002966095e+25, pn_left = 2.021674925e+25, f = -0.004648571072
ecurr = -14.09015625, pn_right = 2.002229857e+25, pn_left = 2.011713061e+25, f = -0.002362565812
ecurr = -14.09, pn_right = 2.001493853e+25, pn_left = 2.001801443e+25, f = -7.683422312e-05
ecurr = -14.08984375, pn_right = 2.000758084e+25, pn_left = 1.991939717e+25, f = 0.002208623602
ecurr = -14.08992188, pn_right = 2.001125939e+25, pn_left = 1.996864366e+25, f = 0.001065928916
ecurr = -14.09, pn_right = 2.001493853e+25, pn_left = 2.001801443e+25, f = -7.683422312e-05
ecurr = -14.09007813, pn_right = 2.001861826e+25, pn_left = 2.006750994e+25, f = -0.001219665803
ecurr = -14.09003906, pn_right = 2.001677832e+25, pn_left = 2.004274657e+25, f = -0.0006482414586
ecurr = -14.09, pn_right = 2.001493853e+25, pn_left = 2.001801443e+25, f = -7.683422309e-05
ecurr = -14.08996094, pn_right = 2.001309889e+25, pn_left = 1.999331348e+25, f = 0.0004945559022
ecurr = -14.08998047, pn_right = 2.001401869e+25, pn_left = 2.000566006e+25, f = 0.0002088629784
ecurr = -14.09, pn_right = 2.001493853e+25, pn_left = 2.001801443e+25, f = -7.683422309e-05
ecurr = -14.09001953, pn_right = 2.001585841e+25, pn_left = 2.00303766e+25, f = -0.0003625357022
ecurr = -14.09000977, pn_right = 2.001539846e+25, pn_left = 2.002419454e+25, f = -0.000219684428
ecurr = -14.09, pn_right = 2.001493853e+25, pn_left = 2.001801443e+25, f = -7.683422309e-05
ecurr = -14.08999023, pn_right = 2.001447861e+25, pn_left = 2.001183627e+25, f = 6.601491235e-05
ecurr = -14.08998047, pn_right = 2.001401869e+25, pn_left = 2.000566006e+25, f = 0.0002088629784
ecurr = -14.08998535, pn_right = 2.001424865e+25, pn_left = 2.000874792e+25, f = 0.0001374390791
ecurr = -14.08999023, pn_right = 2.001447861e+25, pn_left = 2.001183627e+25, f = 6.601491239e-05
ecurr = -14.08999512, pn_right = 2.001470857e+25, pn_left = 2.001492511e+25, f = -5.409521659e-06
ecurr = -14.09, pn_right = 2.001493853e+25, pn_left = 2.001801443e+25, f = -7.683422304e-05
ecurr = -14.08999756, pn_right = 2.001482355e+25, pn_left = 2.001646971e+25, f = -4.112183891e-05
ecurr = -14.08999512, pn_right = 2.001470857e+25, pn_left = 2.001492511e+25, f = -5.409521625e-06
ecurr = -14.08999268, pn_right = 2.001459359e+25, pn_left = 2.001338063e+25, f = 3.030272883e-05
ecurr = -14.0899939, pn_right = 2.001465108e+25, pn_left = 2.001415285e+25, f = 1.244661198e-05
ecurr = -14.08999512, pn_right = 2.001470857e+25, pn_left = 2.001492511e+25, f = -5.40952161e-06
ecurr = -14.08999634, pn_right = 2.001476606e+25, pn_left = 2.001569739e+25, f = -2.326567188e-05
ecurr = -14.08999573, pn_right = 2.001473731e+25, pn_left = 2.001531125e+25, f = -1.433759464e-05
ecurr = -14.08999512, pn_right = 2.001470857e+25, pn_left = 2.001492511e+25, f = -5.409521572e-06
ecurr = -14.08999451, pn_right = 2.001467982e+25, pn_left = 2.001453898e+25, f = 3.518547309e-06
ecurr = -14.0899939, pn_right = 2.001465108e+25, pn_left = 2.001415285e+25, f = 1.244661201e-05
ecurr = -14.0899942, pn_right = 2.001466545e+25, pn_left = 2.001434591e+25, f = 7.98258019e-06
ecurr = -14.08999451, pn_right = 2.001467982e+25, pn_left = 2.001453898e+25, f = 3.518547309e-06
ecurr = -14.08999481, pn_right = 2.001469419e+25, pn_left = 2.001473204e+25, f = -9.454866132e-07
it = 140, e = -14.0899948, de = -3.05175781e-07, f = 3.51854731e-06
Normalizing...
norm = 9.38525426e+50
<T> = 1.71261496
