ecurr = -14, pn_right = 1.614772817e+25, pn_left = -1.909724183e+24, f = 1.26825729
ecurr = -13.99, pn_right = 1.576151136e+25, pn_left = -2.642701531e+24, f = 1.402887391
ecurr = -13.995, pn_right = 1.595358902e+25, pn_left = -2.293158701e+24, f = 1.335737403
ecurr = -14, pn_right = 1.614772817e+25, pn_left = -1.909724183e+24, f = 1.26825729
ecurr = -14.005, pn_right = 1.63439463e+25, pn_left = -1.488847107e+24, f = 1.200449299
ecurr = -14.01, pn_right = 1.654226094e+25, pn_left = -1.026490161e+24, f = 1.132315716
ecurr = -14.015, pn_right = 1.67426897e+25, pn_left = -5.180437749e+23, f = 1.06385887
ecurr = -14.02, pn_right = 1.694525025e+25, pn_left = 4.177851861e+22, f = 0.995081127
ecurr = -14.025, pn_right = 1.714996028e+25, pn_left = 6.590685577e+23, f = 0.9259848963
ecurr = -14.03, pn_right = 1.735683757e+25, pn_left = 1.340882431e+24, f = 0.856572627
ecurr = -14.035, pn_right = 1.756589994e+25, pn_left = 2.095438511e+24, f = 0.7868468094
ecurr = -14.04, pn_right = 1.777716524e+25, pn_left = 2.93236638e+24, f = 0.7168099758
ecurr = -14.045, pn_right = 1.799065138e+25, pn_left = 3.863022591e+24, f = 0.6464647001
ecurr = -14.05, pn_right = 1.820637632e+25, pn_left = 4.90089517e+24, f = 0.5758135986
ecurr = -14.055, pn_right = 1.842435804e+25, pn_left = 6.062127407e+24, f = 0.5048593299
ecurr = -14.06, pn_right = 1.864461458e+25, pn_left = 7.366204077e+24, f = 0.4336045955
ecurr = -14.065, pn_right = 1.886716399e+25, pn_left = 8.836862069e+24, f = 0.36205214
ecurr = -14.07, pn_right = 1.909202437e+25, pn_left = 1.050331598e+25, f = 0.2902047515
ecurr = -14.075, pn_right = 1.931921386e+25, pn_left = 1.240193354e+25, f = 0.2180652617
ecurr = -14.08, pn_right = 1.954875059e+25, pn_left = 1.457856605e+25, f = 0.1456365466
ecurr = -14.085, pn_right = 1.978065275e+25, pn_left = 1.709185333e+25, f = 0.07292152632
ecurr = -14.09, pn_right = 2.001493853e+25, pn_left = 2.001801443e+25, f = -7.683422296e-05
ecurr = -14.095, pn_right = 2.025162615e+25, pn_left = 2.345796625e+25, f = -0.07335552507
ecurr = -14.0925, pn_right = 2.013298097e+25, pn_left = 2.166623161e+25, f = -0.03668132825
ecurr = -14.09, pn_right = 2.001493853e+25, pn_left = 2.001801443e+25, f = -7.683422299e-05
ecurr = -14.0875, pn_right = 1.989749655e+25, pn_left = 1.849770071e+25, f = 0.03645757652
ecurr = -14.08875, pn_right = 1.995614262e+25, pn_left = 1.924275579e+25, f = 0.01819915523
ecurr = -14.09, pn_right = 2.001493853e+25, pn_left = 2.001801443e+25, f = -7.683422301e-05
ecurr = -14.09125, pn_right = 2.007388455e+25, pn_left = 2.08252151e+25, f = -0.01837034454
ecurr = -14.090625, pn_right = 2.004439276e+25, pn_left = 2.041750822e+25, f = -0.009221402235
ecurr = -14.09, pn_right = 2.001493853e+25, pn_left = 2.001801443e+25, f = -7.683422304e-05
ecurr = -14.089375, pn_right = 1.998552183e+25, pn_left = 1.962650404e+25, f = 0.00906335357
ecurr = -14.0896875, pn_right = 2.000022549e+25, pn_left = 1.982127533e+25, f = 0.004493807571
ecurr = -14.09, pn_right = 2.001493853e+25, pn_left = 2.001801443e+25, f = -7.683422304e-05
ecurr = -14.0903125, pn_right = 2.002966095e+25, pn_left = 2.021674925e+25, f = -0.004648571072
ecurr = -14.09015625, pn_right = 2.002229857e+25, pn_left = 2.011713061e+25, f = -0.002362565812
ecurr = -14.09, pn_right = 2.001493853e+25, pn_left = 2.001801443e+25, f = -7.683422304e-05
ecurr = -14.08984375, pn_right = 2.000758084e+25, pn_left = 1.991939717e+25, f = 0.002208623602
ecurr = -14.08992188, pn_right = 2.001125939e+25, pn_left = 1.996864366e+25, f = 0.001065928916
ecurr = -14.09, pn_right = 2.001493853e+25, pn_left = 2.001801443e+25, f = -7.683422304e-05
ecurr = -14.09007813, pn_right = 2.001861826e+25, pn_left = 2.006750994e+25, f = -0.001219665803
ecurr = -14.09003906, pn_right = 2.001677832e+25, pn_left = 2.004274657e+25, f = -0.0006482414585
ecurr = -14.09, pn_right = 2.001493853e+25, pn_left = 2.001801443e+25, f = -7.683422301e-05
ecurr = -14.08996094, pn_right = 2.001309889e+25, pn_left = 1.999331348e+25, f = 0.0004945559022
ecurr = -14.08998047, pn_right = 2.001401869e+25, pn_left = 2.000566006e+25, f = 0.0002088629785
ecurr = -14.09, pn_right = 2.001493853e+25, pn_left = 2.001801443e+25, f = -7.683422301e-05
ecurr = -14.09001953, pn_right = 2.001585841e+25, pn_left = 2.00303766e+25, f = -0.0003625357021
ecurr = -14.09000977, pn_right = 2.001539846e+25, pn_left = 2.002419454e+25, f = -0.0002196844279
ecurr = -14.09, pn_right = 2.001493853e+25, pn_left = 2.001801443e+25, f = -7.683422301e-05
ecurr = -14.08999023, pn_right = 2.001447861e+25, pn_left = 2.001183627e+25, f = 6.601491243e-05
ecurr = -14.08998047, pn_right = 2.001401869e+25, pn_left = 2.000566006e+25, f = 0.0002088629785
ecurr = -14.08998535, pn_right = 2.001424865e+25, pn_left = 2.000874792e+25, f = 0.0001374390792
ecurr = -14.08999023, pn_right = 2.001447861e+25, pn_left = 2.001183627e+25, f = 6.601491246e-05
ecurr = -14.08999512, pn_right = 2.001470857e+25, pn_left = 2.001492511e+25, f = -5.409521572e-06
ecurr = -14.09, pn_right = 2.001493853e+25, pn_left = 2.001801443e+25, f = -7.683422296e-05
ecurr = -14.08999756, pn_right = 2.001482355e+25, pn_left = 2.001646971e+25, f = -4.112183884e-05
ecurr = -14.08999512, pn_right = 2.001470857e+25, pn_left = 2.001492511e+25, f = -5.409521556e-06
ecurr = -14.08999268, pn_right = 2.001459359e+25, pn_left = 2.001338063e+25, f = 3.03027289e-05
ecurr = -14.0899939, pn_right = 2.001465108e+25, pn_left = 2.001415285e+25, f = 1.244661204e-05
ecurr = -14.08999512, pn_right = 2.001470857e+25, pn_left = 2.001492511e+25, f = -5.409521518e-06
ecurr = -14.08999634, pn_right = 2.001476606e+25, pn_left = 2.001569739e+25, f = -2.32656718e-05
ecurr = -14.08999573, pn_right = 2.001473731e+25, pn_left = 2.001531125e+25, f = -1.433759456e-05
ecurr = -14.08999512, pn_right = 2.001470857e+25, pn_left = 2.001492511e+25, f = -5.40952149e-06
ecurr = -14.08999451, pn_right = 2.001467982e+25, pn_left = 2.001453898e+25, f = 3.518547407e-06
ecurr = -14.0899939, pn_right = 2.001465108e+25, pn_left = 2.001415285e+25, f = 1.24466121e-05
ecurr = -14.0899942, pn_right = 2.001466545e+25, pn_left = 2.001434591e+25, f = 7.982580266e-06
ecurr = -14.08999451, pn_right = 2.001467982e+25, pn_left = 2.001453898e+25, f = 3.518547407e-06
ecurr = -14.08999481, pn_right = 2.001469419e+25, pn_left = 2.001473204e+25, f = -9.454865276e-07
it = 67, e = -14.0899948, de = -3.05175781e-07, f = 3.51854741e-06
Normalizing...
norm = 9.38525426e+50
<T> = 1.71261496
