ecurr = -3, pn_right = 1064733392, pn_left = -2178152993, f = -2.912546523
ecurr = -2.99, pn_right = 1020665995, pn_left = -2080886164, f = -2.925384982
ecurr = -2.995, pn_right = 1042492145, pn_left = -2128995551, f = -2.918985509
ecurr = -3, pn_right = 1064733392, pn_left = -2178152993, f = -2.912546523
ecurr = -3.005, pn_right = 1087396182, pn_left = -2228379750, f = -2.906068086
ecurr = -3.01, pn_right = 1110487017, pn_left = -2279697478, f = -2.899550261
ecurr = -3.015, pn_right = 1134012454, pn_left = -2332128229, f = -2.892993112
ecurr = -3.02, pn_right = 1157979103, pn_left = -2385694464, f = -2.8863967
ecurr = -3.025, pn_right = 1182393626, pn_left = -2440419055, f = -2.879761092
ecurr = -3.03, pn_right = 1207262738, pn_left = -2496325293, f = -2.87308635
ecurr = -3.035, pn_right = 1232593200, pn_left = -2553436895, f = -2.86637254
ecurr = -3.04, pn_right = 1258391824, pn_left = -2611778010, f = -2.859619726
ecurr = -3.045, pn_right = 1284665466, pn_left = -2671373226, f = -2.852827976
ecurr = -3.05, pn_right = 1311421027, pn_left = -2732247578, f = -2.845997354
ecurr = -3.055, pn_right = 1338665451, pn_left = -2794426554, f = -2.839127928
ecurr = -3.06, pn_right = 1366405720, pn_left = -2857936099, f = -2.832219764
ecurr = -3.065, pn_right = 1394648857, pn_left = -2922802630, f = -2.82527293
ecurr = -3.07, pn_right = 1423401921, pn_left = -2989053035, f = -2.818287495
ecurr = -3.075, pn_right = 1452672002, pn_left = -3056714684, f = -2.811263525
ecurr = -3.08, pn_right = 1482466223, pn_left = -3125815437, f = -2.804201091
ecurr = -3.085, pn_right = 1512791735, pn_left = -3196383650, f = -2.797100262
ecurr = -3.09, pn_right = 1543655716, pn_left = -3268448183, f = -2.789961107
ecurr = -3.095, pn_right = 1575065365, pn_left = -3342038407, f = -2.782783696
ecurr = -3.1, pn_right = 1607027902, pn_left = -3417184213, f = -2.775568101
ecurr = -3.105, pn_right = 1639550562, pn_left = -3493916018, f = -2.768314392
ecurr = -3.11, pn_right = 1672640596, pn_left = -3572264776, f = -2.761022641
ecurr = -3.115, pn_right = 1706305261, pn_left = -3652261980, f = -2.75369292
ecurr = -3.12, pn_right = 1740551823, pn_left = -3733939677, f = -2.746325302
ecurr = -3.125, pn_right = 1775387549, pn_left = -3817330472, f = -2.738919858
ecurr = -3.13, pn_right = 1810819704, pn_left = -3902467535, f = -2.731476663
ecurr = -3.135, pn_right = 1846855546, pn_left = -3989384613, f = -2.723995791
ecurr = -3.14, pn_right = 1883502325, pn_left = -4078116035, f = -2.716477315
ecurr = -3.145, pn_right = 1920767273, pn_left = -4168696724, f = -2.708921311
ecurr = -3.15, pn_right = 1958657603, pn_left = -4261162201, f = -2.701327853
ecurr = -3.155, pn_right = 1997180503, pn_left = -4355548596, f = -2.693697017
ecurr = -3.16, pn_right = 2036343130, pn_left = -4451892657, f = -2.686028879
ecurr = -3.165, pn_right = 2076152608, pn_left = -4550231757, f = -2.678323516
ecurr = -3.17, pn_right = 2116616015, pn_left = -4650603904, f = -2.670581004
ecurr = -3.175, pn_right = 2157740386, pn_left = -4753047749, f = -2.662801421
ecurr = -3.18, pn_right = 2199532698, pn_left = -4857602596, f = -2.654984845
ecurr = -3.185, pn_right = 2241999873, pn_left = -4964308409, f = -2.647131354
ecurr = -3.19, pn_right = 2285148760, pn_left = -5073205824, f = -2.639241026
ecurr = -3.195, pn_right = 2328986141, pn_left = -5184336153, f = -2.631313941
ecurr = -3.2, pn_right = 2373518712, pn_left = -5297741400, f = -2.623350178
ecurr = -3.205, pn_right = 2418753082, pn_left = -5413464263, f = -2.615349818
ecurr = -3.21, pn_right = 2464695764, pn_left = -5531548149, f = -2.607312941
ecurr = -3.215, pn_right = 2511353166, pn_left = -5652037179, f = -2.599239628
ecurr = -3.22, pn_right = 2558731584, pn_left = -5774976201, f = -2.59112996
ecurr = -3.225, pn_right = 2606837191, pn_left = -5900410797, f = -2.582984018
ecurr = -3.23, pn_right = 2655676030, pn_left = -6028387292, f = -2.574801887
ecurr = -3.235, pn_right = 2705254002, pn_left = -6158952765, f = -2.566583647
ecurr = -3.24, pn_right = 2755576860, pn_left = -6292155059, f = -2.558329382
ecurr = -3.245, pn_right = 2806650196, pn_left = -6428042788, f = -2.550039177
ecurr = -3.25, pn_right = 2858479430, pn_left = -6566665350, f = -2.541713114
ecurr = -3.255, pn_right = 2911069802, pn_left = -6708072933, f = -2.533351278
ecurr = -3.26, pn_right = 2964426357, pn_left = -6852316528, f = -2.524953754
ecurr = -3.265, pn_right = 3018553936, pn_left = -6999447936, f = -2.516520628
ecurr = -3.27, pn_right = 3073457162, pn_left = -7149519779, f = -2.508051986
ecurr = -3.275, pn_right = 3129140431, pn_left = -7302585511, f = -2.499547913
ecurr = -3.28, pn_right = 3185607891, pn_left = -7458699424, f = -2.491008497
ecurr = -3.285, pn_right = 3242863440, pn_left = -7617916664, f = -2.482433824
ecurr = -3.29, pn_right = 3300910700, pn_left = -7780293232, f = -2.473823982
ecurr = -3.295, pn_right = 3359753011, pn_left = -7945886003, f = -2.465179059
ecurr = -3.3, pn_right = 3419393413, pn_left = -8114752731, f = -2.456499144
ecurr = -3.305, pn_right = 3479834630, pn_left = -8286952058, f = -2.447784325
ecurr = -3.31, pn_right = 3541079054, pn_left = -8462543526, f = -2.439034692
ecurr = -3.315, pn_right = 3603128731, pn_left = -8641587587, f = -2.430250334
ecurr = -3.32, pn_right = 3665985339, pn_left = -8824145610, f = -2.421431342
ecurr = -3.325, pn_right = 3729650175, pn_left = -9010279895, f = -2.412577807
ecurr = -3.33, pn_right = 3794124134, pn_left = -9200053680, f = -2.403689819
ecurr = -3.335, pn_right = 3859407690, pn_left = -9393531149, f = -2.394767471
ecurr = -3.34, pn_right = 3925500877, pn_left = -9590777446, f = -2.385810853
ecurr = -3.345, pn_right = 3992403271, pn_left = -9791858683, f = -2.376820059
ecurr = -3.35, pn_right = 4060113963, pn_left = -9996841948, f = -2.367795181
ecurr = -3.355, pn_right = 4128631545, pn_left = -1.020579532e+10, f = -2.358736312
ecurr = -3.36, pn_right = 4197954082, pn_left = -1.041878786e+10, f = -2.349643547
ecurr = -3.365, pn_right = 4268079090, pn_left = -1.063588965e+10, f = -2.340516979
ecurr = -3.37, pn_right = 4339003514, pn_left = -1.085717179e+10, f = -2.331356704
ecurr = -3.375, pn_right = 4410723703, pn_left = -1.108270639e+10, f = -2.322162815
ecurr = -3.38, pn_right = 4483235383, pn_left = -1.131256659e+10, f = -2.312935409
ecurr = -3.385, pn_right = 4556533631, pn_left = -1.15468266e+10, f = -2.303674582
ecurr = -3.39, pn_right = 4630612851, pn_left = -1.178556166e+10, f = -2.294380429
ecurr = -3.395, pn_right = 4705466742, pn_left = -1.202884806e+10, f = -2.285053047
ecurr = -3.4, pn_right = 4781088272, pn_left = -1.22767632e+10, f = -2.275692535
ecurr = -3.405, pn_right = 4857469646, pn_left = -1.252938551e+10, f = -2.266298989
ecurr = -3.41, pn_right = 4934602280, pn_left = -1.278679453e+10, f = -2.256872507
ecurr = -3.415, pn_right = 5012476761, pn_left = -1.304907091e+10, f = -2.247413188
ecurr = -3.42, pn_right = 5091082825, pn_left = -1.331629637e+10, f = -2.237921131
ecurr = -3.425, pn_right = 5170409314, pn_left = -1.358855376e+10, f = -2.228396435
ecurr = -3.43, pn_right = 5250444148, pn_left = -1.386592706e+10, f = -2.2188392
ecurr = -3.435, pn_right = 5331174284, pn_left = -1.414850134e+10, f = -2.209249526
ecurr = -3.44, pn_right = 5412585685, pn_left = -1.443636285e+10, f = -2.199627515
ecurr = -3.445, pn_right = 5494663275, pn_left = -1.472959894e+10, f = -2.189973266
ecurr = -3.45, pn_right = 5577390908, pn_left = -1.502829814e+10, f = -2.180286881
ecurr = -3.455, pn_right = 5660751321, pn_left = -1.533255011e+10, f = -2.170568463
ecurr = -3.46, pn_right = 5744726095, pn_left = -1.564244568e+10, f = -2.160818114
ecurr = -3.465, pn_right = 5829295612, pn_left = -1.595807687e+10, f = -2.151035937
ecurr = -3.47, pn_right = 5914439014, pn_left = -1.627953685e+10, f = -2.141222034
ecurr = -3.475, pn_right = 6000134150, pn_left = -1.660691996e+10, f = -2.131376509
ecurr = -3.48, pn_right = 6086357539, pn_left = -1.694032175e+10, f = -2.121499467
ecurr = -3.485, pn_right = 6173084314, pn_left = -1.727983895e+10, f = -2.111591013
ecurr = -3.49, pn_right = 6260288175, pn_left = -1.762556948e+10, f = -2.10165125
ecurr = -3.495, pn_right = 6347941340, pn_left = -1.797761247e+10, f = -2.091680284
ecurr = -3.5, pn_right = 6436014490, pn_left = -1.833606824e+10, f = -2.081678222
ecurr = -3.505, pn_right = 6524476714, pn_left = -1.870103834e+10, f = -2.071645168
ecurr = -3.51, pn_right = 6613295458, pn_left = -1.907262549e+10, f = -2.061581231
ecurr = -3.515, pn_right = 6702436461, pn_left = -1.945093367e+10, f = -2.051486517
ecurr = -3.52, pn_right = 6791863703, pn_left = -1.983606804e+10, f = -2.041361133
ecurr = -3.525, pn_right = 6881539338, pn_left = -2.0228135e+10, f = -2.031205187
ecurr = -3.53, pn_right = 6971423635, pn_left = -2.062724215e+10, f = -2.021018788
ecurr = -3.535, pn_right = 7061474914, pn_left = -2.103349832e+10, f = -2.010802044
ecurr = -3.54, pn_right = 7151649477, pn_left = -2.144701357e+10, f = -2.000555065
ecurr = -3.545, pn_right = 7241901542, pn_left = -2.186789916e+10, f = -1.99027796
ecurr = -3.55, pn_right = 7332183175, pn_left = -2.229626758e+10, f = -1.979970839
ecurr = -3.555, pn_right = 7422444212, pn_left = -2.273223254e+10, f = -1.969633813
ecurr = -3.56, pn_right = 7512632189, pn_left = -2.317590895e+10, f = -1.959266991
ecurr = -3.565, pn_right = 7602692267, pn_left = -2.362741297e+10, f = -1.948870487
ecurr = -3.57, pn_right = 7692567151, pn_left = -2.408686193e+10, f = -1.93844441
ecurr = -3.575, pn_right = 7782197008, pn_left = -2.45543744e+10, f = -1.927988874
ecurr = -3.58, pn_right = 7871519389, pn_left = -2.503007012e+10, f = -1.917503991
ecurr = -3.585, pn_right = 7960469139, pn_left = -2.551407006e+10, f = -1.906989873
ecurr = -3.59, pn_right = 8048978310, pn_left = -2.600649635e+10, f = -1.896446635
ecurr = -3.595, pn_right = 8136976076, pn_left = -2.650747234e+10, f = -1.885874389
ecurr = -3.6, pn_right = 8224388632, pn_left = -2.701712251e+10, f = -1.87527325
ecurr = -3.605, pn_right = 8311139105, pn_left = -2.753557256e+10, f = -1.864643333
ecurr = -3.61, pn_right = 8397147455, pn_left = -2.80629493e+10, f = -1.853984752
ecurr = -3.615, pn_right = 8482330370, pn_left = -2.859938073e+10, f = -1.843297623
ecurr = -3.62, pn_right = 8566601171, pn_left = -2.914499595e+10, f = -1.832582061
ecurr = -3.625, pn_right = 8649869696, pn_left = -2.969992522e+10, f = -1.821838184
ecurr = -3.63, pn_right = 8732042198, pn_left = -3.026429988e+10, f = -1.811066106
ecurr = -3.635, pn_right = 8813021229, pn_left = -3.083825238e+10, f = -1.800265947
ecurr = -3.64, pn_right = 8892705527, pn_left = -3.142191627e+10, f = -1.789437822
ecurr = -3.645, pn_right = 8970989896, pn_left = -3.201542614e+10, f = -1.77858185
ecurr = -3.65, pn_right = 9047765083, pn_left = -3.261891763e+10, f = -1.767698149
ecurr = -3.655, pn_right = 9122917656, pn_left = -3.323252741e+10, f = -1.756786837
ecurr = -3.66, pn_right = 9196329872, pn_left = -3.385639318e+10, f = -1.745848034
ecurr = -3.665, pn_right = 9267879550, pn_left = -3.44906536e+10, f = -1.73488186
ecurr = -3.67, pn_right = 9337439929, pn_left = -3.51354483e+10, f = -1.723888433
ecurr = -3.675, pn_right = 9404879533, pn_left = -3.579091786e+10, f = -1.712867875
ecurr = -3.68, pn_right = 9470062029, pn_left = -3.645720377e+10, f = -1.701820305
ecurr = -3.685, pn_right = 9532846074, pn_left = -3.71344484e+10, f = -1.690745846
ecurr = -3.69, pn_right = 9593085173, pn_left = -3.782279498e+10, f = -1.679644618
ecurr = -3.695, pn_right = 9650627515, pn_left = -3.852238758e+10, f = -1.668516744
ecurr = -3.7, pn_right = 9705315820, pn_left = -3.923337106e+10, f = -1.657362345
ecurr = -3.705, pn_right = 9756987174, pn_left = -3.995589105e+10, f = -1.646181545
ecurr = -3.71, pn_right = 9805472862, pn_left = -4.069009388e+10, f = -1.634974465
ecurr = -3.715, pn_right = 9850598192, pn_left = -4.143612661e+10, f = -1.623741231
ecurr = -3.72, pn_right = 9892182326, pn_left = -4.219413693e+10, f = -1.612481966
ecurr = -3.725, pn_right = 9930038091, pn_left = -4.296427315e+10, f = -1.601196793
ecurr = -3.73, pn_right = 9963971794, pn_left = -4.374668413e+10, f = -1.589885838
ecurr = -3.735, pn_right = 9993783037, pn_left = -4.454151929e+10, f = -1.578549226
ecurr = -3.74, pn_right = 1.001926451e+10, pn_left = -4.53489285e+10, f = -1.567187082
ecurr = -3.745, pn_right = 1.004020181e+10, pn_left = -4.616906207e+10, f = -1.555799532
ecurr = -3.75, pn_right = 1.00563732e+10, pn_left = -4.700207067e+10, f = -1.544386702
ecurr = -3.755, pn_right = 1.006754943e+10, pn_left = -4.784810532e+10, f = -1.532948719
ecurr = -3.76, pn_right = 1.007349351e+10, pn_left = -4.87073173e+10, f = -1.521485709
ecurr = -3.765, pn_right = 1.007396046e+10, pn_left = -4.957985809e+10, f = -1.509997801
ecurr = -3.77, pn_right = 1.006869715e+10, pn_left = -5.046587934e+10, f = -1.498485122
ecurr = -3.775, pn_right = 1.005744197e+10, pn_left = -5.136553276e+10, f = -1.4869478
ecurr = -3.78, pn_right = 1.003992466e+10, pn_left = -5.22789701e+10, f = -1.475385964
ecurr = -3.785, pn_right = 1.001586605e+10, pn_left = -5.320634305e+10, f = -1.463799742
ecurr = -3.79, pn_right = 9984977782, pn_left = -5.414780321e+10, f = -1.452189265
ecurr = -3.795, pn_right = 9946962062, pn_left = -5.510350195e+10, f = -1.440554661
ecurr = -3.8, pn_right = 9901511403, pn_left = -5.607359038e+10, f = -1.428896061
ecurr = -3.805, pn_right = 9848308341, pn_left = -5.705821928e+10, f = -1.417213595
ecurr = -3.81, pn_right = 9787025154, pn_left = -5.805753896e+10, f = -1.405507395
ecurr = -3.815, pn_right = 9717323577, pn_left = -5.907169925e+10, f = -1.393777591
ecurr = -3.82, pn_right = 9638854504, pn_left = -6.010084934e+10, f = -1.382024315
ecurr = -3.825, pn_right = 9551257684, pn_left = -6.114513773e+10, f = -1.370247699
ecurr = -3.83, pn_right = 9454161413, pn_left = -6.22047121e+10, f = -1.358447876
ecurr = -3.835, pn_right = 9347182213, pn_left = -6.327971926e+10, f = -1.346624977
ecurr = -3.84, pn_right = 9229924505, pn_left = -6.437030498e+10, f = -1.334779137
ecurr = -3.845, pn_right = 9101980273, pn_left = -6.547661395e+10, f = -1.322910489
ecurr = -3.85, pn_right = 8962928723, pn_left = -6.659878961e+10, f = -1.311019167
ecurr = -3.855, pn_right = 8812335926, pn_left = -6.773697406e+10, f = -1.299105305
ecurr = -3.86, pn_right = 8649754460, pn_left = -6.889130795e+10, f = -1.287169037
ecurr = -3.865, pn_right = 8474723039, pn_left = -7.006193033e+10, f = -1.275210499
ecurr = -3.87, pn_right = 8286766129, pn_left = -7.124897855e+10, f = -1.263229827
ecurr = -3.875, pn_right = 8085393566, pn_left = -7.24525881e+10, f = -1.251227155
ecurr = -3.88, pn_right = 7870100150, pn_left = -7.367289247e+10, f = -1.23920262
ecurr = -3.885, pn_right = 7640365236, pn_left = -7.491002305e+10, f = -1.227156358
ecurr = -3.89, pn_right = 7395652319, pn_left = -7.616410893e+10, f = -1.215088507
ecurr = -3.895, pn_right = 7135408601, pn_left = -7.743527678e+10, f = -1.202999203
ecurr = -3.9, pn_right = 6859064548, pn_left = -7.872365067e+10, f = -1.190888584
ecurr = -3.905, pn_right = 6566033444, pn_left = -8.002935192e+10, f = -1.178756789
ecurr = -3.91, pn_right = 6255710921, pn_left = -8.135249894e+10, f = -1.166603954
ecurr = -3.915, pn_right = 5927474490, pn_left = -8.269320703e+10, f = -1.15443022
ecurr = -3.92, pn_right = 5580683051, pn_left = -8.405158823e+10, f = -1.142235725
ecurr = -3.925, pn_right = 5214676397, pn_left = -8.54277511e+10, f = -1.130020609
ecurr = -3.93, pn_right = 4828774703, pn_left = -8.682180056e+10, f = -1.11778501
ecurr = -3.935, pn_right = 4422277999, pn_left = -8.823383766e+10, f = -1.105529071
ecurr = -3.94, pn_right = 3994465641, pn_left = -8.966395941e+10, f = -1.09325293
ecurr = -3.945, pn_right = 3544595753, pn_left = -9.111225855e+10, f = -1.080956729
ecurr = -3.95, pn_right = 3071904672, pn_left = -9.257882331e+10, f = -1.068640608
ecurr = -3.955, pn_right = 2575606364, pn_left = -9.406373723e+10, f = -1.056304711
ecurr = -3.96, pn_right = 2054891840, pn_left = -9.55670789e+10, f = -1.043949177
ecurr = -3.965, pn_right = 1508928544, pn_left = -9.708892171e+10, f = -1.03157415
ecurr = -3.97, pn_right = 936859737.8, pn_left = -9.862933363e+10, f = -1.019179773
ecurr = -3.975, pn_right = 337803863.8, pn_left = -1.001883769e+11, f = -1.006766188
ecurr = -3.98, pn_right = -289146106.5, pn_left = -1.01766108e+11, f = -0.9943335381
ecurr = -3.985, pn_right = -944923337.9, pn_left = -1.033625769e+11, f = -0.9818819675
ecurr = -3.99, pn_right = -1630487815, pn_left = -1.049778272e+11, f = -0.9694116202
ecurr = -3.995, pn_right = -2346827043, pn_left = -1.066118957e+11, f = -0.9569226404
ecurr = -4, pn_right = -3094956759, pn_left = -1.082648123e+11, f = -0.9444151728
ecurr = -4.005, pn_right = -3875921674, pn_left = -1.099365992e+11, f = -0.9318893625
ecurr = -4.01, pn_right = -4690796216, pn_left = -1.11627271e+11, f = -0.9193453549
ecurr = -4.015, pn_right = -5540685305, pn_left = -1.133368345e+11, f = -0.9067832957
ecurr = -4.02, pn_right = -6426725139, pn_left = -1.150652877e+11, f = -0.894203331
ecurr = -4.025, pn_right = -7350084003, pn_left = -1.168126203e+11, f = -0.8816056071
ecurr = -4.03, pn_right = -8311963091, pn_left = -1.185788128e+11, f = -0.8689902708
ecurr = -4.035, pn_right = -9313597359, pn_left = -1.203638361e+11, f = -0.8563574693
ecurr = -4.04, pn_right = -1.035625638e+10, pn_left = -1.221676515e+11, f = -0.8437073499
ecurr = -4.045, pn_right = -1.144124526e+10, pn_left = -1.239902101e+11, f = -0.8310400603
ecurr = -4.05, pn_right = -1.25699055e+10, pn_left = -1.258314523e+11, f = -0.8183557488
ecurr = -4.055, pn_right = -1.374361597e+10, pn_left = -1.276913076e+11, f = -0.8056545637
ecurr = -4.06, pn_right = -1.496379383e+10, pn_left = -1.295696941e+11, f = -0.7929366537
ecurr = -4.065, pn_right = -1.623189553e+10, pn_left = -1.314665179e+11, f = -0.780202168
ecurr = -4.07, pn_right = -1.75494178e+10, pn_left = -1.33381673e+11, f = -0.767451256
ecurr = -4.075, pn_right = -1.891789866e+10, pn_left = -1.353150406e+11, f = -0.7546840674
ecurr = -4.08, pn_right = -2.033891848e+10, pn_left = -1.372664885e+11, f = -0.7419007523
ecurr = -4.085, pn_right = -2.181410105e+10, pn_left = -1.392358709e+11, f = -0.7291014611
ecurr = -4.09, pn_right = -2.334511466e+10, pn_left = -1.41223028e+11, f = -0.7162863445
ecurr = -4.095, pn_right = -2.493367325e+10, pn_left = -1.432277849e+11, f = -0.7034555536
ecurr = -4.1, pn_right = -2.658153754e+10, pn_left = -1.452499517e+11, f = -0.6906092398
ecurr = -4.105, pn_right = -2.82905162e+10, pn_left = -1.472893226e+11, f = -0.6777475547
ecurr = -4.11, pn_right = -3.006246708e+10, pn_left = -1.493456756e+11, f = -0.6648706504
ecurr = -4.115, pn_right = -3.189929842e+10, pn_left = -1.514187716e+11, f = -0.6519786792
ecurr = -4.12, pn_right = -3.380297011e+10, pn_left = -1.53508354e+11, f = -0.6390717938
ecurr = -4.125, pn_right = -3.5775495e+10, pn_left = -1.556141483e+11, f = -0.626150147
ecurr = -4.13, pn_right = -3.781894019e+10, pn_left = -1.57735861e+11, f = -0.6132138924
ecurr = -4.135, pn_right = -3.99354284e+10, pn_left = -1.598731793e+11, f = -0.6002631833
ecurr = -4.14, pn_right = -4.212713937e+10, pn_left = -1.620257705e+11, f = -0.5872981737
ecurr = -4.145, pn_right = -4.439631124e+10, pn_left = -1.64193281e+11, f = -0.574319018
ecurr = -4.15, pn_right = -4.674524203e+10, pn_left = -1.66375336e+11, f = -0.5613258705
ecurr = -4.155, pn_right = -4.917629108e+10, pn_left = -1.685715384e+11, f = -0.5483188862
ecurr = -4.16, pn_right = -5.169188062e+10, pn_left = -1.707814683e+11, f = -0.5352982201
ecurr = -4.165, pn_right = -5.429449729e+10, pn_left = -1.730046824e+11, f = -0.5222640279
ecurr = -4.17, pn_right = -5.698669371e+10, pn_left = -1.752407127e+11, f = -0.5092164651
ecurr = -4.175, pn_right = -5.977109017e+10, pn_left = -1.774890664e+11, f = -0.496155688
ecurr = -4.18, pn_right = -6.265037621e+10, pn_left = -1.797492244e+11, f = -0.4830818529
ecurr = -4.185, pn_right = -6.562731238e+10, pn_left = -1.820206411e+11, f = -0.4699951164
ecurr = -4.19, pn_right = -6.870473195e+10, pn_left = -1.84302743e+11, f = -0.4568956355
ecurr = -4.195, pn_right = -7.18855427e+10, pn_left = -1.865949282e+11, f = -0.4437835676
ecurr = -4.2, pn_right = -7.517272873e+10, pn_left = -1.888965654e+11, f = -0.4306590701
ecurr = -4.205, pn_right = -7.856935236e+10, pn_left = -1.912069927e+11, f = -0.417522301
ecurr = -4.21, pn_right = -8.207855599e+10, pn_left = -1.935255172e+11, f = -0.4043734185
ecurr = -4.215, pn_right = -8.570356405e+10, pn_left = -1.958514135e+11, f = -0.3912125809
ecurr = -4.22, pn_right = -8.944768503e+10, pn_left = -1.981839229e+11, f = -0.3780399471
ecurr = -4.225, pn_right = -9.33143135e+10, pn_left = -2.005222524e+11, f = -0.3648556761
ecurr = -4.23, pn_right = -9.730693219e+10, pn_left = -2.028655738e+11, f = -0.3516599272
ecurr = -4.235, pn_right = -1.014291141e+11, pn_left = -2.052130222e+11, f = -0.3384528601
ecurr = -4.24, pn_right = -1.056845248e+11, pn_left = -2.075636952e+11, f = -0.3252346346
ecurr = -4.245, pn_right = -1.100769245e+11, pn_left = -2.099166518e+11, f = -0.312005411
ecurr = -4.25, pn_right = -1.146101704e+11, pn_left = -2.12270911e+11, f = -0.2987653497
ecurr = -4.255, pn_right = -1.19288219e+11, pn_left = -2.146254508e+11, f = -0.2855146116
ecurr = -4.26, pn_right = -1.241151287e+11, pn_left = -2.169792068e+11, f = -0.2722533577
ecurr = -4.265, pn_right = -1.290950618e+11, pn_left = -2.193310711e+11, f = -0.2589817492
ecurr = -4.27, pn_right = -1.342322874e+11, pn_left = -2.216798911e+11, f = -0.2456999479
ecurr = -4.275, pn_right = -1.395311839e+11, pn_left = -2.240244678e+11, f = -0.2324081155
ecurr = -4.28, pn_right = -1.449962413e+11, pn_left = -2.263635547e+11, f = -0.2191064143
ecurr = -4.285, pn_right = -1.506320644e+11, pn_left = -2.286958564e+11, f = -0.2057950068
ecurr = -4.29, pn_right = -1.564433748e+11, pn_left = -2.310200271e+11, f = -0.1924740555
ecurr = -4.295, pn_right = -1.624350145e+11, pn_left = -2.333346693e+11, f = -0.1791437235
ecurr = -4.3, pn_right = -1.686119482e+11, pn_left = -2.356383321e+11, f = -0.1658041741
ecurr = -4.305, pn_right = -1.749792665e+11, pn_left = -2.379295096e+11, f = -0.1524555708
ecurr = -4.31, pn_right = -1.815421886e+11, pn_left = -2.402066397e+11, f = -0.1390980773
ecurr = -4.315, pn_right = -1.883060656e+11, pn_left = -2.424681019e+11, f = -0.1257318577
ecurr = -4.32, pn_right = -1.952763836e+11, pn_left = -2.447122164e+11, f = -0.1123570765
ecurr = -4.325, pn_right = -2.024587669e+11, pn_left = -2.469372417e+11, f = -0.09897389805
ecurr = -4.33, pn_right = -2.098589811e+11, pn_left = -2.491413731e+11, f = -0.08558248732
ecurr = -4.335, pn_right = -2.174829364e+11, pn_left = -2.51322741e+11, f = -0.07218300941
ecurr = -4.34, pn_right = -2.253366914e+11, pn_left = -2.534794092e+11, f = -0.05877562969
ecurr = -4.345, pn_right = -2.334264563e+11, pn_left = -2.556093727e+11, f = -0.04536051378
ecurr = -4.35, pn_right = -2.417585962e+11, pn_left = -2.577105559e+11, f = -0.03193782757
ecurr = -4.355, pn_right = -2.503396354e+11, pn_left = -2.597808106e+11, f = -0.01850773721
ecurr = -4.36, pn_right = -2.591762605e+11, pn_left = -2.618179141e+11, f = -0.005070409089
ecurr = -4.365, pn_right = -2.682753247e+11, pn_left = -2.638195673e+11, f = 0.008373990146
ecurr = -4.3625, pn_right = -2.636925528e+11, pn_left = -2.628233188e+11, f = 0.001650917065
ecurr = -4.36, pn_right = -2.591762605e+11, pn_left = -2.618179141e+11, f = -0.005070409089
ecurr = -4.36125, pn_right = -2.614261515e+11, pn_left = -2.623217424e+11, f = -0.001709965682
ecurr = -4.3625, pn_right = -2.636925528e+11, pn_left = -2.628233188e+11, f = 0.001650917064
ecurr = -4.36375, pn_right = -2.659755739e+11, pn_left = -2.633226062e+11, f = 0.005012236543
ecurr = -4.363125, pn_right = -2.64831979e+11, pn_left = -2.630732509e+11, f = 0.003331522375
ecurr = -4.3625, pn_right = -2.636925528e+11, pn_left = -2.628233188e+11, f = 0.001650917064
ecurr = -4.361875, pn_right = -2.625572816e+11, pn_left = -2.625728144e+11, f = -2.95790633e-05
ecurr = -4.36125, pn_right = -2.614261515e+11, pn_left = -2.623217424e+11, f = -0.001709965682
ecurr = -4.3615625, pn_right = -2.619911997e+11, pn_left = -2.624473491e+11, f = -0.0008697860817
ecurr = -4.361875, pn_right = -2.625572816e+11, pn_left = -2.625728144e+11, f = -2.957906331e-05
ecurr = -4.3621875, pn_right = -2.631243987e+11, pn_left = -2.626981378e+11, f = 0.0008106553323
ecurr = -4.36203125, pn_right = -2.628407106e+11, pn_left = -2.626354939e+11, f = 0.0003905347149
ecurr = -4.361875, pn_right = -2.625572816e+11, pn_left = -2.625728144e+11, f = -2.957906331e-05
ecurr = -4.36171875, pn_right = -2.622741113e+11, pn_left = -2.625100995e+11, f = -0.0004496859972
ecurr = -4.361796875, pn_right = -2.624156641e+11, pn_left = -2.625414614e+11, f = -0.0002396333861
ecurr = -4.361875, pn_right = -2.625572816e+11, pn_left = -2.625728144e+11, f = -2.957906331e-05
ecurr = -4.361953125, pn_right = -2.626989637e+11, pn_left = -2.626041586e+11, f = 0.0001804769706
ecurr = -4.361914062, pn_right = -2.626281146e+11, pn_left = -2.625884876e+11, f = 7.544873978e-05
ecurr = -4.361875, pn_right = -2.625572816e+11, pn_left = -2.625728144e+11, f = -2.957906331e-05
ecurr = -4.361835937, pn_right = -2.624864648e+11, pn_left = -2.62557139e+11, f = -0.0001346064386
ecurr = -4.361855469, pn_right = -2.625218711e+11, pn_left = -2.62564977e+11, f = -8.209280445e-05
ecurr = -4.361875, pn_right = -2.625572816e+11, pn_left = -2.625728144e+11, f = -2.95790633e-05
ecurr = -4.361894531, pn_right = -2.62592696e+11, pn_left = -2.625806513e+11, f = 2.293478478e-05
ecurr = -4.361914062, pn_right = -2.626281146e+11, pn_left = -2.625884876e+11, f = 7.54487398e-05
ecurr = -4.361904297, pn_right = -2.626104048e+11, pn_left = -2.625845695e+11, f = 4.919174891e-05
ecurr = -4.361894531, pn_right = -2.62592696e+11, pn_left = -2.625806513e+11, f = 2.293478478e-05
ecurr = -4.361884766, pn_right = -2.625749883e+11, pn_left = -2.625767329e+11, f = -3.322152636e-06
ecurr = -4.361875, pn_right = -2.625572816e+11, pn_left = -2.625728144e+11, f = -2.95790633e-05
ecurr = -4.361879883, pn_right = -2.625661348e+11, pn_left = -2.625747737e+11, f = -1.645061131e-05
ecurr = -4.361884766, pn_right = -2.625749883e+11, pn_left = -2.625767329e+11, f = -3.322152636e-06
ecurr = -4.361889648, pn_right = -2.62583842e+11, pn_left = -2.625786921e+11, f = 9.80631273e-06
ecurr = -4.361887207, pn_right = -2.625794151e+11, pn_left = -2.625777125e+11, f = 3.242079218e-06
ecurr = -4.361884766, pn_right = -2.625749883e+11, pn_left = -2.625767329e+11, f = -3.322152633e-06
ecurr = -4.361885986, pn_right = -2.625772017e+11, pn_left = -2.625772227e+11, f = -4.003691714e-08
it = 311, e = -4.36188599, de = -1.22070313e-06, f = -3.32215263e-06
Normalizing...
norm = 1.57875557e+24
<T> = 9.41459676
