ecurr = 0, pn_right = 0.0001817703316, pn_left = 3.613585935e-06, f = 0.9610151087
ecurr = 0.01, pn_right = -4.12942992e-05, pn_left = -2.154186341e-05, f = 0.3143482188
ecurr = 0.02, pn_right = -0.000150521169, pn_left = -1.26326247e-05, f = 0.8451445791
ecurr = 0.015, pn_right = -0.0001076779595, pn_left = -1.687149147e-05, f = 0.7290796333
ecurr = 0.01, pn_right = -4.12942992e-05, pn_left = -2.154186341e-05, f = 0.3143482188
ecurr = 0.005, pn_right = 5.339486118e-05, pn_left = -7.138110085e-06, f = 1.30862998
ecurr = 0.0075, pn_right = 2.19089482e-06, pn_left = -7.505766121e-07, f = 2.042237206
ecurr = 0.00625, pn_right = 2.678572979e-05, pn_left = -7.125388997e-06, f = 1.724848981
ecurr = 0.005, pn_right = 5.339486118e-05, pn_left = -7.138110085e-06, f = 1.30862998
ecurr = 0.00375, pn_right = 8.210609511e-05, pn_left = -5.637732976e-06, f = 1.147452693
ecurr = 0.0025, pn_right = 0.0001130098707, pn_left = -3.261923841e-06, f = 1.059443915
ecurr = 0.00125, pn_right = 0.0001461993205, pn_left = -1.664837487e-07, f = 1.002280086
ecurr = -3.035766083e-18, pn_right = 0.0001817703316, pn_left = 3.613585935e-06, f = 0.9610151087
ecurr = -0.00125, pn_right = 0.0002198216083, pn_left = 8.086519806e-06, f = 0.9290370214
ecurr = -0.0025, pn_right = 0.0002604547358, pn_left = 1.328012708e-05, f = 0.9029708753
ecurr = -0.00375, pn_right = 0.0003037742453, pn_left = 1.923290715e-05, f = 0.8809134286
ecurr = -0.005, pn_right = 0.0003498876793, pn_left = 2.599022529e-05, f = 0.8617092148
ecurr = -0.00625, pn_right = 0.0003989056596, pn_left = 3.36025078e-05, f = 0.844615615
ecurr = -0.0075, pn_right = 0.0004509419553, pn_left = 4.212434041e-05, f = 0.8291331581
ecurr = -0.00875, pn_right = 0.0005061135527, pn_left = 5.161400775e-05, f = 0.8149131891
ecurr = -0.01, pn_right = 0.0005645407262, pn_left = 6.213326476e-05, f = 0.8017046641
ecurr = -0.01125, pn_right = 0.0006263471103, pn_left = 7.374723754e-05, f = 0.7893220028
ecurr = -0.0125, pn_right = 0.0006916597736, pn_left = 8.652440058e-05, f = 0.7776248774
ecurr = -0.01375, pn_right = 0.0007606092934, pn_left = 0.0001005366016, f = 0.7665050669
ecurr = -0.015, pn_right = 0.0008333298315, pn_left = 0.000115859117, f = 0.7558776529
ecurr = -0.01625, pn_right = 0.0009099592125, pn_left = 0.000132570729, f = 0.7456749706
ecurr = -0.0175, pn_right = 0.0009906390023, pn_left = 0.0001507538178, f = 0.7358423582
ecurr = -0.01875, pn_right = 0.001075514588, pn_left = 0.0001704944653, f = 0.72633511
ecurr = -0.02, pn_right = 0.001164735261, pn_left = 0.0001918825678, f = 0.7171162524
ecurr = -0.02125, pn_right = 0.001258454299, pn_left = 0.0002150119572, f = 0.7081548948
ecurr = -0.0225, pn_right = 0.001356829049, pn_left = 0.0002399805284, f = 0.6994249887
ecurr = -0.02375, pn_right = 0.001460021019, pn_left = 0.0002668903725, f = 0.6909043813
ecurr = -0.025, pn_right = 0.001568195959, pn_left = 0.0002958479161, f = 0.6825740853
ecurr = -0.02625, pn_right = 0.001681523955, pn_left = 0.0003269640661, f = 0.6744177086
ecurr = -0.0275, pn_right = 0.001800179516, pn_left = 0.0003603543593, f = 0.6664210052
ecurr = -0.02875, pn_right = 0.001924341671, pn_left = 0.0003961391176, f = 0.6585715171
ecurr = -0.03, pn_right = 0.002054194057, pn_left = 0.0004344436079, f = 0.6508582876
ecurr = -0.03125, pn_right = 0.002189925019, pn_left = 0.0004753982077, f = 0.643271628
ecurr = -0.0325, pn_right = 0.002331727706, pn_left = 0.0005191385756, f = 0.6358029285
ecurr = -0.03375, pn_right = 0.002479800171, pn_left = 0.000565805827, f = 0.6284445017
ecurr = -0.035, pn_right = 0.002634345466, pn_left = 0.0006155467152, f = 0.6211894543
ecurr = -0.03625, pn_right = 0.002795571752, pn_left = 0.0006685138185, f = 0.6140315792
ecurr = -0.0375, pn_right = 0.002963692398, pn_left = 0.0007248657321, f = 0.6069652659
ecurr = -0.03875, pn_right = 0.00313892609, pn_left = 0.0007847672662, f = 0.5999854244
ecurr = -0.04, pn_right = 0.003321496933, pn_left = 0.0008483896498, f = 0.5930874219
ecurr = -0.04125, pn_right = 0.003511634566, pn_left = 0.0009159107408, f = 0.5862670273
ecurr = -0.0425, pn_right = 0.003709574274, pn_left = 0.0009875152414, f = 0.5795203654
ecurr = -0.04375, pn_right = 0.003915557093, pn_left = 0.001063394921, f = 0.5728438764
ecurr = -0.045, pn_right = 0.004129829935, pn_left = 0.001143748844, f = 0.5662342814
ecurr = -0.04625, pn_right = 0.004352645699, pn_left = 0.001228783608, f = 0.5596885528
ecurr = -0.0475, pn_right = 0.004584263389, pn_left = 0.001318713579, f = 0.553203888
ecurr = -0.04875, pn_right = 0.00482494824, pn_left = 0.001413761151, f = 0.5467776868
ecurr = -0.05, pn_right = 0.005074971837, pn_left = 0.001514156991, f = 0.5404075317
ecurr = -0.05125, pn_right = 0.005334612241, pn_left = 0.001620140312, f = 0.5340911701
ecurr = -0.0525, pn_right = 0.005604154116, pn_left = 0.001731959138, f = 0.5278264994
ecurr = -0.05375, pn_right = 0.005883888857, pn_left = 0.001849870585, f = 0.5216115529
ecurr = -0.055, pn_right = 0.006174114723, pn_left = 0.001974141148, f = 0.5154444879
ecurr = -0.05625, pn_right = 0.006475136972, pn_left = 0.002105046996, f = 0.5093235753
ecurr = -0.0575, pn_right = 0.00678726799, pn_left = 0.002242874274, f = 0.5032471895
ecurr = -0.05875, pn_right = 0.007110827436, pn_left = 0.002387919416, f = 0.4972138002
ecurr = -0.06, pn_right = 0.007446142378, pn_left = 0.002540489466, f = 0.4912219644
ecurr = -0.06125, pn_right = 0.007793547438, pn_left = 0.002700902405, f = 0.4852703199
ecurr = -0.0625, pn_right = 0.008153384933, pn_left = 0.002869487494, f = 0.4793575788
ecurr = -0.06375, pn_right = 0.008526005025, pn_left = 0.00304658562, f = 0.473482522
ecurr = -0.065, pn_right = 0.008911765872, pn_left = 0.003232549655, f = 0.467643994
ecurr = -0.06625, pn_right = 0.009311033773, pn_left = 0.003427744822, f = 0.4618408984
ecurr = -0.0675, pn_right = 0.009724183331, pn_left = 0.003632549079, f = 0.4560721938
ecurr = -0.06875, pn_right = 0.0101515976, pn_left = 0.003847353502, f = 0.4503368898
ecurr = -0.07, pn_right = 0.01059366826, pn_left = 0.004072562691, f = 0.4446340435
ecurr = -0.07125, pn_right = 0.01105079576, pn_left = 0.004308595175, f = 0.4389627567
ecurr = -0.0725, pn_right = 0.01152338949, pn_left = 0.00455588384, f = 0.4333221724
ecurr = -0.07375, pn_right = 0.01201186795, pn_left = 0.004814876361, f = 0.4277114728
ecurr = -0.075, pn_right = 0.01251665893, pn_left = 0.005086035649, f = 0.4221298762
ecurr = -0.07625, pn_right = 0.01303819966, pn_left = 0.005369840308, f = 0.4165766353
ecurr = -0.0775, pn_right = 0.013576937, pn_left = 0.00566678511, f = 0.4110510348
ecurr = -0.07875, pn_right = 0.0141333276, pn_left = 0.005977381479, f = 0.4055523895
ecurr = -0.08, pn_right = 0.01470783812, pn_left = 0.006302157984, f = 0.4000800427
ecurr = -0.08125, pn_right = 0.01530094538, pn_left = 0.006641660858, f = 0.3946333643
ecurr = -0.0825, pn_right = 0.01591313655, pn_left = 0.00699645452, f = 0.3892117498
ecurr = -0.08375, pn_right = 0.01654490934, pn_left = 0.007367122115, f = 0.3838146182
ecurr = -0.085, pn_right = 0.01719677221, pn_left = 0.007754266071, f = 0.3784414112
ecurr = -0.08625, pn_right = 0.01786924454, pn_left = 0.008158508667, f = 0.3730915918
ecurr = -0.0875, pn_right = 0.01856285686, pn_left = 0.008580492624, f = 0.3677646432
ecurr = -0.08875, pn_right = 0.01927815101, pn_left = 0.009020881701, f = 0.3624600677
ecurr = -0.09, pn_right = 0.02001568038, pn_left = 0.009480361319, f = 0.3571773857
ecurr = -0.09125, pn_right = 0.02077601011, pn_left = 0.009959639195, f = 0.3519161351
ecurr = -0.0925, pn_right = 0.02155971727, pn_left = 0.01045944599, f = 0.3466758698
ecurr = -0.09375, pn_right = 0.02236739113, pn_left = 0.010980536, f = 0.3414561596
ecurr = -0.095, pn_right = 0.02319963333, pn_left = 0.01152368781, f = 0.336256589
ecurr = -0.09625, pn_right = 0.02405705814, pn_left = 0.01208970503, f = 0.3310767564
ecurr = -0.0975, pn_right = 0.02494029263, pn_left = 0.01267941703, f = 0.325916274
ecurr = -0.09875, pn_right = 0.02584997696, pn_left = 0.01329367965, f = 0.3207747667
ecurr = -0.1, pn_right = 0.02678676458, pn_left = 0.013933376, f = 0.3156518714
ecurr = -0.10125, pn_right = 0.02775132245, pn_left = 0.01459941725, f = 0.3105472371
ecurr = -0.1025, pn_right = 0.02874433131, pn_left = 0.01529274341, f = 0.3054605235
ecurr = -0.10375, pn_right = 0.02976648591, pn_left = 0.0160143242, f = 0.3003914014
ecurr = -0.105, pn_right = 0.03081849525, pn_left = 0.01676515988, f = 0.2953395516
ecurr = -0.10625, pn_right = 0.03190108282, pn_left = 0.01754628213, f = 0.2903046645
ecurr = -0.1075, pn_right = 0.03301498689, pn_left = 0.01835875495, f = 0.2852864403
ecurr = -0.10875, pn_right = 0.03416096073, pn_left = 0.01920367563, f = 0.2802845877
ecurr = -0.11, pn_right = 0.03533977288, pn_left = 0.02008217562, f = 0.2752988243
ecurr = -0.11125, pn_right = 0.03655220745, pn_left = 0.02099542158, f = 0.2703288758
ecurr = -0.1125, pn_right = 0.03779906431, pn_left = 0.02194461636, f = 0.265374476
ecurr = -0.11375, pn_right = 0.03908115946, pn_left = 0.02293100001, f = 0.260435366
ecurr = -0.115, pn_right = 0.04039932522, pn_left = 0.02395585087, f = 0.2555112944
ecurr = -0.11625, pn_right = 0.04175441058, pn_left = 0.02502048666, f = 0.2506020168
ecurr = -0.1175, pn_right = 0.04314728143, pn_left = 0.02612626555, f = 0.2457072956
ecurr = -0.11875, pn_right = 0.0445788209, pn_left = 0.02727458737, f = 0.2408268995
ecurr = -0.12, pn_right = 0.04604992961, pn_left = 0.02846689475, f = 0.2359606036
ecurr = -0.12125, pn_right = 0.04756152598, pn_left = 0.02970467436, f = 0.2311081889
ecurr = -0.1225, pn_right = 0.04911454657, pn_left = 0.0309894581, f = 0.2262694424
ecurr = -0.12375, pn_right = 0.05070994634, pn_left = 0.03232282445, f = 0.2214441565
ecurr = -0.125, pn_right = 0.05234869896, pn_left = 0.03370639972, f = 0.216632129
ecurr = -0.12625, pn_right = 0.05403179718, pn_left = 0.03514185945, f = 0.2118331629
ecurr = -0.1275, pn_right = 0.0557602531, pn_left = 0.03663092975, f = 0.2070470662
ecurr = -0.12875, pn_right = 0.0575350985, pn_left = 0.03817538873, f = 0.2022736518
ecurr = -0.13, pn_right = 0.05935738519, pn_left = 0.03977706799, f = 0.1975127373
ecurr = -0.13125, pn_right = 0.06122818536, pn_left = 0.04143785409, f = 0.1927641446
ecurr = -0.1325, pn_right = 0.06314859187, pn_left = 0.04315969011, f = 0.1880277001
ecurr = -0.13375, pn_right = 0.06511971863, pn_left = 0.04494457721, f = 0.1833032343
ecurr = -0.135, pn_right = 0.06714270094, pn_left = 0.04679457628, f = 0.1785905821
ecurr = -0.13625, pn_right = 0.06921869587, pn_left = 0.04871180959, f = 0.1738895818
ecurr = -0.1375, pn_right = 0.07134888256, pn_left = 0.0506984625, f = 0.169200076
ecurr = -0.13875, pn_right = 0.07353446266, pn_left = 0.05275678525, f = 0.1645219107
ecurr = -0.14, pn_right = 0.07577666065, pn_left = 0.05488909476, f = 0.1598549355
ecurr = -0.14125, pn_right = 0.07807672424, pn_left = 0.05709777644, f = 0.1551990035
ecurr = -0.1425, pn_right = 0.08043592473, pn_left = 0.05938528618, f = 0.1505539711
ecurr = -0.14375, pn_right = 0.08285555742, pn_left = 0.06175415225, f = 0.1459196981
ecurr = -0.145, pn_right = 0.085336942, pn_left = 0.06420697733, f = 0.1412960471
ecurr = -0.14625, pn_right = 0.08788142293, pn_left = 0.06674644057, f = 0.1366828842
ecurr = -0.1475, pn_right = 0.09049036985, pn_left = 0.06937529973, f = 0.1320800781
ecurr = -0.14875, pn_right = 0.09316517803, pn_left = 0.07209639338, f = 0.1274875004
ecurr = -0.15, pn_right = 0.09590726872, pn_left = 0.07491264307, f = 0.1229050257
ecurr = -0.15125, pn_right = 0.0987180896, pn_left = 0.07782705572, f = 0.118332531
ecurr = -0.1525, pn_right = 0.1015991152, pn_left = 0.08084272593, f = 0.1137698961
ecurr = -0.15375, pn_right = 0.1045518475, pn_left = 0.0839628384, f = 0.1092170034
ecurr = -0.155, pn_right = 0.1075778159, pn_left = 0.0871906705, f = 0.1046737376
ecurr = -0.15625, pn_right = 0.1106785783, pn_left = 0.09052959473, f = 0.1001399858
ecurr = -0.1575, pn_right = 0.1138557211, pn_left = 0.09398308145, f = 0.09561563769
ecurr = -0.15875, pn_right = 0.1171108597, pn_left = 0.09755470152, f = 0.0911005849
ecurr = -0.16, pn_right = 0.1204456392, pn_left = 0.1012481291, f = 0.08659472144
ecurr = -0.16125, pn_right = 0.1238617347, pn_left = 0.1050671446, f = 0.0820979434
ecurr = -0.1625, pn_right = 0.1273608518, pn_left = 0.1090156373, f = 0.077610149
ecurr = -0.16375, pn_right = 0.1309447271, pn_left = 0.1130976088, f = 0.07313123845
ecurr = -0.165, pn_right = 0.1346151286, pn_left = 0.1173171759, f = 0.06866111393
ecurr = -0.16625, pn_right = 0.1383738563, pn_left = 0.1216785737, f = 0.06419967957
ecurr = -0.1675, pn_right = 0.1422227429, pn_left = 0.1261861589, f = 0.05974684133
ecurr = -0.16875, pn_right = 0.1461636539, pn_left = 0.1308444133, f = 0.055302507
ecurr = -0.17, pn_right = 0.1501984884, pn_left = 0.1356579474, f = 0.05086658617
ecurr = -0.17125, pn_right = 0.1543291794, pn_left = 0.1406315032, f = 0.04643899011
ecurr = -0.1725, pn_right = 0.1585576947, pn_left = 0.1457699588, f = 0.0420196318
ecurr = -0.17375, pn_right = 0.1628860372, pn_left = 0.1510783315, f = 0.03760842585
ecurr = -0.175, pn_right = 0.1673162453, pn_left = 0.156561782, f = 0.03320528845
ecurr = -0.17625, pn_right = 0.1718503938, pn_left = 0.162225618, f = 0.02881013737
ecurr = -0.1775, pn_right = 0.1764905942, pn_left = 0.1680752987, f = 0.02442289188
ecurr = -0.17875, pn_right = 0.1812389955, pn_left = 0.1741164386, f = 0.02004347274
ecurr = -0.18, pn_right = 0.1860977846, pn_left = 0.180354812, f = 0.01567180215
ecurr = -0.18125, pn_right = 0.1910691867, pn_left = 0.1867963573, f = 0.0113078037
ecurr = -0.1825, pn_right = 0.1961554666, pn_left = 0.1934471819, f = 0.006951402375
ecurr = -0.18375, pn_right = 0.2013589285, pn_left = 0.200313566, f = 0.002602524489
ecurr = -0.185, pn_right = 0.206681917, pn_left = 0.2074019685, f = -0.001738902334
ecurr = -0.18625, pn_right = 0.2121268178, pn_left = 0.214719031, f = -0.006072949196
ecurr = -0.185625, pn_right = 0.2093889777, pn_left = 0.2110314948, f = -0.003906843865
ecurr = -0.185, pn_right = 0.206681917, pn_left = 0.2074019685, f = -0.001738902334
ecurr = -0.184375, pn_right = 0.2040053338, pn_left = 0.2038296042, f = 0.0004308841684
ecurr = -0.18375, pn_right = 0.2013589285, pn_left = 0.200313566, f = 0.002602524489
ecurr = -0.1840625, pn_right = 0.2026783775, pn_left = 0.2020645961, f = 0.001516472045
ecurr = -0.184375, pn_right = 0.2040053338, pn_left = 0.2038296042, f = 0.0004308841684
ecurr = -0.1846875, pn_right = 0.2053398345, pn_left = 0.2056086936, f = -0.0006542402552
ecurr = -0.18453125, pn_right = 0.2046716388, pn_left = 0.2047173822, f = -0.0001117359057
ecurr = -0.184375, pn_right = 0.2040053338, pn_left = 0.2038296042, f = 0.0004308841684
ecurr = -0.184453125, pn_right = 0.2043382502, pn_left = 0.2042730524, f = 0.0001595596571
ecurr = -0.18453125, pn_right = 0.2046716388, pn_left = 0.2047173822, f = -0.0001117359057
ecurr = -0.184609375, pn_right = 0.2050055, pn_left = 0.2051625954, f = -0.0003830025374
ecurr = -0.1845703125, pn_right = 0.2048385103, pn_left = 0.2049398783, f = -0.0002473728368
ecurr = -0.18453125, pn_right = 0.2046716388, pn_left = 0.2047173822, f = -0.0001117359057
ecurr = -0.1844921875, pn_right = 0.2045048855, pn_left = 0.204495107, f = 2.390825824e-05
ecurr = -0.184453125, pn_right = 0.2043382502, pn_left = 0.2042730524, f = 0.0001595596571
ecurr = -0.1844726563, pn_right = 0.2044215531, pn_left = 0.2043840521, f = 9.173305317e-05
ecurr = -0.1844921875, pn_right = 0.2045048855, pn_left = 0.204495107, f = 2.390825824e-05
ecurr = -0.1845117188, pn_right = 0.2045882474, pn_left = 0.204606217, f = -4.391472796e-05
ecurr = -0.1845019531, pn_right = 0.2045465627, pn_left = 0.2045506551, f = -1.000346094e-05
ecurr = -0.1844921875, pn_right = 0.2045048855, pn_left = 0.204495107, f = 2.390825824e-05
ecurr = -0.1844970703, pn_right = 0.2045257232, pn_left = 0.2045228793, f = 6.952342124e-06
ecurr = -0.1845019531, pn_right = 0.2045465627, pn_left = 0.2045506551, f = -1.000346094e-05
ecurr = -0.1844995117, pn_right = 0.2045361427, pn_left = 0.2045367668, f = -1.525573539e-06
ecurr = -0.1844970703, pn_right = 0.2045257232, pn_left = 0.2045228793, f = 6.952342124e-06
ecurr = -0.184498291, pn_right = 0.2045309329, pn_left = 0.2045298229, f = 2.713380767e-06
ecurr = -0.1844995117, pn_right = 0.2045361427, pn_left = 0.2045367668, f = -1.525573539e-06
ecurr = -0.1845007324, pn_right = 0.2045413527, pn_left = 0.2045437108, f = -5.764520769e-06
ecurr = -0.1845001221, pn_right = 0.2045387477, pn_left = 0.2045402388, f = -3.645048034e-06
ecurr = -0.1844995117, pn_right = 0.2045361427, pn_left = 0.2045367668, f = -1.525573534e-06
ecurr = -0.1844989014, pn_right = 0.2045335378, pn_left = 0.2045332948, f = 5.939027311e-07
it = 192, e = -0.184498901, de = 6.10351563e-07, f = -1.52557353e-06
Normalizing...
norm = 0.0234417183
<T> = 7.32215029
